{"/Users/patriciozepeda/Dropbox/Cursos/Fullstack/proyecto_final_cafeteria/frontend/src/components/Cart.jsx": {"path":"/Users/patriciozepeda/Dropbox/Cursos/Fullstack/proyecto_final_cafeteria/frontend/src/components/Cart.jsx","statementMap":{"0":{"start":{"line":5,"column":13},"end":{"line":102,"column":1}},"1":{"start":{"line":6,"column":76},"end":{"line":6,"column":85}},"2":{"start":{"line":8,"column":2},"end":{"line":21,"column":3}},"3":{"start":{"line":9,"column":4},"end":{"line":20,"column":6}},"4":{"start":{"line":23,"column":2},"end":{"line":101,"column":4}},"5":{"start":{"line":37,"column":10},"end":{"line":81,"column":16}},"6":{"start":{"line":56,"column":33},"end":{"line":56,"column":75}},"7":{"start":{"line":63,"column":33},"end":{"line":63,"column":75}},"8":{"start":{"line":75,"column":31},"end":{"line":75,"column":54}}},"fnMap":{"0":{"name":"(anonymous_0)","decl":{"start":{"line":5,"column":13},"end":{"line":5,"column":14}},"loc":{"start":{"line":5,"column":19},"end":{"line":102,"column":1}},"line":5},"1":{"name":"(anonymous_1)","decl":{"start":{"line":36,"column":19},"end":{"line":36,"column":20}},"loc":{"start":{"line":37,"column":10},"end":{"line":81,"column":16}},"line":37},"2":{"name":"(anonymous_2)","decl":{"start":{"line":56,"column":27},"end":{"line":56,"column":28}},"loc":{"start":{"line":56,"column":33},"end":{"line":56,"column":75}},"line":56},"3":{"name":"(anonymous_3)","decl":{"start":{"line":63,"column":27},"end":{"line":63,"column":28}},"loc":{"start":{"line":63,"column":33},"end":{"line":63,"column":75}},"line":63},"4":{"name":"(anonymous_4)","decl":{"start":{"line":75,"column":25},"end":{"line":75,"column":26}},"loc":{"start":{"line":75,"column":31},"end":{"line":75,"column":54}},"line":75}},"branchMap":{"0":{"loc":{"start":{"line":8,"column":2},"end":{"line":21,"column":3}},"type":"if","locations":[{"start":{"line":8,"column":2},"end":{"line":21,"column":3}},{"start":{},"end":{}}],"line":8}},"s":{"0":1,"1":25,"2":25,"3":3,"4":22,"5":43,"6":4,"7":11,"8":1},"f":{"0":25,"1":43,"2":4,"3":11,"4":1},"b":{"0":[3,22]},"_coverageSchema":"1a1c01bbd47fc00a2c39e90264f33305004495a9","hash":"5486495d00e9038b38163c16fc8bd40e82dbc7a7"}
,"/Users/patriciozepeda/Dropbox/Cursos/Fullstack/proyecto_final_cafeteria/frontend/src/components/Checkout.jsx": {"path":"/Users/patriciozepeda/Dropbox/Cursos/Fullstack/proyecto_final_cafeteria/frontend/src/components/Checkout.jsx","statementMap":{"0":{"start":{"line":6,"column":17},"end":{"line":115,"column":1}},"1":{"start":{"line":7,"column":19},"end":{"line":7,"column":32}},"2":{"start":{"line":8,"column":19},"end":{"line":8,"column":32}},"3":{"start":{"line":9,"column":15},"end":{"line":9,"column":38}},"4":{"start":{"line":10,"column":34},"end":{"line":15,"column":4}},"5":{"start":{"line":17,"column":28},"end":{"line":23,"column":3}},"6":{"start":{"line":18,"column":28},"end":{"line":18,"column":36}},"7":{"start":{"line":19,"column":4},"end":{"line":22,"column":8}},"8":{"start":{"line":19,"column":30},"end":{"line":22,"column":5}},"9":{"start":{"line":25,"column":23},"end":{"line":30,"column":3}},"10":{"start":{"line":26,"column":4},"end":{"line":26,"column":23}},"11":{"start":{"line":28,"column":4},"end":{"line":28,"column":26}},"12":{"start":{"line":29,"column":4},"end":{"line":29,"column":30}},"13":{"start":{"line":32,"column":16},"end":{"line":32,"column":87}},"14":{"start":{"line":32,"column":49},"end":{"line":32,"column":83}},"15":{"start":{"line":34,"column":2},"end":{"line":114,"column":4}},"16":{"start":{"line":41,"column":10},"end":{"line":44,"column":16}}},"fnMap":{"0":{"name":"(anonymous_0)","decl":{"start":{"line":6,"column":17},"end":{"line":6,"column":18}},"loc":{"start":{"line":6,"column":23},"end":{"line":115,"column":1}},"line":6},"1":{"name":"(anonymous_1)","decl":{"start":{"line":17,"column":28},"end":{"line":17,"column":29}},"loc":{"start":{"line":17,"column":35},"end":{"line":23,"column":3}},"line":17},"2":{"name":"(anonymous_2)","decl":{"start":{"line":19,"column":16},"end":{"line":19,"column":17}},"loc":{"start":{"line":19,"column":30},"end":{"line":22,"column":5}},"line":19},"3":{"name":"(anonymous_3)","decl":{"start":{"line":25,"column":23},"end":{"line":25,"column":24}},"loc":{"start":{"line":25,"column":30},"end":{"line":30,"column":3}},"line":25},"4":{"name":"(anonymous_4)","decl":{"start":{"line":32,"column":34},"end":{"line":32,"column":35}},"loc":{"start":{"line":32,"column":49},"end":{"line":32,"column":83}},"line":32},"5":{"name":"(anonymous_5)","decl":{"start":{"line":40,"column":24},"end":{"line":40,"column":25}},"loc":{"start":{"line":41,"column":10},"end":{"line":44,"column":16}},"line":41}},"branchMap":{},"s":{"0":0,"1":0,"2":0,"3":0,"4":0,"5":0,"6":0,"7":0,"8":0,"9":0,"10":0,"11":0,"12":0,"13":0,"14":0,"15":0,"16":0},"f":{"0":0,"1":0,"2":0,"3":0,"4":0,"5":0},"b":{}}
,"/Users/patriciozepeda/Dropbox/Cursos/Fullstack/proyecto_final_cafeteria/frontend/src/components/Footer.jsx": {"path":"/Users/patriciozepeda/Dropbox/Cursos/Fullstack/proyecto_final_cafeteria/frontend/src/components/Footer.jsx","statementMap":{"0":{"start":{"line":4,"column":15},"end":{"line":57,"column":1}},"1":{"start":{"line":5,"column":2},"end":{"line":56,"column":4}}},"fnMap":{"0":{"name":"(anonymous_0)","decl":{"start":{"line":4,"column":15},"end":{"line":4,"column":16}},"loc":{"start":{"line":4,"column":21},"end":{"line":57,"column":1}},"line":4}},"branchMap":{},"s":{"0":0,"1":0},"f":{"0":0},"b":{}}
,"/Users/patriciozepeda/Dropbox/Cursos/Fullstack/proyecto_final_cafeteria/frontend/src/components/Login.jsx": {"path":"/Users/patriciozepeda/Dropbox/Cursos/Fullstack/proyecto_final_cafeteria/frontend/src/components/Login.jsx","statementMap":{"0":{"start":{"line":7,"column":14},"end":{"line":129,"column":1}},"1":{"start":{"line":8,"column":19},"end":{"line":8,"column":32}},"2":{"start":{"line":9,"column":19},"end":{"line":9,"column":32}},"3":{"start":{"line":10,"column":34},"end":{"line":13,"column":4}},"4":{"start":{"line":14,"column":30},"end":{"line":14,"column":42}},"5":{"start":{"line":15,"column":38},"end":{"line":15,"column":50}},"6":{"start":{"line":17,"column":23},"end":{"line":30,"column":3}},"7":{"start":{"line":18,"column":28},"end":{"line":18,"column":36}},"8":{"start":{"line":19,"column":4},"end":{"line":22,"column":8}},"9":{"start":{"line":19,"column":30},"end":{"line":22,"column":5}},"10":{"start":{"line":24,"column":4},"end":{"line":29,"column":5}},"11":{"start":{"line":25,"column":6},"end":{"line":28,"column":10}},"12":{"start":{"line":25,"column":31},"end":{"line":28,"column":7}},"13":{"start":{"line":32,"column":23},"end":{"line":42,"column":3}},"14":{"start":{"line":33,"column":22},"end":{"line":33,"column":24}},"15":{"start":{"line":34,"column":4},"end":{"line":36,"column":5}},"16":{"start":{"line":35,"column":6},"end":{"line":35,"column":48}},"17":{"start":{"line":37,"column":4},"end":{"line":39,"column":5}},"18":{"start":{"line":38,"column":6},"end":{"line":38,"column":56}},"19":{"start":{"line":40,"column":4},"end":{"line":40,"column":25}},"20":{"start":{"line":41,"column":4},"end":{"line":41,"column":47}},"21":{"start":{"line":44,"column":23},"end":{"line":55,"column":3}},"22":{"start":{"line":45,"column":4},"end":{"line":45,"column":23}},"23":{"start":{"line":46,"column":4},"end":{"line":46,"column":32}},"24":{"start":{"line":46,"column":25},"end":{"line":46,"column":32}},"25":{"start":{"line":48,"column":4},"end":{"line":54,"column":5}},"26":{"start":{"line":49,"column":23},"end":{"line":49,"column":69}},"27":{"start":{"line":50,"column":6},"end":{"line":50,"column":41}},"28":{"start":{"line":51,"column":6},"end":{"line":51,"column":20}},"29":{"start":{"line":53,"column":6},"end":{"line":53,"column":46}},"30":{"start":{"line":57,"column":2},"end":{"line":128,"column":4}}},"fnMap":{"0":{"name":"(anonymous_0)","decl":{"start":{"line":7,"column":14},"end":{"line":7,"column":15}},"loc":{"start":{"line":7,"column":20},"end":{"line":129,"column":1}},"line":7},"1":{"name":"(anonymous_1)","decl":{"start":{"line":17,"column":23},"end":{"line":17,"column":24}},"loc":{"start":{"line":17,"column":30},"end":{"line":30,"column":3}},"line":17},"2":{"name":"(anonymous_2)","decl":{"start":{"line":19,"column":16},"end":{"line":19,"column":17}},"loc":{"start":{"line":19,"column":30},"end":{"line":22,"column":5}},"line":19},"3":{"name":"(anonymous_3)","decl":{"start":{"line":25,"column":16},"end":{"line":25,"column":17}},"loc":{"start":{"line":25,"column":31},"end":{"line":28,"column":7}},"line":25},"4":{"name":"(anonymous_4)","decl":{"start":{"line":32,"column":23},"end":{"line":32,"column":24}},"loc":{"start":{"line":32,"column":29},"end":{"line":42,"column":3}},"line":32},"5":{"name":"(anonymous_5)","decl":{"start":{"line":44,"column":23},"end":{"line":44,"column":24}},"loc":{"start":{"line":44,"column":36},"end":{"line":55,"column":3}},"line":44}},"branchMap":{"0":{"loc":{"start":{"line":24,"column":4},"end":{"line":29,"column":5}},"type":"if","locations":[{"start":{"line":24,"column":4},"end":{"line":29,"column":5}},{"start":{},"end":{}}],"line":24},"1":{"loc":{"start":{"line":34,"column":4},"end":{"line":36,"column":5}},"type":"if","locations":[{"start":{"line":34,"column":4},"end":{"line":36,"column":5}},{"start":{},"end":{}}],"line":34},"2":{"loc":{"start":{"line":37,"column":4},"end":{"line":39,"column":5}},"type":"if","locations":[{"start":{"line":37,"column":4},"end":{"line":39,"column":5}},{"start":{},"end":{}}],"line":37},"3":{"loc":{"start":{"line":46,"column":4},"end":{"line":46,"column":32}},"type":"if","locations":[{"start":{"line":46,"column":4},"end":{"line":46,"column":32}},{"start":{},"end":{}}],"line":46},"4":{"loc":{"start":{"line":77,"column":18},"end":{"line":77,"column":69}},"type":"cond-expr","locations":[{"start":{"line":77,"column":33},"end":{"line":77,"column":49}},{"start":{"line":77,"column":52},"end":{"line":77,"column":69}}],"line":77},"5":{"loc":{"start":{"line":81,"column":15},"end":{"line":83,"column":15}},"type":"binary-expr","locations":[{"start":{"line":81,"column":15},"end":{"line":81,"column":27}},{"start":{"line":82,"column":16},"end":{"line":82,"column":75}}],"line":81},"6":{"loc":{"start":{"line":95,"column":18},"end":{"line":95,"column":72}},"type":"cond-expr","locations":[{"start":{"line":95,"column":36},"end":{"line":95,"column":52}},{"start":{"line":95,"column":55},"end":{"line":95,"column":72}}],"line":95},"7":{"loc":{"start":{"line":99,"column":15},"end":{"line":101,"column":15}},"type":"binary-expr","locations":[{"start":{"line":99,"column":15},"end":{"line":99,"column":30}},{"start":{"line":100,"column":16},"end":{"line":100,"column":78}}],"line":99},"8":{"loc":{"start":{"line":105,"column":11},"end":{"line":115,"column":11}},"type":"binary-expr","locations":[{"start":{"line":105,"column":11},"end":{"line":105,"column":21}},{"start":{"line":106,"column":12},"end":{"line":114,"column":18}}],"line":105}},"s":{"0":0,"1":0,"2":0,"3":0,"4":0,"5":0,"6":0,"7":0,"8":0,"9":0,"10":0,"11":0,"12":0,"13":0,"14":0,"15":0,"16":0,"17":0,"18":0,"19":0,"20":0,"21":0,"22":0,"23":0,"24":0,"25":0,"26":0,"27":0,"28":0,"29":0,"30":0},"f":{"0":0,"1":0,"2":0,"3":0,"4":0,"5":0},"b":{"0":[0,0],"1":[0,0],"2":[0,0],"3":[0,0],"4":[0,0],"5":[0,0],"6":[0,0],"7":[0,0],"8":[0,0]}}
,"/Users/patriciozepeda/Dropbox/Cursos/Fullstack/proyecto_final_cafeteria/frontend/src/components/OptimizedProductCard.jsx": {"path":"/Users/patriciozepeda/Dropbox/Cursos/Fullstack/proyecto_final_cafeteria/frontend/src/components/OptimizedProductCard.jsx","statementMap":{"0":{"start":{"line":12,"column":29},"end":{"line":316,"column":2}},"1":{"start":{"line":23,"column":22},"end":{"line":35,"column":16}},"2":{"start":{"line":23,"column":37},"end":{"line":35,"column":3}},"3":{"start":{"line":38,"column":31},"end":{"line":42,"column":4}},"4":{"start":{"line":45,"column":40},"end":{"line":52,"column":3}},"5":{"start":{"line":55,"column":28},"end":{"line":64,"column":25}},"6":{"start":{"line":56,"column":4},"end":{"line":56,"column":40}},"7":{"start":{"line":56,"column":28},"end":{"line":56,"column":40}},"8":{"start":{"line":58,"column":4},"end":{"line":63,"column":7}},"9":{"start":{"line":67,"column":26},"end":{"line":70,"column":32}},"10":{"start":{"line":68,"column":4},"end":{"line":68,"column":24}},"11":{"start":{"line":69,"column":4},"end":{"line":69,"column":31}},"12":{"start":{"line":72,"column":28},"end":{"line":74,"column":34}},"13":{"start":{"line":73,"column":4},"end":{"line":73,"column":33}},"14":{"start":{"line":76,"column":31},"end":{"line":79,"column":54}},"15":{"start":{"line":77,"column":4},"end":{"line":77,"column":24}},"16":{"start":{"line":78,"column":4},"end":{"line":78,"column":54}},"17":{"start":{"line":82,"column":20},"end":{"line":99,"column":74}},"18":{"start":{"line":83,"column":25},"end":{"line":83,"column":42}},"19":{"start":{"line":84,"column":26},"end":{"line":84,"column":51}},"20":{"start":{"line":85,"column":21},"end":{"line":85,"column":41}},"21":{"start":{"line":87,"column":24},"end":{"line":87,"column":87}},"22":{"start":{"line":88,"column":31},"end":{"line":90,"column":9}},"23":{"start":{"line":92,"column":4},"end":{"line":98,"column":6}},"24":{"start":{"line":102,"column":22},"end":{"line":115,"column":28}},"25":{"start":{"line":103,"column":24},"end":{"line":108,"column":5}},"26":{"start":{"line":110,"column":30},"end":{"line":112,"column":33}},"27":{"start":{"line":114,"column":4},"end":{"line":114,"column":69}},"28":{"start":{"line":118,"column":2},"end":{"line":126,"column":3}},"29":{"start":{"line":119,"column":4},"end":{"line":125,"column":6}},"30":{"start":{"line":128,"column":2},"end":{"line":315,"column":4}},"31":{"start":{"line":136,"column":8},"end":{"line":139,"column":9}},"32":{"start":{"line":137,"column":10},"end":{"line":137,"column":29}},"33":{"start":{"line":138,"column":10},"end":{"line":138,"column":30}},"34":{"start":{"line":250,"column":16},"end":{"line":256,"column":22}},"35":{"start":{"line":318,"column":0},"end":{"line":318,"column":58}}},"fnMap":{"0":{"name":"(anonymous_0)","decl":{"start":{"line":12,"column":34},"end":{"line":12,"column":35}},"loc":{"start":{"line":21,"column":6},"end":{"line":316,"column":1}},"line":21},"1":{"name":"(anonymous_1)","decl":{"start":{"line":23,"column":30},"end":{"line":23,"column":31}},"loc":{"start":{"line":23,"column":37},"end":{"line":35,"column":3}},"line":23},"2":{"name":"(anonymous_2)","decl":{"start":{"line":55,"column":36},"end":{"line":55,"column":37}},"loc":{"start":{"line":55,"column":48},"end":{"line":64,"column":3}},"line":55},"3":{"name":"(anonymous_3)","decl":{"start":{"line":67,"column":38},"end":{"line":67,"column":39}},"loc":{"start":{"line":67,"column":45},"end":{"line":70,"column":3}},"line":67},"4":{"name":"(anonymous_4)","decl":{"start":{"line":72,"column":40},"end":{"line":72,"column":41}},"loc":{"start":{"line":72,"column":46},"end":{"line":74,"column":3}},"line":72},"5":{"name":"(anonymous_5)","decl":{"start":{"line":76,"column":43},"end":{"line":76,"column":44}},"loc":{"start":{"line":76,"column":50},"end":{"line":79,"column":3}},"line":76},"6":{"name":"(anonymous_6)","decl":{"start":{"line":82,"column":28},"end":{"line":82,"column":29}},"loc":{"start":{"line":82,"column":34},"end":{"line":99,"column":3}},"line":82},"7":{"name":"(anonymous_7)","decl":{"start":{"line":102,"column":30},"end":{"line":102,"column":31}},"loc":{"start":{"line":102,"column":36},"end":{"line":115,"column":3}},"line":102},"8":{"name":"(anonymous_8)","decl":{"start":{"line":135,"column":17},"end":{"line":135,"column":18}},"loc":{"start":{"line":135,"column":24},"end":{"line":140,"column":7}},"line":135},"9":{"name":"(anonymous_9)","decl":{"start":{"line":249,"column":33},"end":{"line":249,"column":34}},"loc":{"start":{"line":250,"column":16},"end":{"line":256,"column":22}},"line":250}},"branchMap":{"0":{"loc":{"start":{"line":16,"column":2},"end":{"line":16,"column":22}},"type":"default-arg","locations":[{"start":{"line":16,"column":17},"end":{"line":16,"column":22}}],"line":16},"1":{"loc":{"start":{"line":18,"column":2},"end":{"line":18,"column":25}},"type":"default-arg","locations":[{"start":{"line":18,"column":21},"end":{"line":18,"column":25}}],"line":18},"2":{"loc":{"start":{"line":19,"column":2},"end":{"line":19,"column":18}},"type":"default-arg","locations":[{"start":{"line":19,"column":13},"end":{"line":19,"column":18}}],"line":19},"3":{"loc":{"start":{"line":20,"column":2},"end":{"line":20,"column":16}},"type":"default-arg","locations":[{"start":{"line":20,"column":14},"end":{"line":20,"column":16}}],"line":20},"4":{"loc":{"start":{"line":25,"column":10},"end":{"line":25,"column":40}},"type":"binary-expr","locations":[{"start":{"line":25,"column":10},"end":{"line":25,"column":24}},{"start":{"line":25,"column":28},"end":{"line":25,"column":40}}],"line":25},"5":{"loc":{"start":{"line":26,"column":11},"end":{"line":26,"column":42}},"type":"binary-expr","locations":[{"start":{"line":26,"column":11},"end":{"line":26,"column":25}},{"start":{"line":26,"column":29},"end":{"line":26,"column":42}}],"line":26},"6":{"loc":{"start":{"line":27,"column":19},"end":{"line":27,"column":67}},"type":"binary-expr","locations":[{"start":{"line":27,"column":19},"end":{"line":27,"column":42}},{"start":{"line":27,"column":46},"end":{"line":27,"column":67}}],"line":27},"7":{"loc":{"start":{"line":28,"column":17},"end":{"line":28,"column":59}},"type":"binary-expr","locations":[{"start":{"line":28,"column":17},"end":{"line":28,"column":36}},{"start":{"line":28,"column":40},"end":{"line":28,"column":59}}],"line":28},"8":{"loc":{"start":{"line":29,"column":11},"end":{"line":29,"column":42}},"type":"binary-expr","locations":[{"start":{"line":29,"column":11},"end":{"line":29,"column":25}},{"start":{"line":29,"column":29},"end":{"line":29,"column":42}}],"line":29},"9":{"loc":{"start":{"line":30,"column":14},"end":{"line":30,"column":51}},"type":"binary-expr","locations":[{"start":{"line":30,"column":14},"end":{"line":30,"column":31}},{"start":{"line":30,"column":35},"end":{"line":30,"column":51}}],"line":30},"10":{"loc":{"start":{"line":31,"column":11},"end":{"line":31,"column":29}},"type":"binary-expr","locations":[{"start":{"line":31,"column":11},"end":{"line":31,"column":24}},{"start":{"line":31,"column":28},"end":{"line":31,"column":29}}],"line":31},"11":{"loc":{"start":{"line":32,"column":12},"end":{"line":32,"column":31}},"type":"binary-expr","locations":[{"start":{"line":32,"column":12},"end":{"line":32,"column":26}},{"start":{"line":32,"column":30},"end":{"line":32,"column":31}}],"line":32},"12":{"loc":{"start":{"line":33,"column":13},"end":{"line":33,"column":33}},"type":"binary-expr","locations":[{"start":{"line":33,"column":13},"end":{"line":33,"column":28}},{"start":{"line":33,"column":32},"end":{"line":33,"column":33}}],"line":33},"13":{"loc":{"start":{"line":34,"column":14},"end":{"line":34,"column":56}},"type":"binary-expr","locations":[{"start":{"line":34,"column":14},"end":{"line":34,"column":31}},{"start":{"line":34,"column":35},"end":{"line":34,"column":51}},{"start":{"line":34,"column":55},"end":{"line":34,"column":56}}],"line":34},"14":{"loc":{"start":{"line":56,"column":4},"end":{"line":56,"column":40}},"type":"if","locations":[{"start":{"line":56,"column":4},"end":{"line":56,"column":40}},{"start":{},"end":{}}],"line":56},"15":{"loc":{"start":{"line":87,"column":24},"end":{"line":87,"column":87}},"type":"binary-expr","locations":[{"start":{"line":87,"column":24},"end":{"line":87,"column":36}},{"start":{"line":87,"column":41},"end":{"line":87,"column":54}},{"start":{"line":87,"column":58},"end":{"line":87,"column":86}}],"line":87},"16":{"loc":{"start":{"line":88,"column":31},"end":{"line":90,"column":9}},"type":"cond-expr","locations":[{"start":{"line":89,"column":8},"end":{"line":89,"column":74}},{"start":{"line":90,"column":8},"end":{"line":90,"column":9}}],"line":88},"17":{"loc":{"start":{"line":97,"column":15},"end":{"line":97,"column":63}},"type":"cond-expr","locations":[{"start":{"line":97,"column":30},"end":{"line":97,"column":58}},{"start":{"line":97,"column":62},"end":{"line":97,"column":63}}],"line":97},"18":{"loc":{"start":{"line":110,"column":30},"end":{"line":112,"column":33}},"type":"cond-expr","locations":[{"start":{"line":111,"column":8},"end":{"line":111,"column":35}},{"start":{"line":112,"column":8},"end":{"line":112,"column":33}}],"line":110},"19":{"loc":{"start":{"line":118,"column":2},"end":{"line":126,"column":3}},"type":"if","locations":[{"start":{"line":118,"column":2},"end":{"line":126,"column":3}},{"start":{},"end":{}}],"line":118},"20":{"loc":{"start":{"line":118,"column":6},"end":{"line":118,"column":29}},"type":"binary-expr","locations":[{"start":{"line":118,"column":6},"end":{"line":118,"column":16}},{"start":{"line":118,"column":20},"end":{"line":118,"column":29}}],"line":118},"21":{"loc":{"start":{"line":136,"column":8},"end":{"line":139,"column":9}},"type":"if","locations":[{"start":{"line":136,"column":8},"end":{"line":139,"column":9}},{"start":{},"end":{}}],"line":136},"22":{"loc":{"start":{"line":136,"column":12},"end":{"line":136,"column":46}},"type":"binary-expr","locations":[{"start":{"line":136,"column":12},"end":{"line":136,"column":29}},{"start":{"line":136,"column":33},"end":{"line":136,"column":46}}],"line":136},"23":{"loc":{"start":{"line":144,"column":7},"end":{"line":150,"column":7}},"type":"binary-expr","locations":[{"start":{"line":144,"column":7},"end":{"line":144,"column":28}},{"start":{"line":145,"column":8},"end":{"line":149,"column":14}}],"line":144},"24":{"loc":{"start":{"line":153,"column":7},"end":{"line":170,"column":7}},"type":"binary-expr","locations":[{"start":{"line":153,"column":7},"end":{"line":153,"column":23}},{"start":{"line":154,"column":8},"end":{"line":169,"column":17}}],"line":153},"25":{"loc":{"start":{"line":159,"column":14},"end":{"line":161,"column":75}},"type":"cond-expr","locations":[{"start":{"line":160,"column":16},"end":{"line":160,"column":58}},{"start":{"line":161,"column":16},"end":{"line":161,"column":75}}],"line":159},"26":{"loc":{"start":{"line":164,"column":22},"end":{"line":164,"column":82}},"type":"cond-expr","locations":[{"start":{"line":164,"column":37},"end":{"line":164,"column":58}},{"start":{"line":164,"column":61},"end":{"line":164,"column":82}}],"line":164},"27":{"loc":{"start":{"line":174,"column":9},"end":{"line":191,"column":9}},"type":"cond-expr","locations":[{"start":{"line":175,"column":10},"end":{"line":179,"column":16}},{"start":{"line":181,"column":10},"end":{"line":190,"column":12}}],"line":174},"28":{"loc":{"start":{"line":186,"column":16},"end":{"line":186,"column":67}},"type":"cond-expr","locations":[{"start":{"line":186,"column":27},"end":{"line":186,"column":45}},{"start":{"line":186,"column":48},"end":{"line":186,"column":67}}],"line":186},"29":{"loc":{"start":{"line":188,"column":21},"end":{"line":188,"column":48}},"type":"cond-expr","locations":[{"start":{"line":188,"column":32},"end":{"line":188,"column":39}},{"start":{"line":188,"column":42},"end":{"line":188,"column":48}}],"line":188},"30":{"loc":{"start":{"line":189,"column":22},"end":{"line":189,"column":49}},"type":"cond-expr","locations":[{"start":{"line":189,"column":33},"end":{"line":189,"column":39}},{"start":{"line":189,"column":42},"end":{"line":189,"column":49}}],"line":189},"31":{"loc":{"start":{"line":194,"column":9},"end":{"line":221,"column":9}},"type":"binary-expr","locations":[{"start":{"line":194,"column":9},"end":{"line":194,"column":25}},{"start":{"line":195,"column":10},"end":{"line":220,"column":16}}],"line":194},"32":{"loc":{"start":{"line":208,"column":15},"end":{"line":218,"column":15}},"type":"binary-expr","locations":[{"start":{"line":208,"column":15},"end":{"line":208,"column":36}},{"start":{"line":209,"column":16},"end":{"line":217,"column":25}}],"line":208},"33":{"loc":{"start":{"line":227,"column":9},"end":{"line":231,"column":9}},"type":"binary-expr","locations":[{"start":{"line":227,"column":9},"end":{"line":227,"column":29}},{"start":{"line":228,"column":10},"end":{"line":230,"column":17}}],"line":227},"34":{"loc":{"start":{"line":239,"column":9},"end":{"line":243,"column":9}},"type":"binary-expr","locations":[{"start":{"line":239,"column":9},"end":{"line":239,"column":32}},{"start":{"line":240,"column":10},"end":{"line":242,"column":14}}],"line":239},"35":{"loc":{"start":{"line":246,"column":9},"end":{"line":261,"column":9}},"type":"binary-expr","locations":[{"start":{"line":246,"column":9},"end":{"line":246,"column":31}},{"start":{"line":247,"column":10},"end":{"line":260,"column":16}}],"line":246},"36":{"loc":{"start":{"line":252,"column":40},"end":{"line":252,"column":109}},"type":"cond-expr","locations":[{"start":{"line":252,"column":77},"end":{"line":252,"column":91}},{"start":{"line":252,"column":94},"end":{"line":252,"column":109}}],"line":252},"37":{"loc":{"start":{"line":270,"column":15},"end":{"line":274,"column":15}},"type":"binary-expr","locations":[{"start":{"line":270,"column":15},"end":{"line":270,"column":36}},{"start":{"line":271,"column":16},"end":{"line":273,"column":23}}],"line":270},"38":{"loc":{"start":{"line":276,"column":13},"end":{"line":280,"column":13}},"type":"binary-expr","locations":[{"start":{"line":276,"column":13},"end":{"line":276,"column":34}},{"start":{"line":277,"column":14},"end":{"line":279,"column":21}}],"line":276},"39":{"loc":{"start":{"line":285,"column":13},"end":{"line":293,"column":13}},"type":"cond-expr","locations":[{"start":{"line":286,"column":14},"end":{"line":286,"column":79}},{"start":{"line":287,"column":16},"end":{"line":293,"column":13}}],"line":285},"40":{"loc":{"start":{"line":287,"column":16},"end":{"line":293,"column":13}},"type":"cond-expr","locations":[{"start":{"line":288,"column":14},"end":{"line":290,"column":21}},{"start":{"line":292,"column":14},"end":{"line":292,"column":72}}],"line":287},"41":{"loc":{"start":{"line":298,"column":9},"end":{"line":312,"column":9}},"type":"binary-expr","locations":[{"start":{"line":298,"column":9},"end":{"line":298,"column":25}},{"start":{"line":299,"column":10},"end":{"line":311,"column":19}}],"line":298},"42":{"loc":{"start":{"line":304,"column":16},"end":{"line":306,"column":64}},"type":"cond-expr","locations":[{"start":{"line":305,"column":18},"end":{"line":305,"column":141}},{"start":{"line":306,"column":18},"end":{"line":306,"column":64}}],"line":304},"43":{"loc":{"start":{"line":310,"column":13},"end":{"line":310,"column":69}},"type":"cond-expr","locations":[{"start":{"line":310,"column":37},"end":{"line":310,"column":57}},{"start":{"line":310,"column":60},"end":{"line":310,"column":69}}],"line":310}},"s":{"0":2,"1":13,"2":13,"3":13,"4":13,"5":13,"6":13,"7":0,"8":13,"9":13,"10":0,"11":0,"12":13,"13":0,"14":13,"15":0,"16":0,"17":13,"18":13,"19":13,"20":13,"21":13,"22":13,"23":13,"24":13,"25":13,"26":13,"27":13,"28":13,"29":13,"30":0,"31":0,"32":0,"33":0,"34":0,"35":2},"f":{"0":13,"1":13,"2":13,"3":0,"4":0,"5":0,"6":13,"7":13,"8":0,"9":0},"b":{"0":[13],"1":[13],"2":[13],"3":[13],"4":[13,13],"5":[13,13],"6":[13,13],"7":[13,13],"8":[13,13],"9":[13,13],"10":[13,1],"11":[13,0],"12":[13,13],"13":[13,13,13],"14":[0,13],"15":[13,13,0],"16":[0,13],"17":[0,13],"18":[0,13],"19":[13,0],"20":[13,13],"21":[0,0],"22":[0,0],"23":[0,0],"24":[0,0],"25":[0,0],"26":[0,0],"27":[0,0],"28":[0,0],"29":[0,0],"30":[0,0],"31":[0,0],"32":[0,0],"33":[0,0],"34":[0,0],"35":[0,0],"36":[0,0],"37":[0,0],"38":[0,0],"39":[0,0],"40":[0,0],"41":[0,0],"42":[0,0],"43":[0,0]},"_coverageSchema":"1a1c01bbd47fc00a2c39e90264f33305004495a9","hash":"6878d847aa13c8d8bf4ae579c222efc3e626794a"}
,"/Users/patriciozepeda/Dropbox/Cursos/Fullstack/proyecto_final_cafeteria/frontend/src/components/ProductList.jsx": {"path":"/Users/patriciozepeda/Dropbox/Cursos/Fullstack/proyecto_final_cafeteria/frontend/src/components/ProductList.jsx","statementMap":{"0":{"start":{"line":7,"column":20},"end":{"line":55,"column":1}},"1":{"start":{"line":8,"column":34},"end":{"line":8,"column":46}},"2":{"start":{"line":9,"column":32},"end":{"line":9,"column":46}},"3":{"start":{"line":10,"column":28},"end":{"line":10,"column":42}},"4":{"start":{"line":11,"column":19},"end":{"line":11,"column":32}},"5":{"start":{"line":13,"column":2},"end":{"line":26,"column":9}},"6":{"start":{"line":14,"column":25},"end":{"line":23,"column":5}},"7":{"start":{"line":15,"column":6},"end":{"line":22,"column":7}},"8":{"start":{"line":16,"column":21},"end":{"line":16,"column":40}},"9":{"start":{"line":17,"column":8},"end":{"line":17,"column":26}},"10":{"start":{"line":18,"column":8},"end":{"line":18,"column":26}},"11":{"start":{"line":20,"column":8},"end":{"line":20,"column":50}},"12":{"start":{"line":21,"column":8},"end":{"line":21,"column":26}},"13":{"start":{"line":25,"column":4},"end":{"line":25,"column":19}},"14":{"start":{"line":28,"column":26},"end":{"line":30,"column":3}},"15":{"start":{"line":29,"column":4},"end":{"line":29,"column":51}},"16":{"start":{"line":32,"column":2},"end":{"line":34,"column":3}},"17":{"start":{"line":33,"column":4},"end":{"line":33,"column":44}},"18":{"start":{"line":36,"column":2},"end":{"line":38,"column":3}},"19":{"start":{"line":37,"column":4},"end":{"line":37,"column":55}},"20":{"start":{"line":40,"column":2},"end":{"line":42,"column":3}},"21":{"start":{"line":41,"column":4},"end":{"line":41,"column":51}},"22":{"start":{"line":44,"column":2},"end":{"line":54,"column":4}},"23":{"start":{"line":47,"column":8},"end":{"line":51,"column":10}},"24":{"start":{"line":50,"column":29},"end":{"line":50,"column":53}}},"fnMap":{"0":{"name":"(anonymous_0)","decl":{"start":{"line":7,"column":20},"end":{"line":7,"column":21}},"loc":{"start":{"line":7,"column":26},"end":{"line":55,"column":1}},"line":7},"1":{"name":"(anonymous_1)","decl":{"start":{"line":13,"column":12},"end":{"line":13,"column":13}},"loc":{"start":{"line":13,"column":18},"end":{"line":26,"column":3}},"line":13},"2":{"name":"(anonymous_2)","decl":{"start":{"line":14,"column":25},"end":{"line":14,"column":26}},"loc":{"start":{"line":14,"column":37},"end":{"line":23,"column":5}},"line":14},"3":{"name":"(anonymous_3)","decl":{"start":{"line":28,"column":26},"end":{"line":28,"column":27}},"loc":{"start":{"line":28,"column":39},"end":{"line":30,"column":3}},"line":28},"4":{"name":"(anonymous_4)","decl":{"start":{"line":46,"column":20},"end":{"line":46,"column":21}},"loc":{"start":{"line":47,"column":8},"end":{"line":51,"column":10}},"line":47},"5":{"name":"(anonymous_5)","decl":{"start":{"line":50,"column":23},"end":{"line":50,"column":24}},"loc":{"start":{"line":50,"column":29},"end":{"line":50,"column":53}},"line":50}},"branchMap":{"0":{"loc":{"start":{"line":32,"column":2},"end":{"line":34,"column":3}},"type":"if","locations":[{"start":{"line":32,"column":2},"end":{"line":34,"column":3}},{"start":{},"end":{}}],"line":32},"1":{"loc":{"start":{"line":36,"column":2},"end":{"line":38,"column":3}},"type":"if","locations":[{"start":{"line":36,"column":2},"end":{"line":38,"column":3}},{"start":{},"end":{}}],"line":36},"2":{"loc":{"start":{"line":40,"column":2},"end":{"line":42,"column":3}},"type":"if","locations":[{"start":{"line":40,"column":2},"end":{"line":42,"column":3}},{"start":{},"end":{}}],"line":40}},"s":{"0":1,"1":0,"2":0,"3":0,"4":0,"5":0,"6":0,"7":0,"8":0,"9":0,"10":0,"11":0,"12":0,"13":0,"14":0,"15":0,"16":0,"17":0,"18":0,"19":0,"20":0,"21":0,"22":0,"23":0,"24":0},"f":{"0":0,"1":0,"2":0,"3":0,"4":0,"5":0},"b":{"0":[0,0],"1":[0,0],"2":[0,0]},"_coverageSchema":"1a1c01bbd47fc00a2c39e90264f33305004495a9","hash":"05575d3ad99d4bbf2f94a3ec4477521c1f5826ee"}
,"/Users/patriciozepeda/Dropbox/Cursos/Fullstack/proyecto_final_cafeteria/frontend/src/components/auth/RoleBasedRoutes.jsx": {"path":"/Users/patriciozepeda/Dropbox/Cursos/Fullstack/proyecto_final_cafeteria/frontend/src/components/auth/RoleBasedRoutes.jsx","statementMap":{"0":{"start":{"line":6,"column":24},"end":{"line":33,"column":1}},"1":{"start":{"line":7,"column":44},"end":{"line":7,"column":78}},"2":{"start":{"line":7,"column":67},"end":{"line":7,"column":77}},"3":{"start":{"line":8,"column":19},"end":{"line":8,"column":32}},"4":{"start":{"line":11,"column":2},"end":{"line":13,"column":3}},"5":{"start":{"line":12,"column":4},"end":{"line":12,"column":34}},"6":{"start":{"line":16,"column":2},"end":{"line":18,"column":3}},"7":{"start":{"line":17,"column":4},"end":{"line":17,"column":84}},"8":{"start":{"line":21,"column":2},"end":{"line":23,"column":3}},"9":{"start":{"line":22,"column":4},"end":{"line":22,"column":22}},"10":{"start":{"line":26,"column":2},"end":{"line":30,"column":3}},"11":{"start":{"line":28,"column":25},"end":{"line":28,"column":81}},"12":{"start":{"line":29,"column":4},"end":{"line":29,"column":50}},"13":{"start":{"line":32,"column":2},"end":{"line":32,"column":20}}},"fnMap":{"0":{"name":"(anonymous_0)","decl":{"start":{"line":6,"column":24},"end":{"line":6,"column":25}},"loc":{"start":{"line":6,"column":46},"end":{"line":33,"column":1}},"line":6},"1":{"name":"(anonymous_1)","decl":{"start":{"line":7,"column":56},"end":{"line":7,"column":57}},"loc":{"start":{"line":7,"column":67},"end":{"line":7,"column":77}},"line":7}},"branchMap":{"0":{"loc":{"start":{"line":11,"column":2},"end":{"line":13,"column":3}},"type":"if","locations":[{"start":{"line":11,"column":2},"end":{"line":13,"column":3}},{"start":{},"end":{}}],"line":11},"1":{"loc":{"start":{"line":16,"column":2},"end":{"line":18,"column":3}},"type":"if","locations":[{"start":{"line":16,"column":2},"end":{"line":18,"column":3}},{"start":{},"end":{}}],"line":16},"2":{"loc":{"start":{"line":16,"column":6},"end":{"line":16,"column":31}},"type":"binary-expr","locations":[{"start":{"line":16,"column":6},"end":{"line":16,"column":22}},{"start":{"line":16,"column":26},"end":{"line":16,"column":31}}],"line":16},"3":{"loc":{"start":{"line":21,"column":2},"end":{"line":23,"column":3}},"type":"if","locations":[{"start":{"line":21,"column":2},"end":{"line":23,"column":3}},{"start":{},"end":{}}],"line":21},"4":{"loc":{"start":{"line":26,"column":2},"end":{"line":30,"column":3}},"type":"if","locations":[{"start":{"line":26,"column":2},"end":{"line":30,"column":3}},{"start":{},"end":{}}],"line":26},"5":{"loc":{"start":{"line":28,"column":25},"end":{"line":28,"column":81}},"type":"binary-expr","locations":[{"start":{"line":28,"column":25},"end":{"line":28,"column":58}},{"start":{"line":28,"column":62},"end":{"line":28,"column":81}}],"line":28}},"s":{"0":0,"1":0,"2":0,"3":0,"4":0,"5":0,"6":0,"7":0,"8":0,"9":0,"10":0,"11":0,"12":0,"13":0},"f":{"0":0,"1":0},"b":{"0":[0,0],"1":[0,0],"2":[0,0],"3":[0,0],"4":[0,0],"5":[0,0]}}
,"/Users/patriciozepeda/Dropbox/Cursos/Fullstack/proyecto_final_cafeteria/frontend/src/components/features/home/AboutSection.jsx": {"path":"/Users/patriciozepeda/Dropbox/Cursos/Fullstack/proyecto_final_cafeteria/frontend/src/components/features/home/AboutSection.jsx","statementMap":{"0":{"start":{"line":1,"column":21},"end":{"line":118,"column":1}},"1":{"start":{"line":2,"column":2},"end":{"line":117,"column":4}}},"fnMap":{"0":{"name":"(anonymous_0)","decl":{"start":{"line":1,"column":21},"end":{"line":1,"column":22}},"loc":{"start":{"line":1,"column":27},"end":{"line":118,"column":1}},"line":1}},"branchMap":{},"s":{"0":0,"1":0},"f":{"0":0},"b":{}}
,"/Users/patriciozepeda/Dropbox/Cursos/Fullstack/proyecto_final_cafeteria/frontend/src/components/features/home/ContactSection.jsx": {"path":"/Users/patriciozepeda/Dropbox/Cursos/Fullstack/proyecto_final_cafeteria/frontend/src/components/features/home/ContactSection.jsx","statementMap":{"0":{"start":{"line":3,"column":23},"end":{"line":228,"column":1}},"1":{"start":{"line":4,"column":34},"end":{"line":9,"column":4}},"2":{"start":{"line":11,"column":23},"end":{"line":16,"column":3}},"3":{"start":{"line":12,"column":4},"end":{"line":15,"column":7}},"4":{"start":{"line":18,"column":23},"end":{"line":30,"column":3}},"5":{"start":{"line":19,"column":4},"end":{"line":19,"column":23}},"6":{"start":{"line":21,"column":4},"end":{"line":21,"column":49}},"7":{"start":{"line":23,"column":4},"end":{"line":28,"column":7}},"8":{"start":{"line":29,"column":4},"end":{"line":29,"column":65}},"9":{"start":{"line":32,"column":2},"end":{"line":227,"column":4}}},"fnMap":{"0":{"name":"(anonymous_0)","decl":{"start":{"line":3,"column":23},"end":{"line":3,"column":24}},"loc":{"start":{"line":3,"column":29},"end":{"line":228,"column":1}},"line":3},"1":{"name":"(anonymous_1)","decl":{"start":{"line":11,"column":23},"end":{"line":11,"column":24}},"loc":{"start":{"line":11,"column":30},"end":{"line":16,"column":3}},"line":11},"2":{"name":"(anonymous_2)","decl":{"start":{"line":18,"column":23},"end":{"line":18,"column":24}},"loc":{"start":{"line":18,"column":30},"end":{"line":30,"column":3}},"line":18}},"branchMap":{},"s":{"0":0,"1":0,"2":0,"3":0,"4":0,"5":0,"6":0,"7":0,"8":0,"9":0},"f":{"0":0,"1":0,"2":0},"b":{}}
,"/Users/patriciozepeda/Dropbox/Cursos/Fullstack/proyecto_final_cafeteria/frontend/src/components/features/home/HeroSection.jsx": {"path":"/Users/patriciozepeda/Dropbox/Cursos/Fullstack/proyecto_final_cafeteria/frontend/src/components/features/home/HeroSection.jsx","statementMap":{"0":{"start":{"line":5,"column":20},"end":{"line":88,"column":1}},"1":{"start":{"line":6,"column":2},"end":{"line":87,"column":4}}},"fnMap":{"0":{"name":"(anonymous_0)","decl":{"start":{"line":5,"column":20},"end":{"line":5,"column":21}},"loc":{"start":{"line":5,"column":26},"end":{"line":88,"column":1}},"line":5}},"branchMap":{},"s":{"0":0,"1":0},"f":{"0":0},"b":{}}
,"/Users/patriciozepeda/Dropbox/Cursos/Fullstack/proyecto_final_cafeteria/frontend/src/components/guards/PrivateRoute.jsx": {"path":"/Users/patriciozepeda/Dropbox/Cursos/Fullstack/proyecto_final_cafeteria/frontend/src/components/guards/PrivateRoute.jsx","statementMap":{"0":{"start":{"line":5,"column":21},"end":{"line":22,"column":1}},"1":{"start":{"line":6,"column":36},"end":{"line":6,"column":70}},"2":{"start":{"line":6,"column":59},"end":{"line":6,"column":69}},"3":{"start":{"line":7,"column":19},"end":{"line":7,"column":32}},"4":{"start":{"line":10,"column":2},"end":{"line":12,"column":3}},"5":{"start":{"line":11,"column":4},"end":{"line":11,"column":84}},"6":{"start":{"line":15,"column":22},"end":{"line":15,"column":39}},"7":{"start":{"line":16,"column":19},"end":{"line":16,"column":29}},"8":{"start":{"line":21,"column":2},"end":{"line":21,"column":20}}},"fnMap":{"0":{"name":"(anonymous_0)","decl":{"start":{"line":5,"column":21},"end":{"line":5,"column":22}},"loc":{"start":{"line":5,"column":27},"end":{"line":22,"column":1}},"line":5},"1":{"name":"(anonymous_1)","decl":{"start":{"line":6,"column":48},"end":{"line":6,"column":49}},"loc":{"start":{"line":6,"column":59},"end":{"line":6,"column":69}},"line":6}},"branchMap":{"0":{"loc":{"start":{"line":10,"column":2},"end":{"line":12,"column":3}},"type":"if","locations":[{"start":{"line":10,"column":2},"end":{"line":12,"column":3}},{"start":{},"end":{}}],"line":10}},"s":{"0":0,"1":0,"2":0,"3":0,"4":0,"5":0,"6":0,"7":0,"8":0},"f":{"0":0,"1":0},"b":{"0":[0,0]}}
,"/Users/patriciozepeda/Dropbox/Cursos/Fullstack/proyecto_final_cafeteria/frontend/src/components/layout/Footer.jsx": {"path":"/Users/patriciozepeda/Dropbox/Cursos/Fullstack/proyecto_final_cafeteria/frontend/src/components/layout/Footer.jsx","statementMap":{"0":{"start":{"line":4,"column":15},"end":{"line":103,"column":1}},"1":{"start":{"line":5,"column":2},"end":{"line":102,"column":4}}},"fnMap":{"0":{"name":"(anonymous_0)","decl":{"start":{"line":4,"column":15},"end":{"line":4,"column":16}},"loc":{"start":{"line":4,"column":21},"end":{"line":103,"column":1}},"line":4}},"branchMap":{},"s":{"0":0,"1":0},"f":{"0":0},"b":{}}
,"/Users/patriciozepeda/Dropbox/Cursos/Fullstack/proyecto_final_cafeteria/frontend/src/components/layout/Navbar.jsx": {"path":"/Users/patriciozepeda/Dropbox/Cursos/Fullstack/proyecto_final_cafeteria/frontend/src/components/layout/Navbar.jsx","statementMap":{"0":{"start":{"line":11,"column":15},"end":{"line":294,"column":1}},"1":{"start":{"line":12,"column":38},"end":{"line":12,"column":53}},"2":{"start":{"line":13,"column":36},"end":{"line":13,"column":70}},"3":{"start":{"line":13,"column":59},"end":{"line":13,"column":69}},"4":{"start":{"line":14,"column":37},"end":{"line":14,"column":71}},"5":{"start":{"line":14,"column":60},"end":{"line":14,"column":70}},"6":{"start":{"line":15,"column":19},"end":{"line":15,"column":32}},"7":{"start":{"line":16,"column":19},"end":{"line":16,"column":32}},"8":{"start":{"line":18,"column":23},"end":{"line":21,"column":3}},"9":{"start":{"line":19,"column":4},"end":{"line":19,"column":23}},"10":{"start":{"line":20,"column":4},"end":{"line":20,"column":34}},"11":{"start":{"line":24,"column":28},"end":{"line":31,"column":3}},"12":{"start":{"line":25,"column":4},"end":{"line":25,"column":28}},"13":{"start":{"line":25,"column":17},"end":{"line":25,"column":28}},"14":{"start":{"line":26,"column":18},"end":{"line":26,"column":35}},"15":{"start":{"line":27,"column":4},"end":{"line":29,"column":5}},"16":{"start":{"line":28,"column":6},"end":{"line":28,"column":55}},"17":{"start":{"line":30,"column":4},"end":{"line":30,"column":35}},"18":{"start":{"line":33,"column":22},"end":{"line":56,"column":3}},"19":{"start":{"line":34,"column":4},"end":{"line":34,"column":36}},"20":{"start":{"line":34,"column":26},"end":{"line":34,"column":36}},"21":{"start":{"line":36,"column":24},"end":{"line":39,"column":5}},"22":{"start":{"line":41,"column":30},"end":{"line":53,"column":5}},"23":{"start":{"line":55,"column":4},"end":{"line":55,"column":70}},"24":{"start":{"line":58,"column":24},"end":{"line":91,"column":3}},"25":{"start":{"line":62,"column":21},"end":{"line":62,"column":53}},"26":{"start":{"line":72,"column":21},"end":{"line":72,"column":54}},"27":{"start":{"line":93,"column":2},"end":{"line":293,"column":4}},"28":{"start":{"line":105,"column":16},"end":{"line":111,"column":23}},"29":{"start":{"line":191,"column":29},"end":{"line":191,"column":55}},"30":{"start":{"line":218,"column":14},"end":{"line":225,"column":21}},"31":{"start":{"line":222,"column":31},"end":{"line":222,"column":51}},"32":{"start":{"line":233,"column":31},"end":{"line":233,"column":51}},"33":{"start":{"line":257,"column":45},"end":{"line":269,"column":17}},"34":{"start":{"line":262,"column":22},"end":{"line":262,"column":37}},"35":{"start":{"line":263,"column":22},"end":{"line":263,"column":43}},"36":{"start":{"line":276,"column":33},"end":{"line":276,"column":53}},"37":{"start":{"line":283,"column":33},"end":{"line":283,"column":53}}},"fnMap":{"0":{"name":"(anonymous_0)","decl":{"start":{"line":11,"column":15},"end":{"line":11,"column":16}},"loc":{"start":{"line":11,"column":21},"end":{"line":294,"column":1}},"line":11},"1":{"name":"(anonymous_1)","decl":{"start":{"line":13,"column":48},"end":{"line":13,"column":49}},"loc":{"start":{"line":13,"column":59},"end":{"line":13,"column":69}},"line":13},"2":{"name":"(anonymous_2)","decl":{"start":{"line":14,"column":49},"end":{"line":14,"column":50}},"loc":{"start":{"line":14,"column":60},"end":{"line":14,"column":70}},"line":14},"3":{"name":"(anonymous_3)","decl":{"start":{"line":18,"column":23},"end":{"line":18,"column":24}},"loc":{"start":{"line":18,"column":29},"end":{"line":21,"column":3}},"line":18},"4":{"name":"(anonymous_4)","decl":{"start":{"line":24,"column":28},"end":{"line":24,"column":29}},"loc":{"start":{"line":24,"column":40},"end":{"line":31,"column":3}},"line":24},"5":{"name":"(anonymous_5)","decl":{"start":{"line":33,"column":22},"end":{"line":33,"column":23}},"loc":{"start":{"line":33,"column":28},"end":{"line":56,"column":3}},"line":33},"6":{"name":"(anonymous_6)","decl":{"start":{"line":62,"column":15},"end":{"line":62,"column":16}},"loc":{"start":{"line":62,"column":21},"end":{"line":62,"column":53}},"line":62},"7":{"name":"(anonymous_7)","decl":{"start":{"line":72,"column":15},"end":{"line":72,"column":16}},"loc":{"start":{"line":72,"column":21},"end":{"line":72,"column":54}},"line":72},"8":{"name":"(anonymous_8)","decl":{"start":{"line":104,"column":33},"end":{"line":104,"column":34}},"loc":{"start":{"line":105,"column":16},"end":{"line":111,"column":23}},"line":105},"9":{"name":"(anonymous_9)","decl":{"start":{"line":191,"column":23},"end":{"line":191,"column":24}},"loc":{"start":{"line":191,"column":29},"end":{"line":191,"column":55}},"line":191},"10":{"name":"(anonymous_10)","decl":{"start":{"line":217,"column":31},"end":{"line":217,"column":32}},"loc":{"start":{"line":218,"column":14},"end":{"line":225,"column":21}},"line":218},"11":{"name":"(anonymous_11)","decl":{"start":{"line":222,"column":25},"end":{"line":222,"column":26}},"loc":{"start":{"line":222,"column":31},"end":{"line":222,"column":51}},"line":222},"12":{"name":"(anonymous_12)","decl":{"start":{"line":233,"column":25},"end":{"line":233,"column":26}},"loc":{"start":{"line":233,"column":31},"end":{"line":233,"column":51}},"line":233},"13":{"name":"(anonymous_13)","decl":{"start":{"line":257,"column":35},"end":{"line":257,"column":36}},"loc":{"start":{"line":257,"column":45},"end":{"line":269,"column":17}},"line":257},"14":{"name":"(anonymous_14)","decl":{"start":{"line":261,"column":29},"end":{"line":261,"column":30}},"loc":{"start":{"line":261,"column":35},"end":{"line":264,"column":21}},"line":261},"15":{"name":"(anonymous_15)","decl":{"start":{"line":276,"column":27},"end":{"line":276,"column":28}},"loc":{"start":{"line":276,"column":33},"end":{"line":276,"column":53}},"line":276},"16":{"name":"(anonymous_16)","decl":{"start":{"line":283,"column":27},"end":{"line":283,"column":28}},"loc":{"start":{"line":283,"column":33},"end":{"line":283,"column":53}},"line":283}},"branchMap":{"0":{"loc":{"start":{"line":25,"column":4},"end":{"line":25,"column":28}},"type":"if","locations":[{"start":{"line":25,"column":4},"end":{"line":25,"column":28}},{"start":{},"end":{}}],"line":25},"1":{"loc":{"start":{"line":27,"column":4},"end":{"line":29,"column":5}},"type":"if","locations":[{"start":{"line":27,"column":4},"end":{"line":29,"column":5}},{"start":{},"end":{}}],"line":27},"2":{"loc":{"start":{"line":34,"column":4},"end":{"line":34,"column":36}},"type":"if","locations":[{"start":{"line":34,"column":4},"end":{"line":34,"column":36}},{"start":{},"end":{}}],"line":34},"3":{"loc":{"start":{"line":55,"column":32},"end":{"line":55,"column":67}},"type":"binary-expr","locations":[{"start":{"line":55,"column":32},"end":{"line":55,"column":61}},{"start":{"line":55,"column":65},"end":{"line":55,"column":67}}],"line":55},"4":{"loc":{"start":{"line":117,"column":13},"end":{"line":171,"column":13}},"type":"cond-expr","locations":[{"start":{"line":118,"column":14},"end":{"line":157,"column":20}},{"start":{"line":159,"column":14},"end":{"line":170,"column":20}}],"line":117},"5":{"loc":{"start":{"line":120,"column":17},"end":{"line":136,"column":17}},"type":"binary-expr","locations":[{"start":{"line":120,"column":17},"end":{"line":120,"column":45}},{"start":{"line":121,"column":18},"end":{"line":135,"column":25}}],"line":120},"6":{"loc":{"start":{"line":177,"column":13},"end":{"line":186,"column":13}},"type":"binary-expr","locations":[{"start":{"line":177,"column":13},"end":{"line":177,"column":28}},{"start":{"line":177,"column":32},"end":{"line":177,"column":60}},{"start":{"line":178,"column":14},"end":{"line":185,"column":21}}],"line":177},"7":{"loc":{"start":{"line":214,"column":7},"end":{"line":291,"column":7}},"type":"binary-expr","locations":[{"start":{"line":214,"column":7},"end":{"line":214,"column":17}},{"start":{"line":215,"column":8},"end":{"line":290,"column":14}}],"line":214},"8":{"loc":{"start":{"line":229,"column":13},"end":{"line":243,"column":13}},"type":"binary-expr","locations":[{"start":{"line":229,"column":13},"end":{"line":229,"column":28}},{"start":{"line":229,"column":32},"end":{"line":229,"column":60}},{"start":{"line":230,"column":14},"end":{"line":242,"column":21}}],"line":229},"9":{"loc":{"start":{"line":246,"column":13},"end":{"line":288,"column":13}},"type":"cond-expr","locations":[{"start":{"line":247,"column":14},"end":{"line":270,"column":20}},{"start":{"line":272,"column":14},"end":{"line":287,"column":20}}],"line":246},"10":{"loc":{"start":{"line":257,"column":45},"end":{"line":269,"column":17}},"type":"binary-expr","locations":[{"start":{"line":257,"column":45},"end":{"line":257,"column":58}},{"start":{"line":258,"column":18},"end":{"line":268,"column":27}}],"line":257}},"s":{"0":0,"1":0,"2":0,"3":0,"4":0,"5":0,"6":0,"7":0,"8":0,"9":0,"10":0,"11":0,"12":0,"13":0,"14":0,"15":0,"16":0,"17":0,"18":0,"19":0,"20":0,"21":0,"22":0,"23":0,"24":0,"25":0,"26":0,"27":0,"28":0,"29":0,"30":0,"31":0,"32":0,"33":0,"34":0,"35":0,"36":0,"37":0},"f":{"0":0,"1":0,"2":0,"3":0,"4":0,"5":0,"6":0,"7":0,"8":0,"9":0,"10":0,"11":0,"12":0,"13":0,"14":0,"15":0,"16":0},"b":{"0":[0,0],"1":[0,0],"2":[0,0],"3":[0,0],"4":[0,0],"5":[0,0],"6":[0,0,0],"7":[0,0],"8":[0,0,0],"9":[0,0],"10":[0,0]}}
,"/Users/patriciozepeda/Dropbox/Cursos/Fullstack/proyecto_final_cafeteria/frontend/src/components/layout/Sidebar.jsx": {"path":"/Users/patriciozepeda/Dropbox/Cursos/Fullstack/proyecto_final_cafeteria/frontend/src/components/layout/Sidebar.jsx","statementMap":{"0":{"start":{"line":7,"column":18},"end":{"line":122,"column":1}},"1":{"start":{"line":124,"column":16},"end":{"line":170,"column":1}},"2":{"start":{"line":125,"column":19},"end":{"line":125,"column":53}},"3":{"start":{"line":125,"column":42},"end":{"line":125,"column":52}},"4":{"start":{"line":126,"column":19},"end":{"line":126,"column":32}},"5":{"start":{"line":127,"column":24},"end":{"line":127,"column":51}},"6":{"start":{"line":129,"column":2},"end":{"line":169,"column":4}},"7":{"start":{"line":139,"column":12},"end":{"line":164,"column":19}}},"fnMap":{"0":{"name":"(anonymous_0)","decl":{"start":{"line":124,"column":16},"end":{"line":124,"column":17}},"loc":{"start":{"line":124,"column":22},"end":{"line":170,"column":1}},"line":124},"1":{"name":"(anonymous_1)","decl":{"start":{"line":125,"column":31},"end":{"line":125,"column":32}},"loc":{"start":{"line":125,"column":42},"end":{"line":125,"column":52}},"line":125},"2":{"name":"(anonymous_2)","decl":{"start":{"line":138,"column":29},"end":{"line":138,"column":30}},"loc":{"start":{"line":139,"column":12},"end":{"line":164,"column":19}},"line":139}},"branchMap":{"0":{"loc":{"start":{"line":127,"column":24},"end":{"line":127,"column":51}},"type":"binary-expr","locations":[{"start":{"line":127,"column":24},"end":{"line":127,"column":45}},{"start":{"line":127,"column":49},"end":{"line":127,"column":51}}],"line":127},"1":{"loc":{"start":{"line":145,"column":18},"end":{"line":147,"column":74}},"type":"cond-expr","locations":[{"start":{"line":146,"column":22},"end":{"line":146,"column":49}},{"start":{"line":147,"column":22},"end":{"line":147,"column":74}}],"line":145},"2":{"loc":{"start":{"line":155,"column":20},"end":{"line":157,"column":65}},"type":"cond-expr","locations":[{"start":{"line":156,"column":24},"end":{"line":156,"column":39}},{"start":{"line":157,"column":24},"end":{"line":157,"column":65}}],"line":155}},"s":{"0":0,"1":0,"2":0,"3":0,"4":0,"5":0,"6":0,"7":0},"f":{"0":0,"1":0,"2":0},"b":{"0":[0,0],"1":[0,0],"2":[0,0]}}
,"/Users/patriciozepeda/Dropbox/Cursos/Fullstack/proyecto_final_cafeteria/frontend/src/components/pos/ClienteSelector.jsx": {"path":"/Users/patriciozepeda/Dropbox/Cursos/Fullstack/proyecto_final_cafeteria/frontend/src/components/pos/ClienteSelector.jsx","statementMap":{"0":{"start":{"line":5,"column":24},"end":{"line":228,"column":1}},"1":{"start":{"line":11,"column":38},"end":{"line":11,"column":50}},"2":{"start":{"line":12,"column":34},"end":{"line":12,"column":46}},"3":{"start":{"line":13,"column":40},"end":{"line":13,"column":55}},"4":{"start":{"line":14,"column":42},"end":{"line":14,"column":57}},"5":{"start":{"line":15,"column":46},"end":{"line":15,"column":61}},"6":{"start":{"line":16,"column":46},"end":{"line":21,"column":4}},"7":{"start":{"line":23,"column":27},"end":{"line":23,"column":39}},"8":{"start":{"line":24,"column":22},"end":{"line":24,"column":34}},"9":{"start":{"line":26,"column":2},"end":{"line":30,"column":24}},"10":{"start":{"line":27,"column":4},"end":{"line":29,"column":5}},"11":{"start":{"line":28,"column":6},"end":{"line":28,"column":111}},"12":{"start":{"line":32,"column":2},"end":{"line":42,"column":9}},"13":{"start":{"line":33,"column":31},"end":{"line":38,"column":5}},"14":{"start":{"line":34,"column":6},"end":{"line":37,"column":7}},"15":{"start":{"line":35,"column":8},"end":{"line":35,"column":31}},"16":{"start":{"line":36,"column":8},"end":{"line":36,"column":33}},"17":{"start":{"line":40,"column":4},"end":{"line":40,"column":63}},"18":{"start":{"line":41,"column":4},"end":{"line":41,"column":79}},"19":{"start":{"line":41,"column":17},"end":{"line":41,"column":78}},"20":{"start":{"line":44,"column":29},"end":{"line":58,"column":3}},"21":{"start":{"line":45,"column":18},"end":{"line":45,"column":32}},"22":{"start":{"line":46,"column":4},"end":{"line":46,"column":25}},"23":{"start":{"line":47,"column":4},"end":{"line":47,"column":26}},"24":{"start":{"line":50,"column":4},"end":{"line":52,"column":5}},"25":{"start":{"line":51,"column":6},"end":{"line":51,"column":45}},"26":{"start":{"line":55,"column":4},"end":{"line":57,"column":12}},"27":{"start":{"line":56,"column":6},"end":{"line":56,"column":28}},"28":{"start":{"line":60,"column":25},"end":{"line":78,"column":3}},"29":{"start":{"line":61,"column":4},"end":{"line":65,"column":5}},"30":{"start":{"line":62,"column":6},"end":{"line":62,"column":22}},"31":{"start":{"line":63,"column":6},"end":{"line":63,"column":28}},"32":{"start":{"line":64,"column":6},"end":{"line":64,"column":13}},"33":{"start":{"line":67,"column":4},"end":{"line":77,"column":5}},"34":{"start":{"line":68,"column":6},"end":{"line":68,"column":27}},"35":{"start":{"line":69,"column":22},"end":{"line":69,"column":64}},"36":{"start":{"line":70,"column":6},"end":{"line":70,"column":27}},"37":{"start":{"line":72,"column":6},"end":{"line":72,"column":56}},"38":{"start":{"line":73,"column":6},"end":{"line":73,"column":44}},"39":{"start":{"line":74,"column":6},"end":{"line":74,"column":22}},"40":{"start":{"line":76,"column":6},"end":{"line":76,"column":28}},"41":{"start":{"line":80,"column":30},"end":{"line":85,"column":3}},"42":{"start":{"line":81,"column":4},"end":{"line":81,"column":42}},"43":{"start":{"line":82,"column":4},"end":{"line":82,"column":27}},"44":{"start":{"line":83,"column":4},"end":{"line":83,"column":29}},"45":{"start":{"line":84,"column":4},"end":{"line":84,"column":29}},"46":{"start":{"line":87,"column":30},"end":{"line":120,"column":3}},"47":{"start":{"line":89,"column":4},"end":{"line":92,"column":5}},"48":{"start":{"line":90,"column":6},"end":{"line":90,"column":44}},"49":{"start":{"line":91,"column":6},"end":{"line":91,"column":13}},"50":{"start":{"line":95,"column":4},"end":{"line":101,"column":5}},"51":{"start":{"line":96,"column":25},"end":{"line":96,"column":53}},"52":{"start":{"line":97,"column":6},"end":{"line":100,"column":7}},"53":{"start":{"line":98,"column":8},"end":{"line":98,"column":55}},"54":{"start":{"line":99,"column":8},"end":{"line":99,"column":15}},"55":{"start":{"line":104,"column":4},"end":{"line":110,"column":5}},"56":{"start":{"line":105,"column":28},"end":{"line":105,"column":88}},"57":{"start":{"line":106,"column":6},"end":{"line":109,"column":7}},"58":{"start":{"line":107,"column":8},"end":{"line":107,"column":58}},"59":{"start":{"line":108,"column":8},"end":{"line":108,"column":15}},"60":{"start":{"line":112,"column":4},"end":{"line":119,"column":5}},"61":{"start":{"line":113,"column":27},"end":{"line":113,"column":84}},"62":{"start":{"line":114,"column":6},"end":{"line":114,"column":40}},"63":{"start":{"line":115,"column":6},"end":{"line":115,"column":79}},"64":{"start":{"line":116,"column":6},"end":{"line":116,"column":31}},"65":{"start":{"line":118,"column":6},"end":{"line":118,"column":31}},"66":{"start":{"line":122,"column":31},"end":{"line":125,"column":3}},"67":{"start":{"line":123,"column":4},"end":{"line":123,"column":28}},"68":{"start":{"line":124,"column":4},"end":{"line":124,"column":65}},"69":{"start":{"line":127,"column":2},"end":{"line":227,"column":4}},"70":{"start":{"line":135,"column":23},"end":{"line":135,"column":44}},"71":{"start":{"line":161,"column":12},"end":{"line":172,"column":21}},"72":{"start":{"line":163,"column":29},"end":{"line":163,"column":57}},"73":{"start":{"line":184,"column":35},"end":{"line":184,"column":99}},"74":{"start":{"line":191,"column":35},"end":{"line":191,"column":101}},"75":{"start":{"line":198,"column":35},"end":{"line":198,"column":101}},"76":{"start":{"line":205,"column":35},"end":{"line":205,"column":98}},"77":{"start":{"line":215,"column":35},"end":{"line":215,"column":59}}},"fnMap":{"0":{"name":"(anonymous_0)","decl":{"start":{"line":5,"column":24},"end":{"line":5,"column":25}},"loc":{"start":{"line":10,"column":6},"end":{"line":228,"column":1}},"line":10},"1":{"name":"(anonymous_1)","decl":{"start":{"line":26,"column":12},"end":{"line":26,"column":13}},"loc":{"start":{"line":26,"column":18},"end":{"line":30,"column":3}},"line":26},"2":{"name":"(anonymous_2)","decl":{"start":{"line":32,"column":12},"end":{"line":32,"column":13}},"loc":{"start":{"line":32,"column":18},"end":{"line":42,"column":3}},"line":32},"3":{"name":"(anonymous_3)","decl":{"start":{"line":33,"column":31},"end":{"line":33,"column":32}},"loc":{"start":{"line":33,"column":42},"end":{"line":38,"column":5}},"line":33},"4":{"name":"(anonymous_4)","decl":{"start":{"line":41,"column":11},"end":{"line":41,"column":12}},"loc":{"start":{"line":41,"column":17},"end":{"line":41,"column":78}},"line":41},"5":{"name":"(anonymous_5)","decl":{"start":{"line":44,"column":29},"end":{"line":44,"column":30}},"loc":{"start":{"line":44,"column":36},"end":{"line":58,"column":3}},"line":44},"6":{"name":"(anonymous_6)","decl":{"start":{"line":55,"column":42},"end":{"line":55,"column":43}},"loc":{"start":{"line":55,"column":48},"end":{"line":57,"column":5}},"line":55},"7":{"name":"(anonymous_7)","decl":{"start":{"line":60,"column":25},"end":{"line":60,"column":26}},"loc":{"start":{"line":60,"column":41},"end":{"line":78,"column":3}},"line":60},"8":{"name":"(anonymous_8)","decl":{"start":{"line":80,"column":30},"end":{"line":80,"column":31}},"loc":{"start":{"line":80,"column":43},"end":{"line":85,"column":3}},"line":80},"9":{"name":"(anonymous_9)","decl":{"start":{"line":87,"column":30},"end":{"line":87,"column":31}},"loc":{"start":{"line":87,"column":42},"end":{"line":120,"column":3}},"line":87},"10":{"name":"(anonymous_10)","decl":{"start":{"line":122,"column":31},"end":{"line":122,"column":32}},"loc":{"start":{"line":122,"column":37},"end":{"line":125,"column":3}},"line":122},"11":{"name":"(anonymous_11)","decl":{"start":{"line":135,"column":17},"end":{"line":135,"column":18}},"loc":{"start":{"line":135,"column":23},"end":{"line":135,"column":44}},"line":135},"12":{"name":"(anonymous_12)","decl":{"start":{"line":160,"column":40},"end":{"line":160,"column":41}},"loc":{"start":{"line":161,"column":12},"end":{"line":172,"column":21}},"line":161},"13":{"name":"(anonymous_13)","decl":{"start":{"line":163,"column":23},"end":{"line":163,"column":24}},"loc":{"start":{"line":163,"column":29},"end":{"line":163,"column":57}},"line":163},"14":{"name":"(anonymous_14)","decl":{"start":{"line":184,"column":28},"end":{"line":184,"column":29}},"loc":{"start":{"line":184,"column":35},"end":{"line":184,"column":99}},"line":184},"15":{"name":"(anonymous_15)","decl":{"start":{"line":191,"column":28},"end":{"line":191,"column":29}},"loc":{"start":{"line":191,"column":35},"end":{"line":191,"column":101}},"line":191},"16":{"name":"(anonymous_16)","decl":{"start":{"line":198,"column":28},"end":{"line":198,"column":29}},"loc":{"start":{"line":198,"column":35},"end":{"line":198,"column":101}},"line":198},"17":{"name":"(anonymous_17)","decl":{"start":{"line":205,"column":28},"end":{"line":205,"column":29}},"loc":{"start":{"line":205,"column":35},"end":{"line":205,"column":98}},"line":205},"18":{"name":"(anonymous_18)","decl":{"start":{"line":215,"column":29},"end":{"line":215,"column":30}},"loc":{"start":{"line":215,"column":35},"end":{"line":215,"column":59}},"line":215}},"branchMap":{"0":{"loc":{"start":{"line":8,"column":2},"end":{"line":8,"column":35}},"type":"default-arg","locations":[{"start":{"line":8,"column":16},"end":{"line":8,"column":35}}],"line":8},"1":{"loc":{"start":{"line":9,"column":2},"end":{"line":9,"column":20}},"type":"default-arg","locations":[{"start":{"line":9,"column":16},"end":{"line":9,"column":20}}],"line":9},"2":{"loc":{"start":{"line":27,"column":4},"end":{"line":29,"column":5}},"type":"if","locations":[{"start":{"line":27,"column":4},"end":{"line":29,"column":5}},{"start":{},"end":{}}],"line":27},"3":{"loc":{"start":{"line":28,"column":20},"end":{"line":28,"column":109}},"type":"binary-expr","locations":[{"start":{"line":28,"column":20},"end":{"line":28,"column":50}},{"start":{"line":28,"column":54},"end":{"line":28,"column":109}}],"line":28},"4":{"loc":{"start":{"line":34,"column":6},"end":{"line":37,"column":7}},"type":"if","locations":[{"start":{"line":34,"column":6},"end":{"line":37,"column":7}},{"start":{},"end":{}}],"line":34},"5":{"loc":{"start":{"line":34,"column":10},"end":{"line":34,"column":76}},"type":"binary-expr","locations":[{"start":{"line":34,"column":10},"end":{"line":34,"column":29}},{"start":{"line":34,"column":33},"end":{"line":34,"column":76}}],"line":34},"6":{"loc":{"start":{"line":50,"column":4},"end":{"line":52,"column":5}},"type":"if","locations":[{"start":{"line":50,"column":4},"end":{"line":52,"column":5}},{"start":{},"end":{}}],"line":50},"7":{"loc":{"start":{"line":61,"column":4},"end":{"line":65,"column":5}},"type":"if","locations":[{"start":{"line":61,"column":4},"end":{"line":65,"column":5}},{"start":{},"end":{}}],"line":61},"8":{"loc":{"start":{"line":61,"column":8},"end":{"line":61,"column":39}},"type":"binary-expr","locations":[{"start":{"line":61,"column":8},"end":{"line":61,"column":13}},{"start":{"line":61,"column":17},"end":{"line":61,"column":39}}],"line":61},"9":{"loc":{"start":{"line":89,"column":4},"end":{"line":92,"column":5}},"type":"if","locations":[{"start":{"line":89,"column":4},"end":{"line":92,"column":5}},{"start":{},"end":{}}],"line":89},"10":{"loc":{"start":{"line":95,"column":4},"end":{"line":101,"column":5}},"type":"if","locations":[{"start":{"line":95,"column":4},"end":{"line":101,"column":5}},{"start":{},"end":{}}],"line":95},"11":{"loc":{"start":{"line":95,"column":8},"end":{"line":95,"column":59}},"type":"binary-expr","locations":[{"start":{"line":95,"column":8},"end":{"line":95,"column":28}},{"start":{"line":95,"column":32},"end":{"line":95,"column":59}}],"line":95},"12":{"loc":{"start":{"line":97,"column":6},"end":{"line":100,"column":7}},"type":"if","locations":[{"start":{"line":97,"column":6},"end":{"line":100,"column":7}},{"start":{},"end":{}}],"line":97},"13":{"loc":{"start":{"line":104,"column":4},"end":{"line":110,"column":5}},"type":"if","locations":[{"start":{"line":104,"column":4},"end":{"line":110,"column":5}},{"start":{},"end":{}}],"line":104},"14":{"loc":{"start":{"line":104,"column":8},"end":{"line":104,"column":65}},"type":"binary-expr","locations":[{"start":{"line":104,"column":8},"end":{"line":104,"column":31}},{"start":{"line":104,"column":35},"end":{"line":104,"column":65}}],"line":104},"15":{"loc":{"start":{"line":106,"column":6},"end":{"line":109,"column":7}},"type":"if","locations":[{"start":{"line":106,"column":6},"end":{"line":109,"column":7}},{"start":{},"end":{}}],"line":106},"16":{"loc":{"start":{"line":138,"column":7},"end":{"line":225,"column":7}},"type":"binary-expr","locations":[{"start":{"line":138,"column":7},"end":{"line":138,"column":19}},{"start":{"line":139,"column":8},"end":{"line":224,"column":14}}],"line":138},"17":{"loc":{"start":{"line":140,"column":11},"end":{"line":144,"column":11}},"type":"binary-expr","locations":[{"start":{"line":140,"column":11},"end":{"line":140,"column":22}},{"start":{"line":141,"column":12},"end":{"line":143,"column":18}}],"line":140},"18":{"loc":{"start":{"line":146,"column":11},"end":{"line":158,"column":11}},"type":"binary-expr","locations":[{"start":{"line":146,"column":11},"end":{"line":146,"column":23}},{"start":{"line":146,"column":27},"end":{"line":146,"column":48}},{"start":{"line":146,"column":52},"end":{"line":146,"column":74}},{"start":{"line":147,"column":12},"end":{"line":157,"column":18}}],"line":146},"19":{"loc":{"start":{"line":149,"column":15},"end":{"line":156,"column":15}},"type":"binary-expr","locations":[{"start":{"line":149,"column":15},"end":{"line":149,"column":26}},{"start":{"line":150,"column":16},"end":{"line":155,"column":25}}],"line":149},"20":{"loc":{"start":{"line":160,"column":11},"end":{"line":173,"column":12}},"type":"binary-expr","locations":[{"start":{"line":160,"column":11},"end":{"line":160,"column":23}},{"start":{"line":160,"column":27},"end":{"line":173,"column":12}}],"line":160},"21":{"loc":{"start":{"line":168,"column":17},"end":{"line":168,"column":63}},"type":"binary-expr","locations":[{"start":{"line":168,"column":17},"end":{"line":168,"column":33}},{"start":{"line":168,"column":37},"end":{"line":168,"column":63}}],"line":168},"22":{"loc":{"start":{"line":169,"column":17},"end":{"line":169,"column":59}},"type":"binary-expr","locations":[{"start":{"line":169,"column":17},"end":{"line":169,"column":33}},{"start":{"line":169,"column":37},"end":{"line":169,"column":50}},{"start":{"line":169,"column":54},"end":{"line":169,"column":59}}],"line":169},"23":{"loc":{"start":{"line":175,"column":11},"end":{"line":223,"column":11}},"type":"binary-expr","locations":[{"start":{"line":175,"column":11},"end":{"line":175,"column":25}},{"start":{"line":176,"column":12},"end":{"line":222,"column":18}}],"line":175}},"s":{"0":0,"1":0,"2":0,"3":0,"4":0,"5":0,"6":0,"7":0,"8":0,"9":0,"10":0,"11":0,"12":0,"13":0,"14":0,"15":0,"16":0,"17":0,"18":0,"19":0,"20":0,"21":0,"22":0,"23":0,"24":0,"25":0,"26":0,"27":0,"28":0,"29":0,"30":0,"31":0,"32":0,"33":0,"34":0,"35":0,"36":0,"37":0,"38":0,"39":0,"40":0,"41":0,"42":0,"43":0,"44":0,"45":0,"46":0,"47":0,"48":0,"49":0,"50":0,"51":0,"52":0,"53":0,"54":0,"55":0,"56":0,"57":0,"58":0,"59":0,"60":0,"61":0,"62":0,"63":0,"64":0,"65":0,"66":0,"67":0,"68":0,"69":0,"70":0,"71":0,"72":0,"73":0,"74":0,"75":0,"76":0,"77":0},"f":{"0":0,"1":0,"2":0,"3":0,"4":0,"5":0,"6":0,"7":0,"8":0,"9":0,"10":0,"11":0,"12":0,"13":0,"14":0,"15":0,"16":0,"17":0,"18":0},"b":{"0":[0],"1":[0],"2":[0,0],"3":[0,0],"4":[0,0],"5":[0,0],"6":[0,0],"7":[0,0],"8":[0,0],"9":[0,0],"10":[0,0],"11":[0,0],"12":[0,0],"13":[0,0],"14":[0,0],"15":[0,0],"16":[0,0],"17":[0,0],"18":[0,0,0,0],"19":[0,0],"20":[0,0],"21":[0,0],"22":[0,0,0],"23":[0,0]}}
,"/Users/patriciozepeda/Dropbox/Cursos/Fullstack/proyecto_final_cafeteria/frontend/src/components/pos/MesaSelector.jsx": {"path":"/Users/patriciozepeda/Dropbox/Cursos/Fullstack/proyecto_final_cafeteria/frontend/src/components/pos/MesaSelector.jsx","statementMap":{"0":{"start":{"line":5,"column":21},"end":{"line":156,"column":1}},"1":{"start":{"line":6,"column":28},"end":{"line":6,"column":40}},"2":{"start":{"line":7,"column":32},"end":{"line":7,"column":46}},"3":{"start":{"line":9,"column":2},"end":{"line":11,"column":9}},"4":{"start":{"line":10,"column":4},"end":{"line":10,"column":16}},"5":{"start":{"line":13,"column":20},"end":{"line":24,"column":3}},"6":{"start":{"line":14,"column":4},"end":{"line":23,"column":5}},"7":{"start":{"line":15,"column":6},"end":{"line":15,"column":23}},"8":{"start":{"line":16,"column":24},"end":{"line":16,"column":64}},"9":{"start":{"line":17,"column":6},"end":{"line":17,"column":26}},"10":{"start":{"line":19,"column":6},"end":{"line":19,"column":53}},"11":{"start":{"line":20,"column":6},"end":{"line":20,"column":53}},"12":{"start":{"line":22,"column":6},"end":{"line":22,"column":24}},"13":{"start":{"line":26,"column":25},"end":{"line":39,"column":3}},"14":{"start":{"line":27,"column":4},"end":{"line":38,"column":5}},"15":{"start":{"line":29,"column":8},"end":{"line":29,"column":62}},"16":{"start":{"line":31,"column":8},"end":{"line":31,"column":56}},"17":{"start":{"line":33,"column":8},"end":{"line":33,"column":65}},"18":{"start":{"line":35,"column":8},"end":{"line":35,"column":59}},"19":{"start":{"line":37,"column":8},"end":{"line":37,"column":59}},"20":{"start":{"line":41,"column":24},"end":{"line":54,"column":3}},"21":{"start":{"line":42,"column":4},"end":{"line":53,"column":5}},"22":{"start":{"line":44,"column":8},"end":{"line":44,"column":19}},"23":{"start":{"line":46,"column":8},"end":{"line":46,"column":20}},"24":{"start":{"line":48,"column":8},"end":{"line":48,"column":20}},"25":{"start":{"line":50,"column":8},"end":{"line":50,"column":20}},"26":{"start":{"line":52,"column":8},"end":{"line":52,"column":19}},"27":{"start":{"line":56,"column":2},"end":{"line":63,"column":3}},"28":{"start":{"line":57,"column":4},"end":{"line":62,"column":6}},"29":{"start":{"line":65,"column":2},"end":{"line":155,"column":4}},"30":{"start":{"line":87,"column":12},"end":{"line":122,"column":21}},"31":{"start":{"line":89,"column":29},"end":{"line":89,"column":47}},"32":{"start":{"line":137,"column":27},"end":{"line":137,"column":45}}},"fnMap":{"0":{"name":"(anonymous_0)","decl":{"start":{"line":5,"column":21},"end":{"line":5,"column":22}},"loc":{"start":{"line":5,"column":75},"end":{"line":156,"column":1}},"line":5},"1":{"name":"(anonymous_1)","decl":{"start":{"line":9,"column":12},"end":{"line":9,"column":13}},"loc":{"start":{"line":9,"column":18},"end":{"line":11,"column":3}},"line":9},"2":{"name":"(anonymous_2)","decl":{"start":{"line":13,"column":20},"end":{"line":13,"column":21}},"loc":{"start":{"line":13,"column":32},"end":{"line":24,"column":3}},"line":13},"3":{"name":"(anonymous_3)","decl":{"start":{"line":26,"column":25},"end":{"line":26,"column":26}},"loc":{"start":{"line":26,"column":37},"end":{"line":39,"column":3}},"line":26},"4":{"name":"(anonymous_4)","decl":{"start":{"line":41,"column":24},"end":{"line":41,"column":25}},"loc":{"start":{"line":41,"column":36},"end":{"line":54,"column":3}},"line":41},"5":{"name":"(anonymous_5)","decl":{"start":{"line":86,"column":21},"end":{"line":86,"column":22}},"loc":{"start":{"line":87,"column":12},"end":{"line":122,"column":21}},"line":87},"6":{"name":"(anonymous_6)","decl":{"start":{"line":89,"column":23},"end":{"line":89,"column":24}},"loc":{"start":{"line":89,"column":29},"end":{"line":89,"column":47}},"line":89},"7":{"name":"(anonymous_7)","decl":{"start":{"line":137,"column":21},"end":{"line":137,"column":22}},"loc":{"start":{"line":137,"column":27},"end":{"line":137,"column":45}},"line":137}},"branchMap":{"0":{"loc":{"start":{"line":5,"column":52},"end":{"line":5,"column":68}},"type":"default-arg","locations":[{"start":{"line":5,"column":63},"end":{"line":5,"column":68}}],"line":5},"1":{"loc":{"start":{"line":27,"column":4},"end":{"line":38,"column":5}},"type":"switch","locations":[{"start":{"line":28,"column":6},"end":{"line":29,"column":62}},{"start":{"line":30,"column":6},"end":{"line":31,"column":56}},{"start":{"line":32,"column":6},"end":{"line":33,"column":65}},{"start":{"line":34,"column":6},"end":{"line":35,"column":59}},{"start":{"line":36,"column":6},"end":{"line":37,"column":59}}],"line":27},"2":{"loc":{"start":{"line":42,"column":4},"end":{"line":53,"column":5}},"type":"switch","locations":[{"start":{"line":43,"column":6},"end":{"line":44,"column":19}},{"start":{"line":45,"column":6},"end":{"line":46,"column":20}},{"start":{"line":47,"column":6},"end":{"line":48,"column":20}},{"start":{"line":49,"column":6},"end":{"line":50,"column":20}},{"start":{"line":51,"column":6},"end":{"line":52,"column":19}}],"line":42},"3":{"loc":{"start":{"line":56,"column":2},"end":{"line":63,"column":3}},"type":"if","locations":[{"start":{"line":56,"column":2},"end":{"line":63,"column":3}},{"start":{},"end":{}}],"line":56},"4":{"loc":{"start":{"line":80,"column":7},"end":{"line":125,"column":7}},"type":"cond-expr","locations":[{"start":{"line":81,"column":8},"end":{"line":83,"column":14}},{"start":{"line":85,"column":8},"end":{"line":124,"column":14}}],"line":80},"5":{"loc":{"start":{"line":90,"column":24},"end":{"line":90,"column":64}},"type":"binary-expr","locations":[{"start":{"line":90,"column":24},"end":{"line":90,"column":32}},{"start":{"line":90,"column":36},"end":{"line":90,"column":64}}],"line":90},"6":{"loc":{"start":{"line":93,"column":18},"end":{"line":95,"column":68}},"type":"cond-expr","locations":[{"start":{"line":94,"column":20},"end":{"line":94,"column":58}},{"start":{"line":95,"column":20},"end":{"line":95,"column":68}}],"line":93},"7":{"loc":{"start":{"line":97,"column":18},"end":{"line":99,"column":36}},"type":"cond-expr","locations":[{"start":{"line":98,"column":20},"end":{"line":98,"column":51}},{"start":{"line":99,"column":20},"end":{"line":99,"column":36}}],"line":97},"8":{"loc":{"start":{"line":97,"column":18},"end":{"line":97,"column":58}},"type":"binary-expr","locations":[{"start":{"line":97,"column":18},"end":{"line":97,"column":26}},{"start":{"line":97,"column":30},"end":{"line":97,"column":58}}],"line":97},"9":{"loc":{"start":{"line":110,"column":17},"end":{"line":114,"column":17}},"type":"binary-expr","locations":[{"start":{"line":110,"column":17},"end":{"line":110,"column":31}},{"start":{"line":111,"column":18},"end":{"line":113,"column":24}}],"line":110},"10":{"loc":{"start":{"line":117,"column":15},"end":{"line":121,"column":15}},"type":"binary-expr","locations":[{"start":{"line":117,"column":15},"end":{"line":117,"column":53}},{"start":{"line":118,"column":16},"end":{"line":120,"column":22}}],"line":117},"11":{"loc":{"start":{"line":127,"column":7},"end":{"line":144,"column":7}},"type":"binary-expr","locations":[{"start":{"line":127,"column":7},"end":{"line":127,"column":19}},{"start":{"line":128,"column":8},"end":{"line":143,"column":14}}],"line":127},"12":{"loc":{"start":{"line":131,"column":13},"end":{"line":131,"column":69}},"type":"binary-expr","locations":[{"start":{"line":131,"column":13},"end":{"line":131,"column":35}},{"start":{"line":131,"column":39},"end":{"line":131,"column":69}}],"line":131}},"s":{"0":0,"1":0,"2":0,"3":0,"4":0,"5":0,"6":0,"7":0,"8":0,"9":0,"10":0,"11":0,"12":0,"13":0,"14":0,"15":0,"16":0,"17":0,"18":0,"19":0,"20":0,"21":0,"22":0,"23":0,"24":0,"25":0,"26":0,"27":0,"28":0,"29":0,"30":0,"31":0,"32":0},"f":{"0":0,"1":0,"2":0,"3":0,"4":0,"5":0,"6":0,"7":0},"b":{"0":[0],"1":[0,0,0,0,0],"2":[0,0,0,0,0],"3":[0,0],"4":[0,0],"5":[0,0],"6":[0,0],"7":[0,0],"8":[0,0],"9":[0,0],"10":[0,0],"11":[0,0],"12":[0,0]}}
,"/Users/patriciozepeda/Dropbox/Cursos/Fullstack/proyecto_final_cafeteria/frontend/src/components/products/ProductCard.jsx": {"path":"/Users/patriciozepeda/Dropbox/Cursos/Fullstack/proyecto_final_cafeteria/frontend/src/components/products/ProductCard.jsx","statementMap":{"0":{"start":{"line":6,"column":20},"end":{"line":69,"column":1}},"1":{"start":{"line":7,"column":26},"end":{"line":29,"column":3}},"2":{"start":{"line":8,"column":4},"end":{"line":8,"column":25}},"3":{"start":{"line":11,"column":18},"end":{"line":21,"column":6}},"4":{"start":{"line":18,"column":8},"end":{"line":18,"column":61}},"5":{"start":{"line":19,"column":8},"end":{"line":19,"column":63}},"6":{"start":{"line":23,"column":4},"end":{"line":28,"column":7}},"7":{"start":{"line":31,"column":2},"end":{"line":68,"column":4}}},"fnMap":{"0":{"name":"(anonymous_0)","decl":{"start":{"line":6,"column":20},"end":{"line":6,"column":21}},"loc":{"start":{"line":6,"column":50},"end":{"line":69,"column":1}},"line":6},"1":{"name":"(anonymous_1)","decl":{"start":{"line":7,"column":26},"end":{"line":7,"column":27}},"loc":{"start":{"line":7,"column":32},"end":{"line":29,"column":3}},"line":7},"2":{"name":"(anonymous_2)","decl":{"start":{"line":17,"column":15},"end":{"line":17,"column":16}},"loc":{"start":{"line":17,"column":26},"end":{"line":20,"column":7}},"line":17}},"branchMap":{"0":{"loc":{"start":{"line":39,"column":9},"end":{"line":45,"column":9}},"type":"binary-expr","locations":[{"start":{"line":39,"column":9},"end":{"line":39,"column":27}},{"start":{"line":40,"column":10},"end":{"line":44,"column":16}}],"line":39}},"s":{"0":0,"1":0,"2":0,"3":0,"4":0,"5":0,"6":0,"7":0},"f":{"0":0,"1":0,"2":0},"b":{"0":[0,0]}}
,"/Users/patriciozepeda/Dropbox/Cursos/Fullstack/proyecto_final_cafeteria/frontend/src/components/profile/AddressManager.jsx": {"path":"/Users/patriciozepeda/Dropbox/Cursos/Fullstack/proyecto_final_cafeteria/frontend/src/components/profile/AddressManager.jsx","statementMap":{"0":{"start":{"line":5,"column":23},"end":{"line":480,"column":1}},"1":{"start":{"line":6,"column":38},"end":{"line":14,"column":4}},"2":{"start":{"line":17,"column":27},"end":{"line":17,"column":79}},"3":{"start":{"line":19,"column":2},"end":{"line":25,"column":5}},"4":{"start":{"line":28,"column":2},"end":{"line":32,"column":44}},"5":{"start":{"line":29,"column":4},"end":{"line":31,"column":5}},"6":{"start":{"line":30,"column":6},"end":{"line":30,"column":38}},"7":{"start":{"line":34,"column":27},"end":{"line":119,"column":3}},"8":{"start":{"line":35,"column":4},"end":{"line":38,"column":5}},"9":{"start":{"line":36,"column":6},"end":{"line":36,"column":94}},"10":{"start":{"line":37,"column":6},"end":{"line":37,"column":13}},"11":{"start":{"line":40,"column":4},"end":{"line":118,"column":5}},"12":{"start":{"line":41,"column":6},"end":{"line":41,"column":63}},"13":{"start":{"line":44,"column":6},"end":{"line":61,"column":7}},"14":{"start":{"line":44,"column":57},"end":{"line":44,"column":71}},"15":{"start":{"line":45,"column":23},"end":{"line":54,"column":10}},"16":{"start":{"line":56,"column":8},"end":{"line":60,"column":9}},"17":{"start":{"line":57,"column":10},"end":{"line":57,"column":74}},"18":{"start":{"line":58,"column":10},"end":{"line":58,"column":61}},"19":{"start":{"line":59,"column":10},"end":{"line":59,"column":17}},"20":{"start":{"line":63,"column":26},"end":{"line":71,"column":7}},"21":{"start":{"line":73,"column":6},"end":{"line":73,"column":62}},"22":{"start":{"line":75,"column":23},"end":{"line":82,"column":8}},"23":{"start":{"line":84,"column":6},"end":{"line":87,"column":7}},"24":{"start":{"line":85,"column":26},"end":{"line":85,"column":95}},"25":{"start":{"line":85,"column":61},"end":{"line":85,"column":93}},"26":{"start":{"line":86,"column":8},"end":{"line":86,"column":96}},"27":{"start":{"line":89,"column":19},"end":{"line":89,"column":40}},"28":{"start":{"line":90,"column":6},"end":{"line":90,"column":57}},"29":{"start":{"line":91,"column":6},"end":{"line":91,"column":57}},"30":{"start":{"line":92,"column":6},"end":{"line":92,"column":71}},"31":{"start":{"line":95,"column":31},"end":{"line":95,"column":61}},"32":{"start":{"line":96,"column":6},"end":{"line":96,"column":71}},"33":{"start":{"line":97,"column":6},"end":{"line":97,"column":42}},"34":{"start":{"line":98,"column":6},"end":{"line":98,"column":54}},"35":{"start":{"line":101,"column":6},"end":{"line":109,"column":9}},"36":{"start":{"line":112,"column":6},"end":{"line":114,"column":7}},"37":{"start":{"line":113,"column":8},"end":{"line":113,"column":39}},"38":{"start":{"line":116,"column":6},"end":{"line":116,"column":58}},"39":{"start":{"line":117,"column":6},"end":{"line":117,"column":63}},"40":{"start":{"line":121,"column":30},"end":{"line":172,"column":3}},"41":{"start":{"line":122,"column":4},"end":{"line":171,"column":5}},"42":{"start":{"line":123,"column":6},"end":{"line":123,"column":76}},"43":{"start":{"line":125,"column":29},"end":{"line":125,"column":77}},"44":{"start":{"line":125,"column":52},"end":{"line":125,"column":76}},"45":{"start":{"line":126,"column":6},"end":{"line":129,"column":7}},"46":{"start":{"line":127,"column":8},"end":{"line":127,"column":
[...]
{"line":217,"column":36}},"91":{"start":{"line":220,"column":2},"end":{"line":220,"column":43}},"92":{"start":{"line":226,"column":38},"end":{"line":231,"column":1}},"93":{"start":{"line":240,"column":36},"end":{"line":280,"column":1}},"94":{"start":{"line":245,"column":6},"end":{"line":245,"column":13}},"95":{"start":{"line":247,"column":18},"end":{"line":247,"column":20}},"96":{"start":{"line":248,"column":18},"end":{"line":248,"column":42}},"97":{"start":{"line":251,"column":27},"end":{"line":251,"column":29}},"98":{"start":{"line":252,"column":2},"end":{"line":252,"column":58}},"99":{"start":{"line":252,"column":28},"end":{"line":252,"column":58}},"100":{"start":{"line":253,"column":2},"end":{"line":253,"column":58}},"101":{"start":{"line":253,"column":28},"end":{"line":253,"column":58}},"102":{"start":{"line":254,"column":2},"end":{"line":254,"column":32}},"103":{"start":{"line":257,"column":2},"end":{"line":269,"column":3}},"104":{"start":{"line":258,"column":19},"end":{"line":260,"column":17}},"105":{"start":{"line":259,"column":26},"end":{"line":259,"column":72}},"106":{"start":{"line":262,"column":4},"end":{"line":268,"column":7}},"107":{"start":{"line":266,"column":28},"end":{"line":266,"column":33}},"108":{"start":{"line":271,"column":2},"end":{"line":279,"column":4}},"109":{"start":{"line":287,"column":4},"end":{"line":294,"column":6}},"110":{"start":{"line":296,"column":4},"end":{"line":299,"column":6}},"111":{"start":{"line":301,"column":4},"end":{"line":301,"column":16}},"112":{"start":{"line":306,"column":4},"end":{"line":317,"column":5}},"113":{"start":{"line":307,"column":6},"end":{"line":314,"column":9}},"114":{"start":{"line":308,"column":24},"end":{"line":308,"column":41}},"115":{"start":{"line":309,"column":25},"end":{"line":309,"column":52}},"116":{"start":{"line":311,"column":8},"end":{"line":313,"column":9}},"117":{"start":{"line":312,"column":10},"end":{"line":312,"column":67}},"118":{"start":{"line":316,"column":6},"end":{"line":316,"column":87}},"119":{"start":{"line":321,"column":4},"end":{"line":321,"column":31}},"120":{"start":{"line":323,"column":4},"end":{"line":330,"column":5}},"121":{"start":{"line":324,"column":6},"end":{"line":324,"column":34}},"122":{"start":{"line":325,"column":23},"end":{"line":325,"column":42}},"123":{"start":{"line":326,"column":6},"end":{"line":326,"column":45}},"124":{"start":{"line":327,"column":6},"end":{"line":327,"column":92}},"125":{"start":{"line":329,"column":6},"end":{"line":329,"column":34}},"126":{"start":{"line":334,"column":4},"end":{"line":339,"column":6}},"127":{"start":{"line":343,"column":4},"end":{"line":350,"column":6}},"128":{"start":{"line":354,"column":4},"end":{"line":356,"column":5}},"129":{"start":{"line":355,"column":6},"end":{"line":355,"column":46}},"130":{"start":{"line":357,"column":4},"end":{"line":359,"column":5}},"131":{"start":{"line":358,"column":6},"end":{"line":358,"column":47}},"132":{"start":{"line":364,"column":39},"end":{"line":364,"column":68}}},"fnMap":{"0":{"name":"(anonymous_0)","decl":{"start":{"line":11,"column":30},"end":{"line":11,"column":31}},"loc":{"start":{"line":11,"column":55},"end":{"line":22,"column":1}},"line":11},"1":{"name":"(anonymous_1)","decl":{"start":{"line":15,"column":9},"end":{"line":15,"column":10}},"loc":{"start":{"line":15,"column":30},"end":{"line":20,"column":5}},"line":15},"2":{"name":"(anonymous_2)","decl":{"start":{"line":30,"column":35},"end":{"line":30,"column":36}},"loc":{"start":{"line":30,"column":77},"end":{"line":41,"column":1}},"line":30},"3":{"name":"(anonymous_3)","decl":{"start":{"line":37,"column":41},"end":{"line":37,"column":42}},"loc":{"start":{"line":37,"column":49},"end":{"line":37,"column":68}},"line":37},"4":{"name":"(anonymous_4)","decl":{"start":{"line":49,"column":29},"end":{"line":49,"column":30}},"loc":{"start":{"line":49,"column":69},"end":{"line":90,"column":1}},"line":49},"5":{"name":"(anonymous_5)","decl":{"start":{"line":50,"column":20},"end":{"line":50,"column":21}},"loc":{"start":{"line":50,"column":29},"end":{"line":57,"column":3}},"line":50},"6":{"name":"(anonymous_6)","decl":{"start":{"line":51,"column":23},"end":{"line":51,"column":24}},"loc":{"start":{"line":51,"column":44},"end":{"line":56,"column":5}},"line":51},"7":{"name":"(anonymous_7)","decl":{"start":{"line":53,"column":19},"end":{"line":53,"column":20}},"loc":{"start":{"line":53,"column":25},"end":{"line":53,"column":56}},"line":53},"8":{"name":"(anonymous_8)","decl":{"start":{"line":54,"column":20},"end":{"line":54,"column":21}},"loc":{"start":{"line":54,"column":26},"end":{"line":54,"column":82}},"line":54},"9":{"name":"(anonymous_9)","decl":{"start":{"line":98,"column":29},"end":{"line":98,"column":30}},"loc":{"start":{"line":98,"column":53},"end":{"line":153,"column":1}},"line":98},"10":{"name":"(anonymous_10)","decl":{"start":{"line":106,"column":21},"end":{"line":106,"column":22}},"loc":{"start":{"line":106,"column":42},"end":{"line":152,"column":3}},"line":106},"11":{"name":"(anonymous_11)","decl":{"start":{"line":111,"column":17},"end":{"line":111,"column":18}},"loc":{"start":{"line":111,"column":23},"end":{"line":148,"column":5}},"line":111},"12":{"name":"(anonymous_12)","decl":{"start":{"line":134,"column":8},"end":{"line":134,"column":9}},"loc":{"start":{"line":134,"column":18},"end":{"line":144,"column":9}},"line":134},"13":{"name":"(anonymous_13)","decl":{"start":{"line":150,"column":18},"end":{"line":150,"column":19}},"loc":{"start":{"line":150,"column":24},"end":{"line":150,"column":65}},"line":150},"14":{"name":"(anonymous_14)","decl":{"start":{"line":159,"column":28},"end":{"line":159,"column":29}},"loc":{"start":{"line":159,"column":34},"end":{"line":167,"column":1}},"line":159},"15":{"name":"(anonymous_15)","decl":{"start":{"line":160,"column":21},"end":{"line":160,"column":22}},"loc":{"start":{"line":160,"column":34},"end":{"line":166,"column":3}},"line":160},"16":{"name":"(anonymous_16)","decl":{"start":{"line":162,"column":33},"end":{"line":162,"column":34}},"loc":{"start":{"line":162,"column":39},"end":{"line":164,"column":5}},"line":162},"17":{"name":"(anonymous_17)","decl":{"start":{"line":173,"column":28},"end":{"line":173,"column":29}},"loc":{"start":{"line":173,"column":34},"end":{"line":181,"column":1}},"line":173},"18":{"name":"(anonymous_18)","decl":{"start":{"line":174,"column":21},"end":{"line":174,"column":22}},"loc":{"start":{"line":174,"column":34},"end":{"line":180,"column":3}},"line":174},"19":{"name":"(anonymous_19)","decl":{"start":{"line":176,"column":33},"end":{"line":176,"column":34}},"loc":{"start":{"line":176,"column":39},"end":{"line":178,"column":5}},"line":176},"20":{"name":"(anonymous_20)","decl":{"start":{"line":187,"column":34},"end":{"line":187,"column":35}},"loc":{"start":{"line":187,"column":46},"end":{"line":191,"column":1}},"line":187},"21":{"name":"(anonymous_21)","decl":{"start":{"line":199,"column":39},"end":{"line":199,"column":40}},"loc":{"start":{"line":199,"column":72},"end":{"line":221,"column":1}},"line":199},"22":{"name":"(anonymous_22)","decl":{"start":{"line":240,"column":36},"end":{"line":240,"column":37}},"loc":{"start":{"line":240,"column":70},"end":{"line":280,"column":1}},"line":240},"23":{"name":"(anonymous_23)","decl":{"start":{"line":259,"column":11},"end":{"line":259,"column":12}},"loc":{"start":{"line":259,"column":26},"end":{"line":259,"column":72}},"line":259},"24":{"name":"(anonymous_24)","decl":{"start":{"line":266,"column":13},"end":{"line":266,"column":14}},"loc":{"start":{"line":266,"column":28},"end":{"line":266,"column":33}},"line":266},"25":{"name":"(anonymous_25)","decl":{"start":{"line":286,"column":2},"end":{"line":286,"column":3}},"loc":{"start":{"line":286,"column":16},"end":{"line":302,"column":3}},"line":286},"26":{"name":"(anonymous_26)","decl":{"start":{"line":304,"column":2},"end":{"line":304,"column":3}},"loc":{"start":{"line":304,"column":9},"end":{"line":318,"column":3}},"line":304},"27":{"name":"(anonymous_27)","decl":{"start":{"line":307,"column":59},"end":{"line":307,"column":60}},"loc":{"start":{"line":307,"column":69},"end":{"line":314,"column":7}},"line":307},"28":{"name":"(anonymous_28)","decl":{"start":{"line":320,"column":2},"end":{"line":320,"column":3}},"loc":{"start":{"line":320,"column":58},"end":{"line":331,"column":3}},"line":320},"29":{"name":"(anonymous_29)","decl":{"start":{"line":333,"column":2},"end":{"line":333,"column":3}},"loc":{"start":{"line":333,"column":15},"end":{"line":340,"column":3}},"line":333},"30":{"name":"(anonymous_30)","decl":{"start":{"line":342,"column":2},"end":{"line":342,"column":3}},"loc":{"start":{"line":342,"column":10},"end":{"line":351,"column":3}},"line":342},"31":{"name":"(anonymous_31)","decl":{"start":{"line":353,"column":2},"end":{"line":353,"column":3}},"loc":{"start":{"line":353,"column":12},"end":{"line":360,"column":3}},"line":353}},"branchMap":{"0":{"loc":{"start":{"line":11,"column":40},"end":{"line":11,"column":50}},"type":"default-arg","locations":[{"start":{"line":11,"column":48},"end":{"line":11,"column":50}}],"line":11},"1":{"loc":{"start":{"line":12,"column":2},"end":{"line":12,"column":43}},"type":"if","locations":[{"start":{"line":12,"column":2},"end":{"line":12,"column":43}},{"start":{},"end":{}}],"line":12},"2":{"loc":{"start":{"line":12,"column":6},"end":{"line":12,"column":31}},"type":"binary-expr","locations":[{"start":{"line":12,"column":6},"end":{"line":12,"column":14}},{"start":{"line":12,"column":18},"end":{"line":12,"column":31}}],"line":12},"3":{"loc":{"start":{"line":16,"column":18},"end":{"line":18,"column":33}},"type":"cond-expr","locations":[{"start":{"line":17,"column":10},"end":{"line":17,"column":45}},{"start":{"line":18,"column":10},"end":{"line":18,"column":33}}],"line":16},"4":{"loc":{"start":{"line":30,"column":52},"end":{"line":30,"column":72}},"type":"default-arg","locations":[{"start":{"line":30,"column":71},"end":{"line":30,"column":72}}],"line":30},"5":{"loc":{"start":{"line":37,"column":22},"end":{"line":38,"column":60}},"type":"binary-expr","locations":[{"start":{"line":37,"column":22},"end":{"line":37,"column":69}},{"start":{"line":38,"column":21},"end":{"line":38,"column":60}}],"line":37},"6":{"loc":{"start":{"line":49,"column":47},"end":{"line":49,"column":64}},"type":"default-arg","locations":[{"start":{"line":49,"column":60},"end":{"line":49,"column":64}}],"line":49},"7":{"loc":{"start":{"line":67,"column":6},"end":{"line":74,"column":7}},"type":"if","locations":[{"start":{"line":67,"column":6},"end":{"line":74,"column":7}},{"start":{},"end":{}}],"line":67},"8":{"loc":{"start":{"line":78,"column":6},"end":{"line":85,"column":7}},"type":"if","locations":[{"start":{"line":78,"column":6},"end":{"line":85,"column":7}},{"start":{},"end":{}}],"line":78},"9":{"loc":{"start":{"line":98,"column":36},"end":{"line":98,"column":48}},"type":"default-arg","locations":[{"start":{"line":98,"column":46},"end":{"line":98,"column":48}}],"line":98},"10":{"loc":{"start":{"line":100,"column":4},"end":{"line":100,"column":17}},"type":"default-arg","locations":[{"start":{"line":100,"column":14},"end":{"line":100,"column":17}}],"line":100},"11":{"loc":{"start":{"line":101,"column":4},"end":{"line":101,"column":19}},"type":"default-arg","locations":[{"start":{"line":101,"column":15},"end":{"line":101,"column":19}}],"line":101},"12":{"loc":{"start":{"line":102,"column":4},"end":{"line":102,"column":20}},"type":"default-arg","locations":[{"start":{"line":102,"column":16},"end":{"line":102,"column":20}}],"line":102},"13":{"loc":{"start":{"line":103,"column":4},"end":{"line":103,"column":31}},"type":"default-arg","locations":[{"start":{"line":103,"column":19},"end":{"line":103,"column":31}}],"line":103},"14":{"loc":{"start":{"line":115,"column":6},"end":{"line":118,"column":7}},"type":"if","locations":[{"start":{"line":115,"column":6},"end":{"line":118,"column":7}},{"start":{},"end":{}}],"line":115},"15":{"loc":{"start":{"line":120,"column":6},"end":{"line":123,"column":7}},"type":"if","locations":[{"start":{"line":120,"column":6},"end":{"line":123,"column":7}},{"start":{},"end":{}}],"line":120},"16":{"loc":{"start":{"line":135,"column":10},"end":{"line":143,"column":11}},"type":"if","locations":[{"start":{"line":135,"column":10},"end":{"line":143,"column":11}},{"start":{"line":141,"column":17},"end":{"line":143,"column":11}}],"line":135},"17":{"loc":{"start":{"line":188,"column":2},"end":{"line":188,"column":42}},"type":"if","locations":[{"start":{"line":188,"column":2},"end":{"line":188,"column":42}},{"start":{},"end":{}}],"line":188},"18":{"loc":{"start":{"line":189,"column":2},"end":{"line":189,"column":42}},"type":"if","locations":[{"start":{"line":189,"column":2},"end":{"line":189,"column":42}},{"start":{},"end":{}}],"line":189},"19":{"loc":{"start":{"line":199,"column":55},"end":{"line":199,"column":67}},"type":"default-arg","locations":[{"start":{"line":199,"column":65},"end":{"line":199,"column":67}}],"line":199},"20":{"loc":{"start":{"line":203,"column":4},"end":{"line":203,"column":16}},"type":"default-arg","locations":[{"start":{"line":203,"column":14},"end":{"line":203,"column":16}}],"line":203},"21":{"loc":{"start":{"line":204,"column":4},"end":{"line":204,"column":17}},"type":"default-arg","locations":[{"start":{"line":204,"column":10},"end":{"line":204,"column":17}}],"line":204},"22":{"loc":{"start":{"line":205,"column":4},"end":{"line":205,"column":15}},"type":"default-arg","locations":[{"start":{"line":205,"column":11},"end":{"line":205,"column":15}}],"line":205},"23":{"loc":{"start":{"line":210,"column":2},"end":{"line":210,"column":39}},"type":"if","locations":[{"start":{"line":210,"column":2},"end":{"line":210,"column":39}},{"start":{},"end":{}}],"line":210},"24":{"loc":{"start":{"line":211,"column":2},"end":{"line":211,"column":41}},"type":"if","locations":[{"start":{"line":211,"column":2},"end":{"line":211,"column":41}},{"start":{},"end":{}}],"line":211},"25":{"loc":{"start":{"line":212,"column":2},"end":{"line":212,"column":50}},"type":"if","locations":[{"start":{"line":212,"column":2},"end":{"line":212,"column":50}},{"start":{},"end":{}}],"line":212},"26":{"loc":{"start":{"line":213,"column":2},"end":{"line":213,"column":49}},"type":"if","locations":[{"start":{"line":213,"column":2},"end":{"line":213,"column":49}},{"start":{},"end":{}}],"line":213},"27":{"loc":{"start":{"line":215,"column":2},"end":{"line":218,"column":3}},"type":"if","locations":[{"start":{"line":215,"column":2},"end":{"line":218,"column":3}},{"start":{},"end":{}}],"line":215},"28":{"loc":{"start":{"line":240,"column":53},"end":{"line":240,"column":65}},"type":"default-arg","locations":[{"start":{"line":240,"column":63},"end":{"line":240,"column":65}}],"line":240},"29":{"loc":{"start":{"line":242,"column":4},"end":{"line":242,"column":40}},"type":"default-arg","locations":[{"start":{"line":242,"column":18},"end":{"line":242,"column":40}}],"line":242},"30":{"loc":{"start":{"line":243,"column":4},"end":{"line":243,"column":15}},"type":"default-arg","locations":[{"start":{"line":243,"column":11},"end":{"line":243,"column":15}}],"line":243},"31":{"loc":{"start":{"line":244,"column":4},"end":{"line":244,"column":20}},"type":"default-arg","locations":[{"start":{"line":244,"column":15},"end":{"line":244,"column":20}}],"line":244},"32":{"loc":{"start":{"line":252,"column":2},"end":{"line":252,"column":58}},"type":"if","locations":[{"start":{"line":252,"column":2},"end":{"line":252,"column":58}},{"start":{},"end":{}}],"line":252},"33":{"loc":{"start":{"line":253,"column":2},"end":{"line":253,"column":58}},"type":"if","locations":[{"start":{"line":253,"column":2},"end":{"line":253,"column":58}},{"start":{},"end":{}}],"line":253},"34":{"loc":{"start":{"line":276,"column":15},"end":{"line":276,"column":51}},"type":"cond-expr","locations":[{"start":{"line":276,"column":35},"end":{"line":276,"column":41}},{"start":{"line":276,"column":44},"end":{"line":276,"column":51}}],"line":276},"35":{"loc":{"start":{"line":276,"column":15},"end":{"line":276,"column":32}},"type":"binary-expr","locations":[{"start":{"line":276,"column":15},"end":{"line":276,"column":19}},{"start":{"line":276,"column":23},"end":{"line":276,"column":32}}],"line":276},"36":{"loc":{"start":{"line":277,"column":16},"end":{"line":277,"column":43}},"type":"cond-expr","locations":[{"start":{"line":277,"column":27},"end":{"line":277,"column":33}},{"start":{"line":277,"column":36},"end":{"line":277,"column":43}}],"line":277},"37":{"loc":{"start":{"line":306,"column":4},"end":{"line":317,"column":5}},"type":"if","locations":[{"start":{"line":306,"column":4},"end":{"line":317,"column":5}},{"start":{},"end":{}}],"line":306},"38":{"loc":{"start":{"line":311,"column":8},"end":{"line":313,"column":9}},"type":"if","locations":[{"start":{"line":311,"column":8},"end":{"line":313,"column":9}},{"start":{},"end":{}}],"line":311},"39":{"loc":{"start":{"line":311,"column":12},"end":{"line":311,"column":66}},"type":"binary-expr","locations":[{"start":{"line":311,"column":12},"end":{"line":311,"column":28}},{"start":{"line":311,"column":32},"end":{"line":311,"column":66}}],"line":311},"40":{"loc":{"start":{"line":320,"column":42},"end":{"line":320,"column":56}},"type":"default-arg","locations":[{"start":{"line":320,"column":52},"end":{"line":320,"column":56}}],"line":320},"41":{"loc":{"start":{"line":323,"column":4},"end":{"line":330,"column":5}},"type":"if","locations":[{"start":{"line":323,"column":4},"end":{"line":330,"column":5}},{"start":{"line":328,"column":11},"end":{"line":330,"column":5}}],"line":323},"42":{"loc":{"start":{"line":336,"column":19},"end":{"line":338,"column":11}},"type":"cond-expr","locations":[{"start":{"line":337,"column":10},"end":{"line":337,"column":70}},{"start":{"line":338,"column":10},"end":{"line":338,"column":11}}],"line":336},"43":{"loc":{"start":{"line":354,"column":4},"end":{"line":356,"column":5}},"type":"if","locations":[{"start":{"line":354,"column":4},"end":{"line":356,"column":5}},{"start":{},"end":{}}],"line":354},"44":{"loc":{"start":{"line":357,"column":4},"end":{"line":359,"column":5}},"type":"if","locations":[{"start":{"line":357,"column":4},"end":{"line":359,"column":5}},{"start":{},"end":{}}],"line":357}},"s":{"0":2,"1":0,"2":0,"3":0,"4":0,"5":0,"6":2,"7":0,"8":0,"9":0,"10":0,"11":0,"12":2,"13":0,"14":0,"15":0,"16":0,"17":0,"18":0,"19":0,"20":0,"21":0,"22":0,"23":0,"24":0,"25":0,"26":0,"27":0,"28":0,"29":0,"30":0,"31":0,"32":0,"33":0,"34":2,"35":0,"36":0,"37":0,"38":0,"39":0,"40":0,"41":0,"42":0,"43":0,"44":0,"45":0,"46":0,"47":0,"48":0,"49":0,"50":0,"51":0,"52":0,"53":0,"54":0,"55":0,"56":0,"57":0,"58":0,"59":2,"60":0,"61":0,"62":0,"63":0,"64":0,"65":2,"66":13,"67":13,"68":13,"69":0,"70":13,"71":2,"72":13,"73":0,"74":0,"75":0,"76":0,"77":2,"78":13,"79":13,"80":13,"81":13,"82":13,"83":13,"84":13,"85":13,"86":13,"87":0,"88":13,"89":13,"90":0,"91":0,"92":2,"93":2,"94":0,"95":0,"96":0,"97":0,"98":0,"99":0,"100":0,"101":0,"102":0,"103":0,"104":0,"105":0,"106":0,"107":0,"108":0,"109":2,"110":2,"111":2,"112":2,"113":0,"114":0,"115":0,"116":0,"117":0,"118":0,"119":0,"120":0,"121":0,"122":0,"123":0,"124":0,"125":0,"126":0,"127":0,"128":0,"129":0,"130":0,"131":0,"132":2},"f":{"0":0,"1":0,"2":0,"3":0,"4":0,"5":0,"6":0,"7":0,"8":0,"9":0,"10":0,"11":0,"12":0,"13":0,"14":0,"15":0,"16":0,"17":13,"18":13,"19":0,"20":13,"21":13,"22":0,"23":0,"24":0,"25":2,"26":2,"27":0,"28":0,"29":0,"30":0,"31":0},"b":{"0":[0],"1":[0,0],"2":[0,0],"3":[0,0],"4":[0],"5":[0,0],"6":[0],"7":[0,0],"8":[0,0],"9":[0],"10":[0],"11":[0],"12":[0],"13":[0],"14":[0,0],"15":[0,0],"16":[0,0],"17":[0,0],"18":[0,0],"19":[0],"20":[0],"21":[0],"22":[13],"23":[13,0],"24":[13,0],"25":[13,0],"26":[0,13],"27":[13,0],"28":[0],"29":[0],"30":[0],"31":[0],"32":[0,0],"33":[0,0],"34":[0,0],"35":[0,0],"36":[0,0],"37":[0,2],"38":[0,0],"39":[0,0],"40":[0],"41":[0,0],"42":[0,0],"43":[0,0],"44":[0,0]},"_coverageSchema":"1a1c01bbd47fc00a2c39e90264f33305004495a9","hash":"75128a39922f0409e8a302630d9ba23a82301e1b"}
}
