{"/Users/patriciozepeda/Dropbox/Cursos/Fullstack/proyecto_final_cafeteria/backend/src/app.js": {"path":"/Users/patriciozepeda/Dropbox/Cursos/Fullstack/proyecto_final_cafeteria/backend/src/app.js","statementMap":{"0":{"start":{"line":1,"column":16},"end":{"line":1,"column":34}},"1":{"start":{"line":2,"column":13},"end":{"line":2,"column":28}},"2":{"start":{"line":3,"column":20},"end":{"line":3,"column":42}},"3":{"start":{"line":4,"column":29},"end":{"line":4,"column":60}},"4":{"start":{"line":7,"column":24},"end":{"line":7,"column":60}},"5":{"start":{"line":8,"column":23},"end":{"line":8,"column":58}},"6":{"start":{"line":9,"column":22},"end":{"line":9,"column":56}},"7":{"start":{"line":10,"column":23},"end":{"line":10,"column":58}},"8":{"start":{"line":11,"column":25},"end":{"line":11,"column":62}},"9":{"start":{"line":12,"column":25},"end":{"line":12,"column":62}},"10":{"start":{"line":13,"column":22},"end":{"line":13,"column":56}},"11":{"start":{"line":14,"column":26},"end":{"line":14,"column":65}},"12":{"start":{"line":15,"column":28},"end":{"line":15,"column":69}},"13":{"start":{"line":16,"column":20},"end":{"line":16,"column":52}},"14":{"start":{"line":17,"column":26},"end":{"line":17,"column":64}},"15":{"start":{"line":18,"column":20},"end":{"line":18,"column":52}},"16":{"start":{"line":19,"column":30},"end":{"line":19,"column":73}},"17":{"start":{"line":21,"column":12},"end":{"line":21,"column":21}},"18":{"start":{"line":24,"column":0},"end":{"line":24,"column":16}},"19":{"start":{"line":25,"column":0},"end":{"line":25,"column":24}},"20":{"start":{"line":26,"column":0},"end":{"line":26,"column":23}},"21":{"start":{"line":29,"column":0},"end":{"line":31,"column":1}},"22":{"start":{"line":30,"column":2},"end":{"line":30,"column":24}},"23":{"start":{"line":34,"column":0},"end":{"line":34,"column":43}},"24":{"start":{"line":35,"column":0},"end":{"line":35,"column":41}},"25":{"start":{"line":36,"column":0},"end":{"line":36,"column":39}},"26":{"start":{"line":37,"column":0},"end":{"line":37,"column":41}},"27":{"start":{"line":38,"column":0},"end":{"line":38,"column":48}},"28":{"start":{"line":39,"column":0},"end":{"line":39,"column":45}},"29":{"start":{"line":40,"column":0},"end":{"line":40,"column":45}},"30":{"start":{"line":41,"column":0},"end":{"line":41,"column":31}},"31":{"start":{"line":42,"column":0},"end":{"line":42,"column":48}},"32":{"start":{"line":43,"column":0},"end":{"line":43,"column":52}},"33":{"start":{"line":44,"column":0},"end":{"line":44,"column":35}},"34":{"start":{"line":45,"column":0},"end":{"line":45,"column":47}},"35":{"start":{"line":46,"column":0},"end":{"line":46,"column":35}},"36":{"start":{"line":49,"column":0},"end":{"line":56,"column":3}},"37":{"start":{"line":50,"column":2},"end":{"line":55,"column":5}},"38":{"start":{"line":59,"column":0},"end":{"line":69,"column":3}},"39":{"start":{"line":60,"column":17},"end":{"line":60,"column":56}},"40":{"start":{"line":61,"column":18},"end":{"line":61,"column":63}},"41":{"start":{"line":63,"column":2},"end":{"line":68,"column":5}},"42":{"start":{"line":72,"column":0},"end":{"line":80,"column":3}},"43":{"start":{"line":73,"column":2},"end":{"line":79,"column":5}},"44":{"start":{"line":82,"column":0},"end":{"line":82,"column":21}}},"fnMap":{"0":{"name":"(anonymous_0)","decl":{"start":{"line":49,"column":13},"end":{"line":49,"column":14}},"loc":{"start":{"line":49,"column":27},"end":{"line":56,"column":1}},"line":49},"1":{"name":"(anonymous_1)","decl":{"start":{"line":59,"column":8},"end":{"line":59,"column":9}},"loc":{"start":{"line":59,"column":35},"end":{"line":69,"column":1}},"line":59},"2":{"name":"(anonymous_2)","decl":{"start":{"line":72,"column":8},"end":{"line":72,"column":9}},"loc":{"start":{"line":72,"column":22},"end":{"line":80,"column":1}},"line":72}},"branchMap":{"0":{"loc":{"start":{"line":29,"column":0},"end":{"line":31,"column":1}},"type":"if","locations":[{"start":{"line":29,"column":0},"end":{"line":31,"column":1}},{"start":{},"end":{}}],"line":29},"1":{"loc":{"start":{"line":53,"column":17},"end":{"line":53,"column":54}},"type":"binary-expr","locations":[{"start":{"line":53,"column":17},"end":{"line":53,"column":37}},{"start":{"line":53,"column":41},"end":{"line":53,"column":54}}],"line":53},"2":{"loc":{"start":{"line":60,"column":17},"end":{"line":60,"column":56}},"type":"binary-expr","locations":[{"start":{"line":60,"column":17},"end":{"line":60,"column":29}},{"start":{"line":60,"column":33},"end":{"line":60,"column":49}},{"start":{"line":60,"column":53},"end":{"line":60,"column":56}}],"line":60},"3":{"loc":{"start":{"line":61,"column":18},"end":{"line":61,"column":63}},"type":"binary-expr","locations":[{"start":{"line":61,"column":18},"end":{"line":61,"column":31}},{"start":{"line":61,"column":35},"end":{"line":61,"column":63}}],"line":61},"4":{"loc":{"start":{"line":67,"column":8},"end":{"line":67,"column":72}},"type":"binary-expr","locations":[{"start":{"line":67,"column":8},"end":{"line":67,"column":46}},{"start":{"line":67,"column":50},"end":{"line":67,"column":72}}],"line":67}},"s":{"0":14,"1":14,"2":14,"3":14,"4":14,"5":14,"6":14,"7":14,"8":14,"9":14,"10":14,"11":14,"12":14,"13":14,"14":14,"15":14,"16":14,"17":14,"18":14,"19":14,"20":14,"21":14,"22":0,"23":14,"24":14,"25":14,"26":14,"27":14,"28":14,"29":14,"30":14,"31":14,"32":14,"33":14,"34":14,"35":14,"36":14,"37":2,"38":14,"39":50,"40":50,"41":50,"42":14,"43":13,"44":14},"f":{"0":2,"1":50,"2":13},"b":{"0":[0,14],"1":[2,0],"2":[50,7,7],"3":[50,0],"4":[50,0]},"_coverageSchema":"1a1c01bbd47fc00a2c39e90264f33305004495a9","hash":"cb8bb4e731afe8ed75af15a08618def0babfccbf"}
,"/Users/patriciozepeda/Dropbox/Cursos/Fullstack/proyecto_final_cafeteria/backend/src/config/database.js": {"path":"/Users/patriciozepeda/Dropbox/Cursos/Fullstack/proyecto_final_cafeteria/backend/src/config/database.js","statementMap":{"0":{"start":{"line":1,"column":0},"end":{"line":27,"column":2}}},"fnMap":{},"branchMap":{"0":{"loc":{"start":{"line":3,"column":14},"end":{"line":3,"column":53}},"type":"binary-expr","locations":[{"start":{"line":3,"column":14},"end":{"line":3,"column":33}},{"start":{"line":3,"column":37},"end":{"line":3,"column":53}}],"line":3},"1":{"loc":{"start":{"line":4,"column":14},"end":{"line":4,"column":39}},"type":"binary-expr","locations":[{"start":{"line":4,"column":14},"end":{"line":4,"column":33}},{"start":{"line":4,"column":37},"end":{"line":4,"column":39}}],"line":4},"2":{"loc":{"start":{"line":5,"column":14},"end":{"line":5,"column":58}},"type":"binary-expr","locations":[{"start":{"line":5,"column":14},"end":{"line":5,"column":33}},{"start":{"line":5,"column":37},"end":{"line":5,"column":58}}],"line":5},"3":{"loc":{"start":{"line":6,"column":10},"end":{"line":6,"column":44}},"type":"binary-expr","locations":[{"start":{"line":6,"column":10},"end":{"line":6,"column":29}},{"start":{"line":6,"column":33},"end":{"line":6,"column":44}}],"line":6},"4":{"loc":{"start":{"line":7,"column":10},"end":{"line":7,"column":37}},"type":"binary-expr","locations":[{"start":{"line":7,"column":10},"end":{"line":7,"column":29}},{"start":{"line":7,"column":33},"end":{"line":7,"column":37}}],"line":7},"5":{"loc":{"start":{"line":11,"column":14},"end":{"line":11,"column":53}},"type":"binary-expr","locations":[{"start":{"line":11,"column":14},"end":{"line":11,"column":33}},{"start":{"line":11,"column":37},"end":{"line":11,"column":53}}],"line":11},"6":{"loc":{"start":{"line":12,"column":14},"end":{"line":12,"column":39}},"type":"binary-expr","locations":[{"start":{"line":12,"column":14},"end":{"line":12,"column":33}},{"start":{"line":12,"column":37},"end":{"line":12,"column":39}}],"line":12},"7":{"loc":{"start":{"line":13,"column":14},"end":{"line":13,"column":58}},"type":"binary-expr","locations":[{"start":{"line":13,"column":14},"end":{"line":13,"column":33}},{"start":{"line":13,"column":37},"end":{"line":13,"column":58}}],"line":13},"8":{"loc":{"start":{"line":14,"column":10},"end":{"line":14,"column":44}},"type":"binary-expr","locations":[{"start":{"line":14,"column":10},"end":{"line":14,"column":29}},{"start":{"line":14,"column":33},"end":{"line":14,"column":44}}],"line":14},"9":{"loc":{"start":{"line":15,"column":10},"end":{"line":15,"column":37}},"type":"binary-expr","locations":[{"start":{"line":15,"column":10},"end":{"line":15,"column":29}},{"start":{"line":15,"column":33},"end":{"line":15,"column":37}}],"line":15},"10":{"loc":{"start":{"line":24,"column":10},"end":{"line":24,"column":37}},"type":"binary-expr","locations":[{"start":{"line":24,"column":10},"end":{"line":24,"column":29}},{"start":{"line":24,"column":33},"end":{"line":24,"column":37}}],"line":24}},"s":{"0":28},"f":{},"b":{"0":[28,0],"1":[28,28],"2":[28,0],"3":[28,0],"4":[28,0],"5":[28,0],"6":[28,28],"7":[28,0],"8":[28,0],"9":[28,0],"10":[28,0]},"_coverageSchema":"1a1c01bbd47fc00a2c39e90264f33305004495a9","hash":"0fdcffedbde80d532befad4c79839c0390c0434f"}
,"/Users/patriciozepeda/Dropbox/Cursos/Fullstack/proyecto_final_cafeteria/backend/src/config/performance.js": {"path":"/Users/patriciozepeda/Dropbox/Cursos/Fullstack/proyecto_final_cafeteria/backend/src/config/performance.js","statementMap":{"0":{"start":{"line":1,"column":20},"end":{"line":1,"column":42}},"1":{"start":{"line":2,"column":15},"end":{"line":2,"column":32}},"2":{"start":{"line":3,"column":18},"end":{"line":3,"column":47}},"3":{"start":{"line":4,"column":14},"end":{"line":4,"column":32}},"4":{"start":{"line":5,"column":24},"end":{"line":5,"column":45}},"5":{"start":{"line":6,"column":23},"end":{"line":6,"column":50}},"6":{"start":{"line":7,"column":18},"end":{"line":7,"column":39}},"7":{"start":{"line":14,"column":20},"end":{"line":23,"column":1}},"8":{"start":{"line":26,"column":18},"end":{"line":26,"column":22}},"9":{"start":{"line":29,"column":0},"end":{"line":47,"column":1}},"10":{"start":{"line":30,"column":2},"end":{"line":46,"column":3}},"11":{"start":{"line":31,"column":4},"end":{"line":35,"column":7}},"12":{"start":{"line":34,"column":32},"end":{"line":34,"column":58}},"13":{"start":{"line":37,"column":4},"end":{"line":39,"column":7}},"14":{"start":{"line":38,"column":6},"end":{"line":38,"column":52}},"15":{"start":{"line":41,"column":4},"end":{"line":43,"column":7}},"16":{"start":{"line":42,"column":6},"end":{"line":42,"column":54}},"17":{"start":{"line":45,"column":4},"end":{"line":45,"column":64}},"18":{"start":{"line":52,"column":24},"end":{"line":64,"column":1}},"19":{"start":{"line":53,"column":2},"end":{"line":63,"column":5}},"20":{"start":{"line":61,"column":32},"end":{"line":61,"column":57}},"21":{"start":{"line":67,"column":19},"end":{"line":103,"column":1}},"22":{"start":{"line":106,"column":14},"end":{"line":110,"column":2}},"23":{"start":{"line":113,"column":24},"end":{"line":146,"column":1}},"24":{"start":{"line":114,"column":2},"end":{"line":145,"column":4}},"25":{"start":{"line":116,"column":4},"end":{"line":118,"column":5}},"26":{"start":{"line":117,"column":6},"end":{"line":117,"column":20}},"27":{"start":{"line":121,"column":16},"end":{"line":121,"column":47}},"28":{"start":{"line":124,"column":27},"end":{"line":124,"column":41}},"29":{"start":{"line":126,"column":4},"end":{"line":129,"column":5}},"30":{"start":{"line":127,"column":6},"end":{"line":127,"column":42}},"31":{"start":{"line":128,"column":6},"end":{"line":128,"column":38}},"32":{"start":{"line":132,"column":25},"end":{"line":132,"column":33}},"33":{"start":{"line":133,"column":4},"end":{"line":142,"column":6}},"34":{"start":{"line":135,"column":6},"end":{"line":138,"column":7}},"35":{"start":{"line":136,"column":8},"end":{"line":136,"column":34}},"36":{"start":{"line":137,"column":8},"end":{"line":137,"column":59}},"37":{"start":{"line":141,"column":6},"end":{"line":141,"column":43}},"38":{"start":{"line":144,"column":4},"end":{"line":144,"column":11}},"39":{"start":{"line":149,"column":26},"end":{"line":159,"column":1}},"40":{"start":{"line":150,"column":15},"end":{"line":150,"column":27}},"41":{"start":{"line":151,"column":23},"end":{"line":151,"column":64}},"42":{"start":{"line":151,"column":42},"end":{"line":151,"column":63}},"43":{"start":{"line":153,"column":2},"end":{"line":155,"column":5}},"44":{"start":{"line":154,"column":4},"end":{"line":154,"column":19}},"45":{"start":{"line":157,"column":2},"end":{"line":157,"column":86}},"46":{"start":{"line":158,"column":2},"end":{"line":158,"column":29}},"47":{"start":{"line":162,"column":22},"end":{"line":170,"column":1}},"48":{"start":{"line":163,"column":2},"end":{"line":169,"column":4}},"49":{"start":{"line":173,"column":22},"end":{"line":178,"column":1}},"50":{"start":{"line":174,"column":19},"end":{"line":174,"column":38}},"51":{"start":{"line":175,"column":2},"end":{"line":175,"column":19}},"52":{"start":{"line":176,"column":2},"end":{"line":176,"column":57}},"53":{"start":{"line":177,"column":2},"end":{"line":177,"column":18}},"54":{"start":{"line":183,"column":30},"end":{"line":195,"column":2}},"55":{"start":{"line":186,"column":4},"end":{"line":188,"column":5}},"56":{"start":{"line":187,"column":6},"end":{"line":187,"column":19}},"57":{"start":{"line":191,"column":4},"end":{"line":191,"column":40}},"58":{"start":{"line":200,"column":21},"end":{"line":210,"column":2}},"59":{"start":{"line":215,"column":30},"end":{"line":242,"column":1}},"60":{"start":{"line":216,"column":20},"end":{"line":216,"column":37}},"61":{"start":{"line":219,"column":22},"end":{"line":219,"column":29}},"62":{"start":{"line":221,"column":2},"end":{"line":239,"column":4}},"63":{"start":{"line":222,"column":20},"end":{"line":222,"column":37}},"64":{"start":{"line":223,"column":21},"end":{"line":223,"column":40}},"65":{"start":{"line":226,"column":4},"end":{"line":226,"column":59}},"66":{"start":{"line":229,"column":4},"end":{"line":231,"column":5}},"67":{"start":{"line":230,"column":6},"end":{"line":230,"column":99}},"68":{"start":{"line":234,"column":4},"end":{"line":236,"column":5}},"69":{"start":{"line":235,"column":6},"end":{"line":235,"column":105}},"70":{"start":{"line":238,"column":4},"end":{"line":238,"column":41}},"71":{"start":{"line":241,"column":2},"end":{"line":241,"column":9}},"72":{"start":{"line":247,"column":24},"end":{"line":273,"column":1}},"73":{"start":{"line":248,"column":2},"end":{"line":272,"column":4}},"74":{"start":{"line":250,"column":25},"end":{"line":250,"column":33}},"75":{"start":{"line":252,"column":4},"end":{"line":269,"column":6}},"76":{"start":{"line":254,"column":6},"end":{"line":266,"column":7}},"77":{"start":{"line":255,"column":8},"end":{"line":265,"column":11}},"78":{"start":{"line":256,"column":10},"end":{"line":264,"column":11}},"79":{"start":{"line":257,"column":25},"end":{"line":257,"column":69}},"80":{"start":{"line":258,"column":12},"end":{"line":261,"column":13}},"81":{"start":{"line":259,"column":14},"end":{"line":259,"column":45}},"82":{"start":{"line":260,"column":14},"end":{"line":260,"column":98}},"83":{"start":{"line":263,"column":12},"end":{"line":263,"column":61}},"84":{"start":{"line":268,"column":6},"end":{"line":268,"column":43}},"85":{"start":{"line":271,"column":4},"end":{"line":271,"column":11}},"86":{"start":{"line":278,"column":31},"end":{"line":291,"column":1}},"87":{"start":{"line":279,"column":2},"end":{"line":290,"column":4}},"88":{"start":{"line":280,"column":26},"end":{"line":280,"column":61}},"89":{"start":{"line":282,"column":4},"end":{"line":287,"column":5}},"90":{"start":{"line":283,"column":6},"end":{"line":286,"column":9}},"91":{"start":{"line":289,"column":4},"end":{"line":289,"column":11}},"92":{"start":{"line":296,"column":30},"end":{"line":306,"column":1}},"93":{"start":{"line":297,"column":22},"end":{"line":303,"column":3}},"94":{"start":{"line":305,"column":2},"end":{"line":305,"column":36}},"95":{"start":{"line":311,"column":19},"end":{"line":335,"column":1}},"96":{"start":{"line":314,"column":27},"end":{"line":320,"column":21}},"97":{"start":{"line":323,"column":4},"end":{"line":323,"column":45}},"98":{"start":{"line":323,"column":17},"end":{"line":323,"column":45}},"99":{"start":{"line":325,"column":4},"end":{"line":329,"column":5}},"100":{"start":{"line":326,"column":6},"end":{"line":326,"column":27}},"101":{"start":{"line":328,"column":6},"end":{"line":328,"column":51}},"102":{"start":{"line":340,"column":25},"end":{"line":349,"column":1}},"103":{"start":{"line":341,"column":2},"end":{"line":341,"column":49}},"104":{"start":{"line":343,"column":2},"end":{"line":346,"column":3}},"105":{"start":{"line":344,"column":4},"end":{"line":344,"column":29}},"106":{"start":{"line":345,"column":4},"end":{"line":345,"column":40}},"107":{"start":{"line":348,"column":2},"end":{"line":348,"column":18}},"108":{"start":{"line":352,"column":0},"end":{"line":352,"column":40}},"109":{"start":{"line":353,"column":0},"end":{"line":353,"column":39}},"110":{"start":{"line":355,"column":25},"end":{"line":376,"column":1}},"111":{"start":{"line":357,"column":2},"end":{"line":357,"column":25}},"112":{"start":{"line":360,"column":18},"end":{"line":363,"column":4}},"113":{"start":{"line":365,"column":2},"end":{"line":365,"column":19}},"114":{"start":{"line":368,"column":2},"end":{"line":373,"column":5}},"115":{"start":{"line":369,"column":4},"end":{"line":369,"column":55}},"116":{"start":{"line":370,"column":4},"end":{"line":370,"column":45}},"117":{"start":{"line":371,"column":4},"end":{"line":371,"column":55}},"118":{"start":{"line":372,"column":4},"end":{"line":372,"column":11}},"119":{"start":{"line":375,"column":2},"end":{"line":375,"column":13}},"120":{"start":{"line":378,"column":0},"end":{"line":395,"column":2}}},"fnMap":{"0":{"name":"(anonymous_0)","decl":{"start":{"line":34,"column":21},"end":{"line":34,"column":22}},"loc":{"start":{"line":34,"column":32},"end":{"line":34,"column":58}},"line":34},"1":{"name":"(anonymous_1)","decl":{"start":{"line":37,"column":30},"end":{"line":37,"column":31}},"loc":{"start":{"line":37,"column":36},"end":{"line":39,"column":5}},"line":37},"2":{"name":"(anonymous_2)","decl":{"start":{"line":41,"column":28},"end":{"line":41,"column":29}},"loc":{"start":{"line":41,"column":37},"end":{"line":43,"column":5}},"line":41},"3":{"name":"(anonymous_3)","decl":{"start":{"line":52,"column":24},"end":{"line":52,"column":25}},"loc":{"start":{"line":52,"column":84},"end":{"line":64,"column":1}},"line":52},"4":{"name":"(anonymous_4)","decl":{"start":{"line":61,"column":19},"end":{"line":61,"column":20}},"loc":{"start":{"line":61,"column":32},"end":{"line":61,"column":57}},"line":61},"5":{"name":"(anonymous_5)","decl":{"start":{"line":113,"column":24},"end":{"line":113,"column":25}},"loc":{"start":{"line":113,"column":39},"end":{"line":146,"column":1}},"line":113},"6":{"name":"(anonymous_6)","decl":{"start":{"line":114,"column":9},"end":{"line":114,"column":10}},"loc":{"start":{"line":114,"column":29},"end":{"line":145,"column":3}},"line":114},"7":{"name":"(anonymous_7)","decl":{"start":{"line":133,"column":15},"end":{"line":133,"column":16}},"loc":{"start":{"line":133,"column":30},"end":{"line":142,"column":5}},"line":133},"8":{"name":"(anonymous_8)","decl":{"start":{"line":149,"column":26},"end":{"line":149,"column":27}},"loc":{"start":{"line":149,"column":39},"end":{"line":159,"column":1}},"line":149},"9":{"name":"(anonymous_9)","decl":{"start":{"line":151,"column":35},"end":{"line":151,"column":36}},"loc":{"start":{"line":151,"column":42},"end":{"line":151,"column":63}},"line":151},"10":{"name":"(anonymous_10)","decl":{"start":{"line":153,"column":23},"end":{"line":153,"column":24}},"loc":{"start":{"line":153,"column":30},"end":{"line":155,"column":3}},"line":153},"11":{"name":"(anonymous_11)","decl":{"start":{"line":162,"column":22},"end":{"line":162,"column":23}},"loc":{"start":{"line":162,"column":28},"end":{"line":170,"column":1}},"line":162},"12":{"name":"(anonymous_12)","decl":{"start":{"line":173,"column":22},"end":{"line":173,"column":23}},"loc":{"start":{"line":173,"column":28},"end":{"line":178,"column":1}},"line":173},"13":{"name":"(anonymous_13)","decl":{"start":{"line":184,"column":10},"end":{"line":184,"column":11}},"loc":{"start":{"line":184,"column":24},"end":{"line":192,"column":3}},"line":184},"14":{"name":"(anonymous_14)","decl":{"start":{"line":215,"column":30},"end":{"line":215,"column":31}},"loc":{"start":{"line":215,"column":50},"end":{"line":242,"column":1}},"line":215},"15":{"name":"(anonymous_15)","decl":{"start":{"line":221,"column":12},"end":{"line":221,"column":13}},"loc":{"start":{"line":221,"column":30},"end":{"line":239,"column":3}},"line":221},"16":{"name":"(anonymous_16)","decl":{"start":{"line":247,"column":24},"end":{"line":247,"column":25}},"loc":{"start":{"line":247,"column":43},"end":{"line":273,"column":1}},"line":247},"17":{"name":"(anonymous_17)","decl":{"start":{"line":248,"column":9},"end":{"line":248,"column":10}},"loc":{"start":{"line":248,"column":35},"end":{"line":272,"column":3}},"line":248},"18":{"name":"(anonymous_18)","decl":{"start":{"line":252,"column":15},"end":{"line":252,"column":16}},"loc":{"start":{"line":252,"column":30},"end":{"line":269,"column":5}},"line":252},"19":{"name":"(anonymous_19)","decl":{"start":{"line":255,"column":25},"end":{"line":255,"column":26}},"loc":{"start":{"line":255,"column":44},"end":{"line":265,"column":9}},"line":255},"20":{"name":"(anonymous_20)","decl":{"start":{"line":278,"column":31},"end":{"line":278,"column":32}},"loc":{"start":{"line":278,"column":51},"end":{"line":291,"column":1}},"line":278},"21":{"name":"(anonymous_21)","decl":{"start":{"line":279,"column":9},"end":{"line":279,"column":10}},"loc":{"start":{"line":279,"column":29},"end":{"line":290,"column":3}},"line":279},"22":{"name":"(anonymous_22)","decl":{"start":{"line":296,"column":30},"end":{"line":296,"column":31}},"loc":{"start":{"line":296,"column":44},"end":{"line":306,"column":1}},"line":296},"23":{"name":"(anonymous_23)","decl":{"start":{"line":312,"column":10},"end":{"line":312,"column":11}},"loc":{"start":{"line":312,"column":32},"end":{"line":330,"column":3}},"line":312},"24":{"name":"(anonymous_24)","decl":{"start":{"line":340,"column":25},"end":{"line":340,"column":26}},"loc":{"start":{"line":340,"column":31},"end":{"line":349,"column":1}},"line":340},"25":{"name":"(anonymous_25)","decl":{"start":{"line":355,"column":25},"end":{"line":355,"column":26}},"loc":{"start":{"line":355,"column":34},"end":{"line":376,"column":1}},"line":355},"26":{"name":"(anonymous_26)","decl":{"start":{"line":368,"column":10},"end":{"line":368,"column":11}},"loc":{"start":{"line":368,"column":30},"end":{"line":373,"column":3}},"line":368}},"branchMap":{"0":{"loc":{"start":{"line":15,"column":8},"end":{"line":15,"column":45}},"type":"binary-expr","locations":[{"start":{"line":15,"column":8},"end":{"line":15,"column":30}},{"start":{"line":15,"column":34},"end":{"line":15,"column":45}}],"line":15},"1":{"loc":{"start":{"line":16,"column":8},"end":{"line":16,"column":38}},"type":"binary-expr","locations":[{"start":{"line":16,"column":8},"end":{"line":16,"column":30}},{"start":{"line":16,"column":34},"end":{"line":16,"column":38}}],"line":16},"2":{"loc":{"start":{"line":17,"column":12},"end":{"line":17,"column":46}},"type":"binary-expr","locations":[{"start":{"line":17,"column":12},"end":{"line":17,"column":38}},{"start":{"line":17,"column":42},"end":{"line":17,"column":46}}],"line":17},"3":{"loc":{"start":{"line":29,"column":0},"end":{"line":47,"column":1}},"type":"if","locations":[{"start":{"line":29,"column":0},"end":{"line":47,"column":1}},{"start":{},"end":{}}],"line":29},"4":{"loc":{"start":{"line":32,"column":12},"end":{"line":32,"column":49}},"type":"binary-expr","locations":[{"start":{"line":32,"column":12},"end":{"line":32,"column":34}},{"start":{"line":32,"column":38},"end":{"line":32,"column":49}}],"line":32},"5":{"loc":{"start":{"line":33,"column":12},"end":{"line":33,"column":42}},"type":"binary-expr","locations":[{"start":{"line":33,"column":12},"end":{"line":33,"column":34}},{"start":{"line":33,"column":38},"end":{"line":33,"column":42}}],"line":33},"6":{"loc":{"start":{"line":52,"column":49},"end":{"line":52,"column":79}},"type":"default-arg","locations":[{"start":{"line":52,"column":74},"end":{"line":52,"column":79}}],"line":52},"7":{"loc":{"start":{"line":60,"column":11},"end":{"line":62,"column":18}},"type":"cond-expr","locations":[{"start":{"line":60,"column":25},"end":{"line":62,"column":6}},{"start":{"line":62,"column":9},"end":{"line":62,"column":18}}],"line":60},"8":{"loc":{"start":{"line":113,"column":25},"end":{"line":113,"column":34}},"type":"default-arg","locations":[{"start":{"line":113,"column":31},"end":{"line":113,"column":34}}],"line":113},"9":{"loc":{"start":{"line":116,"column":4},"end":{"line":118,"column":5}},"type":"if","locations":[{"start":{"line":116,"column":4},"end":{"line":118,"column":5}},{"start":{},"end":{}}],"line":116},"10":{"loc":{"start":{"line":121,"column":19},"end":{"line":121,"column":45}},"type":"binary-expr","locations":[{"start":{"line":121,"column":19},"end":{"line":121,"column":34}},{"start":{"line":121,"column":38},"end":{"line":121,"column":45}}],"line":121},"11":{"loc":{"start":{"line":126,"column":4},"end":{"line":129,"column":5}},"type":"if","locations":[{"start":{"line":126,"column":4},"end":{"line":129,"column":5}},{"start":{},"end":{}}],"line":126},"12":{"loc":{"start":{"line":135,"column":6},"end":{"line":138,"column":7}},"type":"if","locations":[{"start":{"line":135,"column":6},"end":{"line":138,"column":7}},{"start":{},"end":{}}],"line":135},"13":{"loc":{"start":{"line":186,"column":4},"end":{"line":188,"column":5}},"type":"if","locations":[{"start":{"line":186,"column":4},"end":{"line":188,"column":5}},{"start":{},"end":{}}],"line":186},"14":{"loc":{"start":{"line":229,"column":4},"end":{"line":231,"column":5}},"type":"if","locations":[{"start":{"line":229,"column":4},"end":{"line":231,"column":5}},{"start":{},"end":{}}],"line":229},"15":{"loc":{"start":{"line":234,"column":4},"end":{"line":236,"column":5}},"type":"if","locations":[{"start":{"line":234,"column":4},"end":{"line":236,"column":5}},{"start":{},"end":{}}],"line":234},"16":{"loc":{"start":{"line":247,"column":25},"end":{"line":247,"column":38}},"type":"default-arg","locations":[{"start":{"line":247,"column":36},"end":{"line":247,"column":38}}],"line":247},"17":{"loc":{"start":{"line":254,"column":6},"end":{"line":266,"column":7}},"type":"if","locations":[{"start":{"line":254,"column":6},"end":{"line":266,"column":7}},{"start":{},"end":{}}],"line":254},"18":{"loc":{"start":{"line":254,"column":10},"end":{"line":254,"column":70}},"type":"binary-expr","locations":[{"start":{"line":254,"column":10},"end":{"line":254,"column":31}},{"start":{"line":254,"column":35},"end":{"line":254,"column":55}},{"start":{"line":254,"column":59},"end":{"line":254,"column":70}}],"line":254},"19":{"loc":{"start":{"line":258,"column":12},"end":{"line":261,"column":13}},"type":"if","locations":[{"start":{"line":258,"column":12},"end":{"line":261,"column":13}},{"start":{},"end":{}}],"line":258},"20":{"loc":{"start":{"line":278,"column":32},"end":{"line":278,"column":46}},"type":"default-arg","locations":[{"start":{"line":278,"column":40},"end":{"line":278,"column":46}}],"line":278},"21":{"loc":{"start":{"line":282,"column":4},"end":{"line":287,"column":5}},"type":"if","locations":[{"start":{"line":282,"column":4},"end":{"line":287,"column":5}},{"start":{},"end":{}}],"line":282},"22":{"loc":{"start":{"line":302,"column":11},"end":{"line":302,"column":53}},"type":"cond-expr","locations":[{"start":{"line":302,"column":25},"end":{"line":302,"column":36}},{"start":{"line":302,"column":39},"end":{"line":302,"column":53}}],"line":302},"23":{"loc":{"start":{"line":323,"column":4},"end":{"line":323,"column":45}},"type":"if","locations":[{"start":{"line":323,"column":4},"end":{"line":323,"column":45}},{"start":{},"end":{}}],"line":323},"24":{"loc":{"start":{"line":325,"column":4},"end":{"line":329,"column":5}},"type":"if","locations":[{"start":{"line":325,"column":4},"end":{"line":329,"column":5}},{"start":{"line":327,"column":11},"end":{"line":329,"column":5}}],"line":325},"25":{"loc":{"start":{"line":343,"column":2},"end":{"line":346,"column":3}},"type":"if","locations":[{"start":{"line":343,"column":2},"end":{"line":346,"column":3}},{"start":{},"end":{}}],"line":343},"26":{"loc":{"start":{"line":362,"column":9},"end":{"line":362,"column":72}},"type":"cond-expr","locations":[{"start":{"line":362,"column":43},"end":{"line":362,"column":66}},{"start":{"line":362,"column":69},"end":{"line":362,"column":72}}],"line":362}},"s":{"0":14,"1":14,"2":14,"3":14,"4":14,"5":14,"6":14,"7":14,"8":14,"9":14,"10":0,"11":0,"12":0,"13":0,"14":0,"15":0,"16":0,"17":0,"18":14,"19":70,"20":0,"21":14,"22":14,"23":14,"24":42,"25":0,"26":0,"27":0,"28":0,"29":0,"30":0,"31":0,"32":0,"33":0,"34":0,"35":0,"36":0,"37":0,"38":0,"39":14,"40":0,"41":0,"42":0,"43":0,"44":0,"45":0,"46":0,"47":14,"48":0,"49":14,"50":0,"51":0,"52":0,"53":0,"54":14,"55":0,"56":0,"57":0,"58":14,"59":14,"60":0,"61":0,"62":0,"63":0,"64":0,"65":0,"66":0,"67":0,"68":0,"69":0,"70":0,"71":0,"72":14,"73":0,"74":0,"75":0,"76":0,"77":0,"78":0,"79":0,"80":0,"81":0,"82":0,"83":0,"84":0,"85":0,"86":14,"87":0,"88":0,"89":0,"90":0,"91":0,"92":14,"93":0,"94":0,"95":14,"96":0,"97":0,"98":0,"99":0,"100":0,"101":0,"102":14,"103":0,"104":0,"105":0,"106":0,"107":0,"108":14,"109":14,"110":14,"111":0,"112":0,"113":0,"114":0,"115":0,"116":0,"117":0,"118":0,"119":0,"120":14},"f":{"0":0,"1":0,"2":0,"3":70,"4":0,"5":42,"6":0,"7":0,"8":0,"9":0,"10":0,"11":0,"12":0,"13":0,"14":0,"15":0,"16":0,"17":0,"18":0,"19":0,"20":0,"21":0,"22":0,"23":0,"24":0,"25":0,"26":0},"b":{"0":[14,14],"1":[14,14],"2":[14,14],"3":[0,14],"4":[0,0],"5":[0,0],"6":[56],"7":[0,70],"8":[0],"9":[0,0],"10":[0,0],"11":[0,0],"12":[0,0],"13":[0,0],"14":[0,0],"15":[0,0],"16":[0],"17":[0,0],"18":[0,0,0],"19":[0,0],"20":[0],"21":[0,0],"22":[0,0],"23":[0,0],"24":[0,0],"25":[0,0],"26":[0,0]},"_coverageSchema":"1a1c01bbd47fc00a2c39e90264f33305004495a9","hash":"af6102ebe654684406525592f2addfb44245408c"}
,"/Users/patriciozepeda/Dropbox/Cursos/Fullstack/proyecto_final_cafeteria/backend/src/controllers/carritos.controller.js": {"path":"/Users/patriciozepeda/Dropbox/Cursos/Fullstack/proyecto_final_cafeteria/backend/src/controllers/carritos.controller.js","statementMap":{"0":{"start":{"line":1,"column":23},"end":{"line":1,"column":61}},"1":{"start":{"line":2,"column":24},"end":{"line":2,"column":63}},"2":{"start":{"line":3,"column":23},"end":{"line":3,"column":61}},"3":{"start":{"line":4,"column":12},"end":{"line":4,"column":26}},"4":{"start":{"line":5,"column":15},"end":{"line":5,"column":35}},"5":{"start":{"line":8,"column":23},"end":{"line":16,"column":1}},"6":{"start":{"line":9,"column":2},"end":{"line":15,"column":3}},"7":{"start":{"line":10,"column":20},"end":{"line":10,"column":71}},"8":{"start":{"line":11,"column":4},"end":{"line":11,"column":22}},"9":{"start":{"line":13,"column":4},"end":{"line":13,"column":57}},"10":{"start":{"line":14,"column":4},"end":{"line":14,"column":69}},"11":{"start":{"line":19,"column":29},"end":{"line":38,"column":1}},"12":{"start":{"line":20,"column":2},"end":{"line":37,"column":3}},"13":{"start":{"line":21,"column":49},"end":{"line":21,"column":58}},"14":{"start":{"line":23,"column":20},"end":{"line":26,"column":5}},"15":{"start":{"line":28,"column":4},"end":{"line":30,"column":5}},"16":{"start":{"line":29,"column":6},"end":{"line":29,"column":48}},"17":{"start":{"line":32,"column":21},"end":{"line":32,"column":58}},"18":{"start":{"line":33,"column":4},"end":{"line":33,"column":23}},"19":{"start":{"line":35,"column":4},"end":{"line":35,"column":55}},"20":{"start":{"line":36,"column":4},"end":{"line":36,"column":67}},"21":{"start":{"line":41,"column":33},"end":{"line":57,"column":1}},"22":{"start":{"line":42,"column":2},"end":{"line":56,"column":3}},"23":{"start":{"line":43,"column":23},"end":{"line":43,"column":33}},"24":{"start":{"line":46,"column":20},"end":{"line":46,"column":57}},"25":{"start":{"line":47,"column":4},"end":{"line":49,"column":5}},"26":{"start":{"line":48,"column":6},"end":{"line":48,"column":72}},"27":{"start":{"line":51,"column":20},"end":{"line":51,"column":63}},"28":{"start":{"line":52,"column":4},"end":{"line":52,"column":22}},"29":{"start":{"line":54,"column":4},"end":{"line":54,"column":66}},"30":{"start":{"line":55,"column":4},"end":{"line":55,"column":66}},"31":{"start":{"line":60,"column":28},"end":{"line":68,"column":1}},"32":{"start":{"line":61,"column":2},"end":{"line":67,"column":3}},"33":{"start":{"line":62,"column":18},"end":{"line":62,"column":54}},"34":{"start":{"line":63,"column":4},"end":{"line":63,"column":20}},"35":{"start":{"line":65,"column":4},"end":{"line":65,"column":59}},"36":{"start":{"line":66,"column":4},"end":{"line":66,"column":71}},"37":{"start":{"line":71,"column":24},"end":{"line":121,"column":1}},"38":{"start":{"line":72,"column":2},"end":{"line":120,"column":3}},"39":{"start":{"line":74,"column":19},"end":{"line":77,"column":6}},"40":{"start":{"line":79,"column":22},"end":{"line":79,"column":47}},"41":{"start":{"line":80,"column":4},"end":{"line":82,"column":5}},"42":{"start":{"line":81,"column":6},"end":{"line":81,"column":73}},"43":{"start":{"line":84,"column":38},"end":{"line":84,"column":46}},"44":{"start":{"line":87,"column":21},"end":{"line":87,"column":64}},"45":{"start":{"line":88,"column":4},"end":{"line":90,"column":5}},"46":{"start":{"line":89,"column":6},"end":{"line":89,"column":73}},"47":{"start":{"line":92,"column":4},"end":{"line":94,"column":5}},"48":{"start":{"line":93,"column":6},"end":{"line":93,"column":73}},"49":{"start":{"line":96,"column":4},"end":{"line":101,"column":5}},"50":{"start":{"line":97,"column":6},"end":{"line":100,"column":9}},"51":{"start":{"line":104,"column":26},"end":{"line":104,"column":77}},"52":{"start":{"line":107,"column":31},"end":{"line":111,"column":5}},"53":{"start":{"line":113,"column":4},"end":{"line":116,"column":7}},"54":{"start":{"line":118,"column":4},"end":{"line":118,"column":66}},"55":{"start":{"line":119,"column":4},"end":{"line":119,"column":78}},"56":{"start":{"line":124,"column":34},"end":{"line":160,"column":1}},"57":{"start":{"line":125,"column":2},"end":{"line":159,"column":3}},"58":{"start":{"line":127,"column":19},"end":{"line":134,"column":6}},"59":{"start":{"line":136,"column":22},"end":{"line":136,"column":47}},"60":{"start":{"line":137,"column":4},"end":{"line":139,"column":5}},"61":{"start":{"line":138,"column":6},"end":{"line":138,"column":73}},"62":{"start":{"line":141,"column":26},"end":{"line":141,"column":34}},"63":{"start":{"line":144,"column":26},"end":{"line":144,"column":77}},"64":{"start":{"line":147,"column":31},"end":{"line":150,"column":5}},"65":{"start":{"line":152,"column":4},"end":{"line":155,"column":7}},"66":{"start":{"line":157,"column":4},"end":{"line":157,"column":66}},"67":{"start":{"line":158,"column":4},"end":{"line":158,"column":79}},"68":{"start":{"line":163,"column":27},"end":{"line":209,"column":1}},"69":{"start":{"line":164,"column":2},"end":{"line":208,"column":3}},"70":{"start":{"line":166,"column":19},"end":{"line":169,"column":6}},"71":{"start":{"line":171,"column":22},"end":{"line":171,"column":47}},"72":{"start":{"line":172,"column":4},"end":{"line":174,"column":5}},"73":{"start":{"line":173,"column":6},"end":{"line":173,"column":73}},"74":{"start":{"line":176,"column":38},"end":{"line":176,"column":46}},"75":{"start":{"line":179,"column":26},"end":{"line":179,"column":77}},"76":{"start":{"line":182,"column":4},"end":{"line":192,"column":5}},"77":{"start":{"line":183,"column":33},"end":{"line":186,"column":7}},"78":{"start":{"line":188,"column":6},"end":{"line":191,"column":9}},"79":{"start":{"line":195,"column":31},"end":{"line":199,"column":5}},"80":{"start":{"line":201,"column":4},"end":{"line":204,"column":7}},"81":{"start":{"line":206,"column":4},"end":{"line":206,"column":58}},"82":{"start":{"line":207,"column":4},"end":{"line":207,"column":70}},"83":{"start":{"line":212,"column":27},"end":{"line":248,"column":1}},"84":{"start":{"line":213,"column":2},"end":{"line":247,"column":3}},"85":{"start":{"line":215,"column":19},"end":{"line":222,"column":6}},"86":{"start":{"line":224,"column":22},"end":{"line":224,"column":47}},"87":{"start":{"line":225,"column":4},"end":{"line":227,"column":5}},"88":{"start":{"line":226,"column":6},"end":{"line":226,"column":73}},"89":{"start":{"line":229,"column":26},"end":{"line":229,"column":34}},"90":{"start":{"line":232,"column":26},"end":{"line":232,"column":77}},"91":{"start":{"line":235,"column":31},"end":{"line":238,"column":5}},"92":{"start":{"line":240,"column":4},"end":{"line":243,"column":7}},"93":{"start":{"line":245,"column":4},"end":{"line":245,"column":58}},"94":{"start":{"line":246,"column":4},"end":{"line":246,"column":70}},"95":{"start":{"line":251,"column":25},"end":{"line":277,"column":1}},"96":{"start":{"line":252,"column":2},"end":{"line":276,"column":3}},"97":{"start":{"line":253,"column":28},"end":{"line":253,"column":38}},"98":{"start":{"line":256,"column":4},"end":{"line":258,"column":5}},"99":{"start":{"line":257,"column":6},"end":{"line":257,"column":78}},"100":{"start":{"line":261,"column":26},"end":{"line":261,"column":77}},"101":{"start":{"line":264,"column":31},"end":{"line":267,"column":5}},"102":{"start":{"line":269,"column":4},"end":{"line":272,"column":7}},"103":{"start":{"line":274,"column":4},"end":{"line":274,"column":68}},"104":{"start":{"line":275,"column":4},"end":{"line":275,"column":80}},"105":{"start":{"line":280,"column":22},"end":{"line":296,"column":1}},"106":{"start":{"line":281,"column":2},"end":{"line":295,"column":3}},"107":{"start":{"line":283,"column":26},"end":{"line":283,"column":77}},"108":{"start":{"line":286,"column":31},"end":{"line":286,"column":83}},"109":{"start":{"line":288,"column":4},"end":{"line":291,"column":7}},"110":{"start":{"line":293,"column":4},"end":{"line":293,"column":56}},"111":{"start":{"line":294,"column":4},"end":{"line":294,"column":68}},"112":{"start":{"line":299,"column":35},"end":{"line":314,"column":1}},"113":{"start":{"line":300,"column":2},"end":{"line":313,"column":3}},"114":{"start":{"line":301,"column":26},"end":{"line":301,"column":35}},"115":{"start":{"line":303,"column":19},"end":{"line":303,"column":75}},"116":{"start":{"line":305,"column":4},"end":{"line":309,"column":7}},"117":{"start":{"line":311,"column":4},"end":{"line":311,"column":67}},"118":{"start":{"line":312,"column":4},"end":{"line":312,"column":79}},"119":{"start":{"line":316,"column":0},"end":{"line":328,"column":2}}},"fnMap":{"0":{"name":"(anonymous_0)","decl":{"start":{"line":8,"column":23},"end":{"line":8,"column":24}},"loc":{"start":{"line":8,"column":43},"end":{"line":16,"column":1}},"line":8},"1":{"name":"(anonymous_1)","decl":{"start":{"line":19,"column":29},"end":{"line":19,"column":30}},"loc":{"start":{"line":19,"column":49},"end":{"line":38,"column":1}},"line":19},"2":{"name":"(anonymous_2)","decl":{"start":{"line":41,"column":33},"end":{"line":41,"column":34}},"loc":{"start":{"line":41,"column":53},"end":{"line":57,"column":1}},"line":41},"3":{"name":"(anonymous_3)","decl":{"start":{"line":60,"column":28},"end":{"line":60,"column":29}},"loc":{"start":{"line":60,"column":48},"end":{"line":68,"column":1}},"line":60},"4":{"name":"(anonymous_4)","decl":{"start":{"line":71,"column":24},"end":{"line":71,"column":25}},"loc":{"start":{"line":71,"column":44},"end":{"line":121,"column":1}},"line":71},"5":{"name":"(anonymous_5)","decl":{"start":{"line":124,"column":34},"end":{"line":124,"column":35}},"loc":{"start":{"line":124,"column":54},"end":{"line":160,"column":1}},"line":124},"6":{"name":"(anonymous_6)","decl":{"start":{"line":163,"column":27},"end":{"line":163,"column":28}},"loc":{"start":{"line":163,"column":47},"end":{"line":209,"column":1}},"line":163},"7":{"name":"(anonymous_7)","decl":{"start":{"line":212,"column":27},"end":{"line":212,"column":28}},"loc":{"start":{"line":212,"column":47},"end":{"line":248,"column":1}},"line":212},"8":{"name":"(anonymous_8)","decl":{"start":{"line":251,"column":25},"end":{"line":251,"column":26}},"loc":{"start":{"line":251,"column":45},"end":{"line":277,"column":1}},"line":251},"9":{"name":"(anonymous_9)","decl":{"start":{"line":280,"column":22},"end":{"line":280,"column":23}},"loc":{"start":{"line":280,"column":42},"end":{"line":296,"column":1}},"line":280},"10":{"name":"(anonymous_10)","decl":{"start":{"line":299,"column":35},"end":{"line":299,"column":36}},"loc":{"start":{"line":299,"column":55},"end":{"line":314,"column":1}},"line":299}},"branchMap":{"0":{"loc":{"start":{"line":21,"column":12},"end":{"line":21,"column":20}},"type":"default-arg","locations":[{"start":{"line":21,"column":19},"end":{"line":21,"column":20}}],"line":21},"1":{"loc":{"start":{"line":21,"column":22},"end":{"line":21,"column":32}},"type":"default-arg","locations":[{"start":{"line":21,"column":30},"end":{"line":21,"column":32}}],"line":21},"2":{"loc":{"start":{"line":28,"column":4},"end":{"line":30,"column":5}},"type":"if","locations":[{"start":{"line":28,"column":4},"end":{"line":30,"column":5}},{"start":{},"end":{}}],"line":28},"3":{"loc":{"start":{"line":47,"column":4},"end":{"line":49,"column":5}},"type":"if","locations":[{"start":{"line":47,"column":4},"end":{"line":49,"column":5}},{"start":{},"end":{}}],"line":47},"4":{"loc":{"start":{"line":80,"column":4},"end":{"line":82,"column":5}},"type":"if","locations":[{"start":{"line":80,"column":4},"end":{"line":82,"column":5}},{"start":{},"end":{}}],"line":80},"5":{"loc":{"start":{"line":88,"column":4},"end":{"line":90,"column":5}},"type":"if","locations":[{"start":{"line":88,"column":4},"end":{"line":90,"column":5}},{"start":{},"end":{}}],"line":88},"6":{"loc":{"start":{"line":92,"column":4},"end":{"line":94,"column":5}},"type":"if","locations":[{"start":{"line":92,"column":4},"end":{"line":94,"column":5}},{"start":{},"end":{}}],"line":92},"7":{"loc":{"start":{"line":96,"column":4},"end":{"line":101,"column":5}},"type":"if","locations":[{"start":{"line":96,"column":4},"end":{"line":101,"column":5}},{"start":{},"end":{}}],"line":96},"8":{"loc":{"start":{"line":137,"column":4},"end":{"line":139,"column":5}},"type":"if","locations":[{"start":{"line":137,"column":4},"end":{"line":139,"column":5}},{"start":{},"end":{}}],"line":137},"9":{"loc":{"start":{"line":172,"column":4},"end":{"line":174,"column":5}},"type":"if","locations":[{"start":{"line":172,"column":4},"end":{"line":174,"column":5}},{"start":{},"end":{}}],"line":172},"10":{"loc":{"start":{"line":182,"column":4},"end":{"line":192,"column":5}},"type":"if","locations":[{"start":{"line":182,"column":4},"end":{"line":192,"column":5}},{"start":{},"end":{}}],"line":182},"11":{"loc":{"start":{"line":225,"column":4},"end":{"line":227,"column":5}},"type":"if","locations":[{"start":{"line":225,"column":4},"end":{"line":227,"column":5}},{"start":{},"end":{}}],"line":225},"12":{"loc":{"start":{"line":256,"column":4},"end":{"line":258,"column":5}},"type":"if","locations":[{"start":{"line":256,"column":4},"end":{"line":258,"column":5}},{"start":{},"end":{}}],"line":256},"13":{"loc":{"start":{"line":301,"column":12},"end":{"line":301,"column":21}},"type":"default-arg","locations":[{"start":{"line":301,"column":19},"end":{"line":301,"column":21}}],"line":301}},"s":{"0":18,"1":18,"2":18,"3":18,"4":18,"5":18,"6":0,"7":0,"8":0,"9":0,"10":0,"11":18,"12":0,"13":0,"14":0,"15":0,"16":0,"17":0,"18":0,"19":0,"20":0,"21":18,"22":0,"23":0,"24":0,"25":0,"26":0,"27":0,"28":0,"29":0,"30":0,"31":18,"32":0,"33":0,"34":0,"35":0,"36":0,"37":18,"38":0,"39":0,"40":0,"41":0,"42":0,"43":0,"44":0,"45":0,"46":0,"47":0,"48":0,"49":0,"50":0,"51":0,"52":0,"53":0,"54":0,"55":0,"56":18,"57":0,"58":0,"59":0,"60":0,"61":0,"62":0,"63":0,"64":0,"65":0,"66":0,"67":0,"68":18,"69":0,"70":0,"71":0,"72":0,"73":0,"74":0,"75":0,"76":0,"77":0,"78":0,"79":0,"80":0,"81":0,"82":0,"83":18,"84":0,"85":0,"86":0,"87":0,"88":0,"89":0,"90":0,"91":0,"92":0,"93":0,"94":0,"95":18,"96":0,"97":0,"98":0,"99":0,"100":0,"101":0,"102":0,"103":0,"104":0,"105":18,"106":0,"107":0,"108":0,"109":0,"110":0,"111":0,"112":18,"113":0,"114":0,"115":0,"116":0,"117":0,"118":0,"119":18},"f":{"0":0,"1":0,"2":0,"3":0,"4":0,"5":0,"6":0,"7":0,"8":0,"9":0,"10":0},"b":{"0":[0],"1":[0],"2":[0,0],"3":[0,0],"4":[0,0],"5":[0,0],"6":[0,0],"7":[0,0],"8":[0,0],"9":[0,0],"10":[0,0],"11":[0,0],"12":[0,0],"13":[0]},"_coverageSchema":"1a1c01bbd47fc00a2c39e90264f33305004495a9","hash":"35fd0a102eaf772642d0974f52999c3fb6deb6b2"}
,"/Users/patriciozepeda/Dropbox/Cursos/Fullstack/proyecto_final_cafeteria/backend/src/controllers/categorias.controller.js": {"path":"/Users/patriciozepeda/Dropbox/Cursos/Fullstack/proyecto_final_cafeteria/backend/src/controllers/categorias.controller.js","statementMap":{"0":{"start":{"line":1,"column":29},"end":{"line":1,"column":51}},"1":{"start":{"line":2,"column":12},"end":{"line":2,"column":26}},"2":{"start":{"line":5,"column":26},"end":{"line":13,"column":1}},"3":{"start":{"line":6,"column":2},"end":{"line":12,"column":3}},"4":{"start":{"line":7,"column":23},"end":{"line":7,"column":55}},"5":{"start":{"line":8,"column":4},"end":{"line":8,"column":25}},"6":{"start":{"line":10,"column":4},"end":{"line":10,"column":57}},"7":{"start":{"line":11,"column":4},"end":{"line":11,"column":67}},"8":{"start":{"line":16,"column":30},"end":{"line":30,"column":1}},"9":{"start":{"line":17,"column":17},"end":{"line":17,"column":27}},"10":{"start":{"line":18,"column":2},"end":{"line":29,"column":3}},"11":{"start":{"line":19,"column":22},"end":{"line":19,"column":57}},"12":{"start":{"line":21,"column":4},"end":{"line":23,"column":5}},"13":{"start":{"line":22,"column":6},"end":{"line":22,"column":74}},"14":{"start":{"line":25,"column":4},"end":{"line":25,"column":24}},"15":{"start":{"line":27,"column":4},"end":{"line":27,"column":56}},"16":{"start":{"line":28,"column":4},"end":{"line":28,"column":66}},"17":{"start":{"line":33,"column":23},"end":{"line":49,"column":1}},"18":{"start":{"line":34,"column":2},"end":{"line":48,"column":3}},"19":{"start":{"line":35,"column":19},"end":{"line":39,"column":6}},"20":{"start":{"line":40,"column":22},"end":{"line":40,"column":47}},"21":{"start":{"line":41,"column":4},"end":{"line":41,"column":99}},"22":{"start":{"line":41,"column":15},"end":{"line":41,"column":99}},"23":{"start":{"line":43,"column":22},"end":{"line":43,"column":61}},"24":{"start":{"line":45,"column":4},"end":{"line":45,"column":36}},"25":{"start":{"line":47,"column":4},"end":{"line":47,"column":16}},"26":{"start":{"line":52,"column":28},"end":{"line":74,"column":1}},"27":{"start":{"line":53,"column":2},"end":{"line":73,"column":3}},"28":{"start":{"line":54,"column":19},"end":{"line":58,"column":6}},"29":{"start":{"line":59,"column":22},"end":{"line":59,"column":47}},"30":{"start":{"line":60,"column":4},"end":{"line":60,"column":99}},"31":{"start":{"line":60,"column":15},"end":{"line":60,"column":99}},"32":{"start":{"line":62,"column":19},"end":{"line":62,"column":29}},"33":{"start":{"line":64,"column":33},"end":{"line":64,"column":76}},"34":{"start":{"line":66,"column":4},"end":{"line":68,"column":5}},"35":{"start":{"line":67,"column":6},"end":{"line":67,"column":74}},"36":{"start":{"line":70,"column":4},"end":{"line":70,"column":35}},"37":{"start":{"line":72,"column":4},"end":{"line":72,"column":16}},"38":{"start":{"line":77,"column":26},"end":{"line":98,"column":1}},"39":{"start":{"line":78,"column":17},"end":{"line":78,"column":27}},"40":{"start":{"line":80,"column":2},"end":{"line":97,"column":3}},"41":{"start":{"line":81,"column":4},"end":{"line":81,"column":38}},"42":{"start":{"line":83,"column":4},"end":{"line":83,"column":63}},"43":{"start":{"line":85,"column":4},"end":{"line":89,"column":5}},"44":{"start":{"line":86,"column":6},"end":{"line":88,"column":9}},"45":{"start":{"line":91,"column":4},"end":{"line":93,"column":5}},"46":{"start":{"line":92,"column":6},"end":{"line":92,"column":74}},"47":{"start":{"line":95,"column":4},"end":{"line":95,"column":57}},"48":{"start":{"line":96,"column":4},"end":{"line":96,"column":67}},"49":{"start":{"line":100,"column":0},"end":{"line":106,"column":2}}},"fnMap":{"0":{"name":"(anonymous_0)","decl":{"start":{"line":5,"column":26},"end":{"line":5,"column":27}},"loc":{"start":{"line":5,"column":46},"end":{"line":13,"column":1}},"line":5},"1":{"name":"(anonymous_1)","decl":{"start":{"line":16,"column":30},"end":{"line":16,"column":31}},"loc":{"start":{"line":16,"column":50},"end":{"line":30,"column":1}},"line":16},"2":{"name":"(anonymous_2)","decl":{"start":{"line":33,"column":23},"end":{"line":33,"column":24}},"loc":{"start":{"line":33,"column":49},"end":{"line":49,"column":1}},"line":33},"3":{"name":"(anonymous_3)","decl":{"start":{"line":52,"column":28},"end":{"line":52,"column":29}},"loc":{"start":{"line":52,"column":54},"end":{"line":74,"column":1}},"line":52},"4":{"name":"(anonymous_4)","decl":{"start":{"line":77,"column":26},"end":{"line":77,"column":27}},"loc":{"start":{"line":77,"column":46},"end":{"line":98,"column":1}},"line":77}},"branchMap":{"0":{"loc":{"start":{"line":21,"column":4},"end":{"line":23,"column":5}},"type":"if","locations":[{"start":{"line":21,"column":4},"end":{"line":23,"column":5}},{"start":{},"end":{}}],"line":21},"1":{"loc":{"start":{"line":41,"column":4},"end":{"line":41,"column":99}},"type":"if","locations":[{"start":{"line":41,"column":4},"end":{"line":41,"column":99}},{"start":{},"end":{}}],"line":41},"2":{"loc":{"start":{"line":60,"column":4},"end":{"line":60,"column":99}},"type":"if","locations":[{"start":{"line":60,"column":4},"end":{"line":60,"column":99}},{"start":{},"end":{}}],"line":60},"3":{"loc":{"start":{"line":66,"column":4},"end":{"line":68,"column":5}},"type":"if","locations":[{"start":{"line":66,"column":4},"end":{"line":68,"column":5}},{"start":{},"end":{}}],"line":66},"4":{"loc":{"start":{"line":85,"column":4},"end":{"line":89,"column":5}},"type":"if","locations":[{"start":{"line":85,"column":4},"end":{"line":89,"column":5}},{"start":{},"end":{}}],"line":85},"5":{"loc":{"start":{"line":91,"column":4},"end":{"line":93,"column":5}},"type":"if","locations":[{"start":{"line":91,"column":4},"end":{"line":93,"column":5}},{"start":{},"end":{}}],"line":91}},"s":{"0":16,"1":16,"2":16,"3":6,"4":6,"5":0,"6":6,"7":6,"8":16,"9":3,"10":3,"11":3,"12":0,"13":0,"14":0,"15":3,"16":3,"17":16,"18":2,"19":2,"20":2,"21":2,"22":1,"23":1,"24":0,"25":1,"26":16,"27":1,"28":1,"29":1,"30":1,"31":0,"32":1,"33":1,"34":0,"35":0,"36":0,"37":1,"38":16,"39":2,"40":2,"41":2,"42":0,"43":2,"44":0,"45":2,"46":0,"47":2,"48":2,"49":16},"f":{"0":6,"1":3,"2":2,"3":1,"4":2},"b":{"0":[0,0],"1":[1,1],"2":[0,1],"3":[0,0],"4":[0,2],"5":[0,2]},"_coverageSchema":"1a1c01bbd47fc00a2c39e90264f33305004495a9","hash":"115bad348e194c937afeddbf0ebc44a41765f898"}
,"/Users/patriciozepeda/Dropbox/Cursos/Fullstack/proyecto_final_cafeteria/backend/src/controllers/detalles_carrito.controller.js": {"path":"/Users/patriciozepeda/Dropbox/Cursos/Fullstack/proyecto_final_cafeteria/backend/src/controllers/detalles_carrito.controller.js","statementMap":{"0":{"start":{"line":1,"column":30},"end":{"line":1,"column":76}},"1":{"start":{"line":2,"column":24},"end":{"line":2,"column":53}},"2":{"start":{"line":4,"column":34},"end":{"line":105,"column":1}},"3":{"start":{"line":9,"column":4},"end":{"line":18,"column":5}},"4":{"start":{"line":10,"column":23},"end":{"line":10,"column":89}},"5":{"start":{"line":11,"column":6},"end":{"line":11,"column":25}},"6":{"start":{"line":13,"column":6},"end":{"line":13,"column":69}},"7":{"start":{"line":14,"column":6},"end":{"line":17,"column":9}},"8":{"start":{"line":25,"column":4},"end":{"line":40,"column":5}},"9":{"start":{"line":26,"column":22},"end":{"line":26,"column":73}},"10":{"start":{"line":27,"column":6},"end":{"line":32,"column":7}},"11":{"start":{"line":28,"column":8},"end":{"line":31,"column":11}},"12":{"start":{"line":33,"column":6},"end":{"line":33,"column":24}},"13":{"start":{"line":35,"column":6},"end":{"line":35,"column":68}},"14":{"start":{"line":36,"column":6},"end":{"line":39,"column":9}},"15":{"start":{"line":47,"column":4},"end":{"line":56,"column":5}},"16":{"start":{"line":48,"column":22},"end":{"line":48,"column":66}},"17":{"start":{"line":49,"column":6},"end":{"line":49,"column":52}},"18":{"start":{"line":51,"column":6},"end":{"line":51,"column":66}},"19":{"start":{"line":52,"column":6},"end":{"line":55,"column":9}},"20":{"start":{"line":63,"column":4},"end":{"line":78,"column":5}},"21":{"start":{"line":64,"column":22},"end":{"line":64,"column":81}},"22":{"start":{"line":65,"column":6},"end":{"line":70,"column":7}},"23":{"start":{"line":66,"column":8},"end":{"line":69,"column":11}},"24":{"start":{"line":71,"column":6},"end":{"line":71,"column":24}},"25":{"start":{"line":73,"column":6},"end":{"line":73,"column":71}},"26":{"start":{"line":74,"column":6},"end":{"line":77,"column":9}},"27":{"start":{"line":85,"column":4},"end":{"line":103,"column":5}},"28":{"start":{"line":86,"column":24},"end":{"line":86,"column":73}},"29":{"start":{"line":87,"column":6},"end":{"line":92,"column":7}},"30":{"start":{"line":88,"column":8},"end":{"line":91,"column":11}},"31":{"start":{"line":93,"column":6},"end":{"line":96,"column":9}},"32":{"start":{"line":98,"column":6},"end":{"line":98,"column":69}},"33":{"start":{"line":99,"column":6},"end":{"line":102,"column":9}},"34":{"start":{"line":107,"column":0},"end":{"line":107,"column":43}}},"fnMap":{"0":{"name":"(anonymous_0)","decl":{"start":{"line":8,"column":2},"end":{"line":8,"column":3}},"loc":{"start":{"line":8,"column":33},"end":{"line":19,"column":3}},"line":8},"1":{"name":"(anonymous_1)","decl":{"start":{"line":24,"column":2},"end":{"line":24,"column":3}},"loc":{"start":{"line":24,"column":26},"end":{"line":41,"column":3}},"line":24},"2":{"name":"(anonymous_2)","decl":{"start":{"line":46,"column":2},"end":{"line":46,"column":3}},"loc":{"start":{"line":46,"column":25},"end":{"line":57,"column":3}},"line":46},"3":{"name":"(anonymous_3)","decl":{"start":{"line":62,"column":2},"end":{"line":62,"column":3}},"loc":{"start":{"line":62,"column":25},"end":{"line":79,"column":3}},"line":62},"4":{"name":"(anonymous_4)","decl":{"start":{"line":84,"column":2},"end":{"line":84,"column":3}},"loc":{"start":{"line":84,"column":25},"end":{"line":104,"column":3}},"line":84}},"branchMap":{"0":{"loc":{"start":{"line":27,"column":6},"end":{"line":32,"column":7}},"type":"if","locations":[{"start":{"line":27,"column":6},"end":{"line":32,"column":7}},{"start":{},"end":{}}],"line":27},"1":{"loc":{"start":{"line":65,"column":6},"end":{"line":70,"column":7}},"type":"if","locations":[{"start":{"line":65,"column":6},"end":{"line":70,"column":7}},{"start":{},"end":{}}],"line":65},"2":{"loc":{"start":{"line":87,"column":6},"end":{"line":92,"column":7}},"type":"if","locations":[{"start":{"line":87,"column":6},"end":{"line":92,"column":7}},{"start":{},"end":{}}],"line":87}},"s":{"0":15,"1":15,"2":15,"3":0,"4":0,"5":0,"6":0,"7":0,"8":0,"9":0,"10":0,"11":0,"12":0,"13":0,"14":0,"15":0,"16":0,"17":0,"18":0,"19":0,"20":0,"21":0,"22":0,"23":0,"24":0,"25":0,"26":0,"27":0,"28":0,"29":0,"30":0,"31":0,"32":0,"33":0,"34":15},"f":{"0":0,"1":0,"2":0,"3":0,"4":0},"b":{"0":[0,0],"1":[0,0],"2":[0,0]},"_coverageSchema":"1a1c01bbd47fc00a2c39e90264f33305004495a9","hash":"9c89bf34df447fa5f793e5db55eb56a492713541"}
,"/Users/patriciozepeda/Dropbox/Cursos/Fullstack/proyecto_final_cafeteria/backend/src/controllers/direcciones.controller.js": {"path":"/Users/patriciozepeda/Dropbox/Cursos/Fullstack/proyecto_final_cafeteria/backend/src/controllers/direcciones.controller.js","statementMap":{"0":{"start":{"line":1,"column":18},"end":{"line":1,"column":56}},"1":{"start":{"line":2,"column":12},"end":{"line":2,"column":26}},"2":{"start":{"line":7,"column":30},"end":{"line":279,"column":1}},"3":{"start":{"line":14,"column":4},"end":{"line":35,"column":5}},"4":{"start":{"line":15,"column":6},"end":{"line":19,"column":9}},"5":{"start":{"line":21,"column":26},"end":{"line":24,"column":8}},"6":{"start":{"line":26,"column":6},"end":{"line":29,"column":9}},"7":{"start":{"line":31,"column":6},"end":{"line":31,"column":28}},"8":{"start":{"line":33,"column":6},"end":{"line":33,"column":60}},"9":{"start":{"line":34,"column":6},"end":{"line":34,"column":18}},"10":{"start":{"line":44,"column":4},"end":{"line":55,"column":5}},"11":{"start":{"line":45,"column":21},"end":{"line":45,"column":31}},"12":{"start":{"line":46,"column":24},"end":{"line":46,"column":52}},"13":{"start":{"line":48,"column":6},"end":{"line":50,"column":7}},"14":{"start":{"line":49,"column":8},"end":{"line":49,"column":76}},"15":{"start":{"line":52,"column":6},"end":{"line":52,"column":26}},"16":{"start":{"line":54,"column":6},"end":{"line":54,"column":18}},"17":{"start":{"line":64,"column":4},"end":{"line":116,"column":5}},"18":{"start":{"line":65,"column":6},"end":{"line":65,"column":72}},"19":{"start":{"line":67,"column":21},"end":{"line":75,"column":8}},"20":{"start":{"line":77,"column":24},"end":{"line":77,"column":49}},"21":{"start":{"line":78,"column":6},"end":{"line":81,"column":7}},"22":{"start":{"line":79,"column":8},"end":{"line":79,"column":70}},"23":{"start":{"line":80,"column":8},"end":{"line":80,"column":92}},"24":{"start":{"line":83,"column":80},"end":{"line":83,"column":88}},"25":{"start":{"line":86,"column":6},"end":{"line":92,"column":7}},"26":{"start":{"line":87,"column":8},"end":{"line":87,"column":86}},"27":{"start":{"line":88,"column":8},"end":{"line":91,"column":10}},"28":{"start":{"line":95,"column":24},"end":{"line":104,"column":8}},"29":{"start":{"line":106,"column":6},"end":{"line":106,"column":59}},"30":{"start":{"line":109,"column":6},"end":{"line":112,"column":9}},"31":{"start":{"line":114,"column":6},"end":{"line":114,"column":56}},"32":{"start":{"line":115,"column":6},"end":{"line":115,"column":18}},"33":{"start":{"line":125,"column":4},"end":{"line":196,"column":5}},"34":{"start":{"line":126,"column":6},"end":{"line":129,"column":9}},"35":{"start":{"line":131,"column":21},"end":{"line":139,"column":8}},"36":{"start":{"line":141,"column":24},"end":{"line":141,"column":49}},"37":{"start":{"line":142,"column":6},"end":{"line":145,"column":7}},"38":{"start":{"line":143,"column":8},"end":{"line":143,"column":87}},"39":{"start":{"line":144,"column":8},"end":{"line":144,"column":92}},"40":{"start":{"line":147,"column":21},"end":{"line":147,"column":31}},"41":{"start":{"line":148,"column":80},"end":{"line":148,"column":88}},"42":{"start":{"line":151,"column":24},"end":{"line":151,"column":52}},"43":{"start":{"line":152,"column":6},"end":{"line":158,"column":7}},"44":{"start":{"line":153,"column":8},"end":{"line":156,"column":11}},"45":{"start":{"line":157,"column":8},"end":{"line":157,"column":76}},"46":{"start":{"line":161,"column":6},"end":{"line":167,"column":7}},"47":{"start":{"line":162,"column":8},"end":{"line":162,"column":93}},"48":{"start":{"line":163,"column":8},"end":{"line":166,"column":10}},"49":{"start":{"line":170,"column":6},"end":{"line":183,"column":8}},"50":{"start":{"line":185,"column":35},"end":{"line":185,"column":63}},"51":{"start":{"line":186,"column":6},"end":{"line":186,"column":75}},"52":{"start":{"line":189,"column":6},"end":{"line":192,"column":9}},"53":{"start":{"line":194,"column":6},"end":{"line":194,"column":61}},"54":{"start":{"line":195,"column":6},"end":{"line":195,"column":18}},"55":{"start":{"line":205,"column":4},"end":{"line":225,"column":5}},"56":{"start":{"line":206,"column":21},"end":{"line":206,"column":31}},"57":{"start":{"line":209,"column":24},"end":{"line":209,"column":52}},"58":{"start":{"line":210,"column":6},"end":{"line":212,"column":7}},"59":{"start":{"line":211,"column":8},"end":{"line":211,"column":76}},"60":{"start":{"line":215,"column":6},"end":{"line":217,"column":9}},"61":{"start":{"line":220,"column":6},"end":{"line":222,"column":9}},"62":{"start":{"line":224,"column":6},"end":{"line":224,"column":18}},"63":{"start":{"line":234,"column":4},"end":{"line":277,"column":5}},"64":{"start":{"line":235,"column":21},"end":{"line":235,"column":31}},"65":{"start":{"line":236,"column":6},"end":{"line":236,"column":81}},"66":{"start":{"line":239,"column":24},"end":{"line":239,"column":52}},"67":{"start":{"line":240,"column":6},"end":{"line":246,"column":7}},"68":{"start":{"line":241,"column":8},"end":{"line":244,"column":11}},"69":{"start":{"line":245,"column":8},"end":{"line":245,"column":76}},"70":{"start":{"line":248,"column":6},"end":{"line":248,"column":77}},"71":{"start":{"line":250,"column":6},"end":{"line":253,"column":8}},"72":{"start":{"line":255,"column":6},"end":{"line":255,"column":61}},"73":{"start":{"line":257,"column":6},"end":{"line":260,"column":8}},"74":{"start":{"line":263,"column":38},"end":{"line":266,"column":8}},"75":{"start":{"line":268,"column":6},"end":{"line":268,"column":72}},"76":{"start":{"line":270,"column":6},"end":{"line":273,"column":9}},"77":{"start":{"line":275,"column":6},"end":{"line":275,"column":71}},"78":{"start":{"line":276,"column":6},"end":{"line":276,"column":18}},"79":{"start":{"line":281,"column":0},"end":{"line":281,"column":39}}},"fnMap":{"0":{"name":"(anonymous_0)","decl":{"start":{"line":13,"column":2},"end":{"line":13,"column":3}},"loc":{"start":{"line":13,"column":31},"end":{"line":36,"column":3}},"line":13},"1":{"name":"(anonymous_1)","decl":{"start":{"line":43,"column":2},"end":{"line":43,"column":3}},"loc":{"start":{"line":43,"column":32},"end":{"line":56,"column":3}},"line":43},"2":{"name":"(anonymous_2)","decl":{"start":{"line":63,"column":2},"end":{"line":63,"column":3}},"loc":{"start":{"line":63,"column":31},"end":{"line":117,"column":3}},"line":63},"3":{"name":"(anonymous_3)","decl":{"start":{"line":124,"column":2},"end":{"line":124,"column":3}},"loc":{"start":{"line":124,"column":31},"end":{"line":197,"column":3}},"line":124},"4":{"name":"(anonymous_4)","decl":{"start":{"line":204,"column":2},"end":{"line":204,"column":3}},"loc":{"start":{"line":204,"column":31},"end":{"line":226,"column":3}},"line":204},"5":{"name":"(anonymous_5)","decl":{"start":{"line":233,"column":2},"end":{"line":233,"column":3}},"loc":{"start":{"line":233,"column":37},"end":{"line":278,"column":3}},"line":233}},"branchMap":{"0":{"loc":{"start":{"line":48,"column":6},"end":{"line":50,"column":7}},"type":"if","locations":[{"start":{"line":48,"column":6},"end":{"line":50,"column":7}},{"start":{},"end":{}}],"line":48},"1":{"loc":{"start":{"line":48,"column":10},"end":{"line":48,"column":63}},"type":"binary-expr","locations":[{"start":{"line":48,"column":10},"end":{"line":48,"column":20}},{"start":{"line":48,"column":24},"end":{"line":48,"column":63}}],"line":48},"2":{"loc":{"start":{"line":78,"column":6},"end":{"line":81,"column":7}},"type":"if","locations":[{"start":{"line":78,"column":6},"end":{"line":81,"column":7}},{"start":{},"end":{}}],"line":78},"3":{"loc":{"start":{"line":86,"column":6},"end":{"line":92,"column":7}},"type":"if","locations":[{"start":{"line":86,"column":6},"end":{"line":92,"column":7}},{"start":{},"end":{}}],"line":86},"4":{"loc":{"start":{"line":103,"column":19},"end":{"line":103,"column":37}},"type":"binary-expr","locations":[{"start":{"line":103,"column":19},"end":{"line":103,"column":28}},{"start":{"line":103,"column":32},"end":{"line":103,"column":37}}],"line":103},"5":{"loc":{"start":{"line":142,"column":6},"end":{"line":145,"column":7}},"type":"if","locations":[{"start":{"line":142,"column":6},"end":{"line":145,"column":7}},{"start":{},"end":{}}],"line":142},"6":{"loc":{"start":{"line":152,"column":6},"end":{"line":158,"column":7}},"type":"if","locations":[{"start":{"line":152,"column":6},"end":{"line":158,"column":7}},{"start":{},"end":{}}],"line":152},"7":{"loc":{"start":{"line":152,"column":10},"end":{"line":152,"column":63}},"type":"binary-expr","locations":[{"start":{"line":152,"column":10},"end":{"line":152,"column":20}},{"start":{"line":152,"column":24},"end":{"line":152,"column":63}}],"line":152},"8":{"loc":{"start":{"line":161,"column":6},"end":{"line":167,"column":7}},"type":"if","locations":[{"start":{"line":161,"column":6},"end":{"line":167,"column":7}},{"start":{},"end":{}}],"line":161},"9":{"loc":{"start":{"line":210,"column":6},"end":{"line":212,"column":7}},"type":"if","locations":[{"start":{"line":210,"column":6},"end":{"line":212,"column":7}},{"start":{},"end":{}}],"line":210},"10":{"loc":{"start":{"line":210,"column":10},"end":{"line":210,"column":63}},"type":"binary-expr","locations":[{"start":{"line":210,"column":10},"end":{"line":210,"column":20}},{"start":{"line":210,"column":24},"end":{"line":210,"column":63}}],"line":210},"11":{"loc":{"start":{"line":240,"column":6},"end":{"line":246,"column":7}},"type":"if","locations":[{"start":{"line":240,"column":6},"end":{"line":246,"column":7}},{"start":{},"end":{}}],"line":240},"12":{"loc":{"start":{"line":240,"column":10},"end":{"line":240,"column":63}},"type":"binary-expr","locations":[{"start":{"line":240,"column":10},"end":{"line":240,"column":20}},{"start":{"line":240,"column":24},"end":{"line":240,"column":63}}],"line":240}},"s":{"0":17,"1":17,"2":17,"3":0,"4":0,"5":0,"6":0,"7":0,"8":0,"9":0,"10":0,"11":0,"12":0,"13":0,"14":0,"15":0,"16":0,"17":0,"18":0,"19":0,"20":0,"21":0,"22":0,"23":0,"24":0,"25":0,"26":0,"27":0,"28":0,"29":0,"30":0,"31":0,"32":0,"33":0,"34":0,"35":0,"36":0,"37":0,"38":0,"39":0,"40":0,"41":0,"42":0,"43":0,"44":0,"45":0,"46":0,"47":0,"48":0,"49":0,"50":0,"51":0,"52":0,"53":0,"54":0,"55":0,"56":0,"57":0,"58":0,"59":0,"60":0,"61":0,"62":0,"63":0,"64":0,"65":0,"66":0,"67":0,"68":0,"69":0,"70":0,"71":0,"72":0,"73":0,"74":0,"75":0,"76":0,"77":0,"78":0,"79":17},"f":{"0":0,"1":0,"2":0,"3":0,"4":0,"5":0},"b":{"0":[0,0],"1":[0,0],"2":[0,0],"3":[0,0],"4":[0,0],"5":[0,0],"6":[0,0],"7":[0,0],"8":[0,0],"9":[0,0],"10":[0,0],"11":[0,0],"12":[0,0]},"_coverageSchema":"1a1c01bbd47fc00a2c39e90264f33305004495a9","hash":"b9630eff4bc92ec81208e0aab26f47b6fcca6281"}
,"/Users/patriciozepeda/Dropbox/Cursos/Fullstack/proyecto_final_cafeteria/backend/src/controllers/estados_pedido.controller.js": {"path":"/Users/patriciozepeda/Dropbox/Cursos/Fullstack/proyecto_final_cafeteria/backend/src/controllers/estados_pedido.controller.js","statementMap":{"0":{"start":{"line":1,"column":28},"end":{"line":1,"column":72}},"1":{"start":{"line":3,"column":32},"end":{"line":27,"column":1}},"2":{"start":{"line":5,"column":20},"end":{"line":5,"column":55}},"3":{"start":{"line":6,"column":4},"end":{"line":6,"column":22}},"4":{"start":{"line":9,"column":19},"end":{"line":9,"column":68}},"5":{"start":{"line":10,"column":4},"end":{"line":10,"column":92}},"6":{"start":{"line":10,"column":17},"end":{"line":10,"column":92}},"7":{"start":{"line":11,"column":4},"end":{"line":11,"column":21}},"8":{"start":{"line":14,"column":19},"end":{"line":14,"column":61}},"9":{"start":{"line":15,"column":4},"end":{"line":15,"column":33}},"10":{"start":{"line":18,"column":19},"end":{"line":18,"column":76}},"11":{"start":{"line":19,"column":4},"end":{"line":19,"column":92}},"12":{"start":{"line":19,"column":17},"end":{"line":19,"column":92}},"13":{"start":{"line":20,"column":4},"end":{"line":20,"column":21}},"14":{"start":{"line":23,"column":19},"end":{"line":23,"column":66}},"15":{"start":{"line":24,"column":4},"end":{"line":24,"column":92}},"16":{"start":{"line":24,"column":17},"end":{"line":24,"column":92}},"17":{"start":{"line":25,"column":4},"end":{"line":25,"column":21}},"18":{"start":{"line":29,"column":0},"end":{"line":29,"column":41}}},"fnMap":{"0":{"name":"(anonymous_0)","decl":{"start":{"line":4,"column":2},"end":{"line":4,"column":3}},"loc":{"start":{"line":4,"column":25},"end":{"line":7,"column":3}},"line":4},"1":{"name":"(anonymous_1)","decl":{"start":{"line":8,"column":2},"end":{"line":8,"column":3}},"loc":{"start":{"line":8,"column":26},"end":{"line":12,"column":3}},"line":8},"2":{"name":"(anonymous_2)","decl":{"start":{"line":13,"column":2},"end":{"line":13,"column":3}},"loc":{"start":{"line":13,"column":25},"end":{"line":16,"column":3}},"line":13},"3":{"name":"(anonymous_3)","decl":{"start":{"line":17,"column":2},"end":{"line":17,"column":3}},"loc":{"start":{"line":17,"column":25},"end":{"line":21,"column":3}},"line":17},"4":{"name":"(anonymous_4)","decl":{"start":{"line":22,"column":2},"end":{"line":22,"column":3}},"loc":{"start":{"line":22,"column":25},"end":{"line":26,"column":3}},"line":22}},"branchMap":{"0":{"loc":{"start":{"line":10,"column":4},"end":{"line":10,"column":92}},"type":"if","locations":[{"start":{"line":10,"column":4},"end":{"line":10,"column":92}},{"start":{},"end":{}}],"line":10},"1":{"loc":{"start":{"line":19,"column":4},"end":{"line":19,"column":92}},"type":"if","locations":[{"start":{"line":19,"column":4},"end":{"line":19,"column":92}},{"start":{},"end":{}}],"line":19},"2":{"loc":{"start":{"line":24,"column":4},"end":{"line":24,"column":92}},"type":"if","locations":[{"start":{"line":24,"column":4},"end":{"line":24,"column":92}},{"start":{},"end":{}}],"line":24}},"s":{"0":16,"1":16,"2":7,"3":4,"4":2,"5":2,"6":1,"7":1,"8":0,"9":0,"10":0,"11":0,"12":0,"13":0,"14":0,"15":0,"16":0,"17":0,"18":16},"f":{"0":7,"1":2,"2":0,"3":0,"4":0},"b":{"0":[1,1],"1":[0,0],"2":[0,0]},"_coverageSchema":"1a1c01bbd47fc00a2c39e90264f33305004495a9","hash":"2347f8bb44ec013cc6f66468918d983d829c5b2b"}
,"/Users/patriciozepeda/Dropbox/Cursos/Fullstack/proyecto_final_cafeteria/backend/src/controllers/mesas.controller.js": {"path":"/Users/patriciozepeda/Dropbox/Cursos/Fullstack/proyecto_final_cafeteria/backend/src/controllers/mesas.controller.js","statementMap":{"0":{"start":{"line":1,"column":20},"end":{"line":1,"column":55}},"1":{"start":{"line":2,"column":12},"end":{"line":2,"column":26}},"2":{"start":{"line":5,"column":15},"end":{"line":12,"column":1}},"3":{"start":{"line":6,"column":2},"end":{"line":11,"column":3}},"4":{"start":{"line":7,"column":18},"end":{"line":7,"column":45}},"5":{"start":{"line":8,"column":4},"end":{"line":8,"column":20}},"6":{"start":{"line":10,"column":4},"end":{"line":10,"column":16}},"7":{"start":{"line":15,"column":21},"end":{"line":22,"column":1}},"8":{"start":{"line":16,"column":2},"end":{"line":21,"column":3}},"9":{"start":{"line":17,"column":18},"end":{"line":17,"column":51}},"10":{"start":{"line":18,"column":4},"end":{"line":18,"column":20}},"11":{"start":{"line":20,"column":4},"end":{"line":20,"column":16}},"12":{"start":{"line":25,"column":16},"end":{"line":38,"column":1}},"13":{"start":{"line":26,"column":2},"end":{"line":37,"column":3}},"14":{"start":{"line":27,"column":19},"end":{"line":27,"column":29}},"15":{"start":{"line":28,"column":17},"end":{"line":28,"column":47}},"16":{"start":{"line":30,"column":4},"end":{"line":32,"column":5}},"17":{"start":{"line":31,"column":6},"end":{"line":31,"column":69}},"18":{"start":{"line":34,"column":4},"end":{"line":34,"column":19}},"19":{"start":{"line":36,"column":4},"end":{"line":36,"column":16}},"20":{"start":{"line":41,"column":15},"end":{"line":71,"column":1}},"21":{"start":{"line":42,"column":2},"end":{"line":70,"column":3}},"22":{"start":{"line":43,"column":19},"end":{"line":48,"column":6}},"23":{"start":{"line":50,"column":22},"end":{"line":50,"column":47}},"24":{"start":{"line":51,"column":4},"end":{"line":56,"column":5}},"25":{"start":{"line":52,"column":6},"end":{"line":55,"column":9}},"26":{"start":{"line":58,"column":17},"end":{"line":58,"column":51}},"27":{"start":{"line":59,"column":4},"end":{"line":62,"column":7}},"28":{"start":{"line":64,"column":4},"end":{"line":68,"column":5}},"29":{"start":{"line":65,"column":6},"end":{"line":67,"column":9}},"30":{"start":{"line":69,"column":4},"end":{"line":69,"column":16}},"31":{"start":{"line":74,"column":15},"end":{"line":110,"column":1}},"32":{"start":{"line":75,"column":2},"end":{"line":109,"column":3}},"33":{"start":{"line":76,"column":19},"end":{"line":76,"column":29}},"34":{"start":{"line":78,"column":19},"end":{"line":84,"column":6}},"35":{"start":{"line":86,"column":22},"end":{"line":86,"column":47}},"36":{"start":{"line":87,"column":4},"end":{"line":92,"column":5}},"37":{"start":{"line":88,"column":6},"end":{"line":91,"column":9}},"38":{"start":{"line":94,"column":17},"end":{"line":94,"column":55}},"39":{"start":{"line":95,"column":4},"end":{"line":98,"column":7}},"40":{"start":{"line":100,"column":4},"end":{"line":102,"column":5}},"41":{"start":{"line":101,"column":6},"end":{"line":101,"column":62}},"42":{"start":{"line":103,"column":4},"end":{"line":107,"column":5}},"43":{"start":{"line":104,"column":6},"end":{"line":106,"column":9}},"44":{"start":{"line":108,"column":4},"end":{"line":108,"column":16}},"45":{"start":{"line":113,"column":21},"end":{"line":141,"column":1}},"46":{"start":{"line":114,"column":2},"end":{"line":140,"column":3}},"47":{"start":{"line":115,"column":19},"end":{"line":115,"column":29}},"48":{"start":{"line":116,"column":23},"end":{"line":116,"column":31}},"49":{"start":{"line":118,"column":19},"end":{"line":120,"column":6}},"50":{"start":{"line":122,"column":22},"end":{"line":122,"column":49}},"51":{"start":{"line":123,"column":4},"end":{"line":128,"column":5}},"52":{"start":{"line":124,"column":6},"end":{"line":127,"column":9}},"53":{"start":{"line":130,"column":17},"end":{"line":130,"column":59}},"54":{"start":{"line":131,"column":4},"end":{"line":134,"column":7}},"55":{"start":{"line":136,"column":4},"end":{"line":138,"column":5}},"56":{"start":{"line":137,"column":6},"end":{"line":137,"column":62}},"57":{"start":{"line":139,"column":4},"end":{"line":139,"column":16}},"58":{"start":{"line":144,"column":19},"end":{"line":158,"column":1}},"59":{"start":{"line":145,"column":2},"end":{"line":157,"column":3}},"60":{"start":{"line":146,"column":19},"end":{"line":146,"column":29}},"61":{"start":{"line":148,"column":4},"end":{"line":148,"column":33}},"62":{"start":{"line":149,"column":4},"end":{"line":151,"column":7}},"63":{"start":{"line":153,"column":4},"end":{"line":155,"column":5}},"64":{"start":{"line":154,"column":6},"end":{"line":154,"column":62}},"65":{"start":{"line":156,"column":4},"end":{"line":156,"column":16}},"66":{"start":{"line":160,"column":0},"end":{"line":168,"column":2}}},"fnMap":{"0":{"name":"(anonymous_0)","decl":{"start":{"line":5,"column":15},"end":{"line":5,"column":16}},"loc":{"start":{"line":5,"column":41},"end":{"line":12,"column":1}},"line":5},"1":{"name":"(anonymous_1)","decl":{"start":{"line":15,"column":21},"end":{"line":15,"column":22}},"loc":{"start":{"line":15,"column":47},"end":{"line":22,"column":1}},"line":15},"2":{"name":"(anonymous_2)","decl":{"start":{"line":25,"column":16},"end":{"line":25,"column":17}},"loc":{"start":{"line":25,"column":42},"end":{"line":38,"column":1}},"line":25},"3":{"name":"(anonymous_3)","decl":{"start":{"line":41,"column":15},"end":{"line":41,"column":16}},"loc":{"start":{"line":41,"column":41},"end":{"line":71,"column":1}},"line":41},"4":{"name":"(anonymous_4)","decl":{"start":{"line":74,"column":15},"end":{"line":74,"column":16}},"loc":{"start":{"line":74,"column":41},"end":{"line":110,"column":1}},"line":74},"5":{"name":"(anonymous_5)","decl":{"start":{"line":113,"column":21},"end":{"line":113,"column":22}},"loc":{"start":{"line":113,"column":47},"end":{"line":141,"column":1}},"line":113},"6":{"name":"(anonymous_6)","decl":{"start":{"line":144,"column":19},"end":{"line":144,"column":20}},"loc":{"start":{"line":144,"column":45},"end":{"line":158,"column":1}},"line":144}},"branchMap":{"0":{"loc":{"start":{"line":30,"column":4},"end":{"line":32,"column":5}},"type":"if","locations":[{"start":{"line":30,"column":4},"end":{"line":32,"column":5}},{"start":{},"end":{}}],"line":30},"1":{"loc":{"start":{"line":51,"column":4},"end":{"line":56,"column":5}},"type":"if","locations":[{"start":{"line":51,"column":4},"end":{"line":56,"column":5}},{"start":{},"end":{}}],"line":51},"2":{"loc":{"start":{"line":64,"column":4},"end":{"line":68,"column":5}},"type":"if","locations":[{"start":{"line":64,"column":4},"end":{"line":68,"column":5}},{"start":{},"end":{}}],"line":64},"3":{"loc":{"start":{"line":87,"column":4},"end":{"line":92,"column":5}},"type":"if","locations":[{"start":{"line":87,"column":4},"end":{"line":92,"column":5}},{"start":{},"end":{}}],"line":87},"4":{"loc":{"start":{"line":100,"column":4},"end":{"line":102,"column":5}},"type":"if","locations":[{"start":{"line":100,"column":4},"end":{"line":102,"column":5}},{"start":{},"end":{}}],"line":100},"5":{"loc":{"start":{"line":103,"column":4},"end":{"line":107,"column":5}},"type":"if","locations":[{"start":{"line":103,"column":4},"end":{"line":107,"column":5}},{"start":{},"end":{}}],"line":103},"6":{"loc":{"start":{"line":123,"column":4},"end":{"line":128,"column":5}},"type":"if","locations":[{"start":{"line":123,"column":4},"end":{"line":128,"column":5}},{"start":{},"end":{}}],"line":123},"7":{"loc":{"start":{"line":136,"column":4},"end":{"line":138,"column":5}},"type":"if","locations":[{"start":{"line":136,"column":4},"end":{"line":138,"column":5}},{"start":{},"end":{}}],"line":136},"8":{"loc":{"start":{"line":153,"column":4},"end":{"line":155,"column":5}},"type":"if","locations":[{"start":{"line":153,"column":4},"end":{"line":155,"column":5}},{"start":{},"end":{}}],"line":153}},"s":{"0":17,"1":17,"2":17,"3":1,"4":1,"5":0,"6":1,"7":17,"8":0,"9":0,"10":0,"11":0,"12":17,"13":0,"14":0,"15":0,"16":0,"17":0,"18":0,"19":0,"20":17,"21":0,"22":0,"23":0,"24":0,"25":0,"26":0,"27":0,"28":0,"29":0,"30":0,"31":17,"32":0,"33":0,"34":0,"35":0,"36":0,"37":0,"38":0,"39":0,"40":0,"41":0,"42":0,"43":0,"44":0,"45":17,"46":0,"47":0,"48":0,"49":0,"50":0,"51":0,"52":0,"53":0,"54":0,"55":0,"56":0,"57":0,"58":17,"59":0,"60":0,"61":0,"62":0,"63":0,"64":0,"65":0,"66":17},"f":{"0":1,"1":0,"2":0,"3":0,"4":0,"5":0,"6":0},"b":{"0":[0,0],"1":[0,0],"2":[0,0],"3":[0,0],"4":[0,0],"5":[0,0],"6":[0,0],"7":[0,0],"8":[0,0]},"_coverageSchema":"1a1c01bbd47fc00a2c39e90264f33305004495a9","hash":"08117b517bb87715c649c3ff280bb516244aecbd"}
[...]
3}},"line":8},"1":{"name":"(anonymous_1)","decl":{"start":{"line":13,"column":23},"end":{"line":13,"column":24}},"loc":{"start":{"line":13,"column":30},"end":{"line":13,"column":42}},"line":13},"2":{"name":"(anonymous_2)","decl":{"start":{"line":25,"column":2},"end":{"line":25,"column":3}},"loc":{"start":{"line":25,"column":28},"end":{"line":33,"column":3}},"line":25},"3":{"name":"(anonymous_3)","decl":{"start":{"line":40,"column":2},"end":{"line":40,"column":3}},"loc":{"start":{"line":40,"column":28},"end":{"line":54,"column":3}},"line":40},"4":{"name":"(anonymous_4)","decl":{"start":{"line":62,"column":2},"end":{"line":62,"column":3}},"loc":{"start":{"line":62,"column":32},"end":{"line":87,"column":3}},"line":62},"5":{"name":"(anonymous_5)","decl":{"start":{"line":94,"column":2},"end":{"line":94,"column":3}},"loc":{"start":{"line":94,"column":26},"end":{"line":111,"column":3}},"line":94}},"branchMap":{"0":{"loc":{"start":{"line":28,"column":13},"end":{"line":28,"column":38}},"type":"cond-expr","locations":[{"start":{"line":28,"column":19},"end":{"line":28,"column":31}},{"start":{"line":28,"column":34},"end":{"line":28,"column":38}}],"line":28},"1":{"loc":{"start":{"line":66,"column":6},"end":{"line":68,"column":7}},"type":"if","locations":[{"start":{"line":66,"column":6},"end":{"line":68,"column":7}},{"start":{},"end":{}}],"line":66},"2":{"loc":{"start":{"line":72,"column":6},"end":{"line":74,"column":7}},"type":"if","locations":[{"start":{"line":72,"column":6},"end":{"line":74,"column":7}},{"start":{},"end":{}}],"line":72},"3":{"loc":{"start":{"line":76,"column":6},"end":{"line":78,"column":7}},"type":"if","locations":[{"start":{"line":76,"column":6},"end":{"line":78,"column":7}},{"start":{},"end":{}}],"line":76},"4":{"loc":{"start":{"line":98,"column":6},"end":{"line":100,"column":7}},"type":"if","locations":[{"start":{"line":98,"column":6},"end":{"line":100,"column":7}},{"start":{},"end":{}}],"line":98}},"s":{"0":21,"1":2,"2":2,"3":2,"4":2,"5":0,"6":0,"7":2,"8":2,"9":2,"10":0,"11":0,"12":4,"13":4,"14":4,"15":4,"16":0,"17":0,"18":3,"19":3,"20":3,"21":0,"22":3,"23":3,"24":1,"25":3,"26":1,"27":3,"28":3,"29":0,"30":0,"31":2,"32":2,"33":2,"34":0,"35":2,"36":2,"37":2,"38":0,"39":0,"40":21},"f":{"0":2,"1":2,"2":2,"3":4,"4":3,"5":2},"b":{"0":[2,0],"1":[0,3],"2":[1,2],"3":[1,2],"4":[0,2]},"_coverageSchema":"1a1c01bbd47fc00a2c39e90264f33305004495a9","hash":"5e7ab3cedc491fcb50471e7d43833feb2113d74e"}
,"/Users/patriciozepeda/Dropbox/Cursos/Fullstack/proyecto_final_cafeteria/backend/src/services/usuario.service.js": {"path":"/Users/patriciozepeda/Dropbox/Cursos/Fullstack/proyecto_final_cafeteria/backend/src/services/usuario.service.js","statementMap":{"0":{"start":{"line":1,"column":15},"end":{"line":1,"column":34}},"1":{"start":{"line":2,"column":25},"end":{"line":2,"column":49}},"2":{"start":{"line":11,"column":4},"end":{"line":35,"column":5}},"3":{"start":{"line":12,"column":22},"end":{"line":19,"column":8}},"4":{"start":{"line":21,"column":6},"end":{"line":21,"column":32}},"5":{"start":{"line":21,"column":20},"end":{"line":21,"column":32}},"6":{"start":{"line":23,"column":26},"end":{"line":23,"column":42}},"7":{"start":{"line":26,"column":6},"end":{"line":29,"column":7}},"8":{"start":{"line":27,"column":8},"end":{"line":27,"column":74}},"9":{"start":{"line":28,"column":8},"end":{"line":28,"column":56}},"10":{"start":{"line":31,"column":6},"end":{"line":31,"column":25}},"11":{"start":{"line":33,"column":6},"end":{"line":33,"column":62}},"12":{"start":{"line":34,"column":6},"end":{"line":34,"column":18}},"13":{"start":{"line":44,"column":4},"end":{"line":68,"column":5}},"14":{"start":{"line":45,"column":22},"end":{"line":52,"column":8}},"15":{"start":{"line":54,"column":6},"end":{"line":54,"column":32}},"16":{"start":{"line":54,"column":20},"end":{"line":54,"column":32}},"17":{"start":{"line":56,"column":26},"end":{"line":56,"column":42}},"18":{"start":{"line":59,"column":6},"end":{"line":62,"column":7}},"19":{"start":{"line":60,"column":8},"end":{"line":60,"column":74}},"20":{"start":{"line":61,"column":8},"end":{"line":61,"column":56}},"21":{"start":{"line":64,"column":6},"end":{"line":64,"column":25}},"22":{"start":{"line":66,"column":6},"end":{"line":66,"column":65}},"23":{"start":{"line":67,"column":6},"end":{"line":67,"column":18}},"24":{"start":{"line":77,"column":90},"end":{"line":77,"column":98}},"25":{"start":{"line":79,"column":4},"end":{"line":105,"column":5}},"26":{"start":{"line":81,"column":19},"end":{"line":81,"column":43}},"27":{"start":{"line":82,"column":28},"end":{"line":82,"column":61}},"28":{"start":{"line":84,"column":27},"end":{"line":92,"column":8}},"29":{"start":{"line":95,"column":18},"end":{"line":95,"column":44}},"30":{"start":{"line":96,"column":6},"end":{"line":98,"column":7}},"31":{"start":{"line":97,"column":8},"end":{"line":97,"column":39}},"32":{"start":{"line":101,"column":6},"end":{"line":101,"column":52}},"33":{"start":{"line":103,"column":6},"end":{"line":103,"column":54}},"34":{"start":{"line":104,"column":6},"end":{"line":104,"column":18}},"35":{"start":{"line":115,"column":68},"end":{"line":115,"column":76}},"36":{"start":{"line":117,"column":4},"end":{"line":136,"column":5}},"37":{"start":{"line":118,"column":22},"end":{"line":118,"column":48}},"38":{"start":{"line":120,"column":6},"end":{"line":122,"column":7}},"39":{"start":{"line":121,"column":8},"end":{"line":121,"column":49}},"40":{"start":{"line":124,"column":6},"end":{"line":124,"column":30}},"41":{"start":{"line":125,"column":6},"end":{"line":125,"column":34}},"42":{"start":{"line":126,"column":6},"end":{"line":126,"column":28}},"43":{"start":{"line":127,"column":6},"end":{"line":127,"column":34}},"44":{"start":{"line":128,"column":6},"end":{"line":128,"column":50}},"45":{"start":{"line":130,"column":6},"end":{"line":130,"column":27}},"46":{"start":{"line":132,"column":6},"end":{"line":132,"column":30}},"47":{"start":{"line":134,"column":6},"end":{"line":134,"column":59}},"48":{"start":{"line":135,"column":6},"end":{"line":135,"column":18}},"49":{"start":{"line":146,"column":4},"end":{"line":163,"column":5}},"50":{"start":{"line":147,"column":22},"end":{"line":147,"column":48}},"51":{"start":{"line":149,"column":6},"end":{"line":151,"column":7}},"52":{"start":{"line":150,"column":8},"end":{"line":150,"column":49}},"53":{"start":{"line":153,"column":19},"end":{"line":153,"column":43}},"54":{"start":{"line":154,"column":28},"end":{"line":154,"column":64}},"55":{"start":{"line":156,"column":6},"end":{"line":156,"column":44}},"56":{"start":{"line":157,"column":6},"end":{"line":157,"column":27}},"57":{"start":{"line":159,"column":6},"end":{"line":159,"column":18}},"58":{"start":{"line":161,"column":6},"end":{"line":161,"column":62}},"59":{"start":{"line":162,"column":6},"end":{"line":162,"column":18}},"60":{"start":{"line":173,"column":4},"end":{"line":178,"column":5}},"61":{"start":{"line":174,"column":6},"end":{"line":174,"column":50}},"62":{"start":{"line":176,"column":6},"end":{"line":176,"column":60}},"63":{"start":{"line":177,"column":6},"end":{"line":177,"column":18}},"64":{"start":{"line":187,"column":4},"end":{"line":232,"column":5}},"65":{"start":{"line":188,"column":21},"end":{"line":188,"column":41}},"66":{"start":{"line":190,"column":23},"end":{"line":219,"column":8}},"67":{"start":{"line":221,"column":6},"end":{"line":228,"column":10}},"68":{"start":{"line":221,"column":38},"end":{"line":228,"column":7}},"69":{"start":{"line":230,"column":6},"end":{"line":230,"column":56}},"70":{"start":{"line":231,"column":6},"end":{"line":231,"column":18}},"71":{"start":{"line":236,"column":0},"end":{"line":236,"column":32}}},"fnMap":{"0":{"name":"(anonymous_0)","decl":{"start":{"line":10,"column":2},"end":{"line":10,"column":3}},"loc":{"start":{"line":10,"column":28},"end":{"line":36,"column":3}},"line":10},"1":{"name":"(anonymous_1)","decl":{"start":{"line":43,"column":2},"end":{"line":43,"column":3}},"loc":{"start":{"line":43,"column":34},"end":{"line":69,"column":3}},"line":43},"2":{"name":"(anonymous_2)","decl":{"start":{"line":76,"column":2},"end":{"line":76,"column":3}},"loc":{"start":{"line":76,"column":32},"end":{"line":106,"column":3}},"line":76},"3":{"name":"(anonymous_3)","decl":{"start":{"line":114,"column":2},"end":{"line":114,"column":3}},"loc":{"start":{"line":114,"column":36},"end":{"line":137,"column":3}},"line":114},"4":{"name":"(anonymous_4)","decl":{"start":{"line":145,"column":2},"end":{"line":145,"column":3}},"loc":{"start":{"line":145,"column":47},"end":{"line":164,"column":3}},"line":145},"5":{"name":"(anonymous_5)","decl":{"start":{"line":172,"column":2},"end":{"line":172,"column":3}},"loc":{"start":{"line":172,"column":47},"end":{"line":179,"column":3}},"line":172},"6":{"name":"(anonymous_6)","decl":{"start":{"line":186,"column":2},"end":{"line":186,"column":3}},"loc":{"start":{"line":186,"column":42},"end":{"line":233,"column":3}},"line":186},"7":{"name":"(anonymous_7)","decl":{"start":{"line":221,"column":26},"end":{"line":221,"column":27}},"loc":{"start":{"line":221,"column":38},"end":{"line":228,"column":7}},"line":221}},"branchMap":{"0":{"loc":{"start":{"line":21,"column":6},"end":{"line":21,"column":32}},"type":"if","locations":[{"start":{"line":21,"column":6},"end":{"line":21,"column":32}},{"start":{},"end":{}}],"line":21},"1":{"loc":{"start":{"line":26,"column":6},"end":{"line":29,"column":7}},"type":"if","locations":[{"start":{"line":26,"column":6},"end":{"line":29,"column":7}},{"start":{},"end":{}}],"line":26},"2":{"loc":{"start":{"line":26,"column":10},"end":{"line":26,"column":57}},"type":"binary-expr","locations":[{"start":{"line":26,"column":10},"end":{"line":26,"column":26}},{"start":{"line":26,"column":30},"end":{"line":26,"column":57}}],"line":26},"3":{"loc":{"start":{"line":54,"column":6},"end":{"line":54,"column":32}},"type":"if","locations":[{"start":{"line":54,"column":6},"end":{"line":54,"column":32}},{"start":{},"end":{}}],"line":54},"4":{"loc":{"start":{"line":59,"column":6},"end":{"line":62,"column":7}},"type":"if","locations":[{"start":{"line":59,"column":6},"end":{"line":62,"column":7}},{"start":{},"end":{}}],"line":59},"5":{"loc":{"start":{"line":59,"column":10},"end":{"line":59,"column":57}},"type":"binary-expr","locations":[{"start":{"line":59,"column":10},"end":{"line":59,"column":26}},{"start":{"line":59,"column":30},"end":{"line":59,"column":57}}],"line":59},"6":{"loc":{"start":{"line":77,"column":75},"end":{"line":77,"column":85}},"type":"default-arg","locations":[{"start":{"line":77,"column":84},"end":{"line":77,"column":85}}],"line":77},"7":{"loc":{"start":{"line":96,"column":6},"end":{"line":98,"column":7}},"type":"if","locations":[{"start":{"line":96,"column":6},"end":{"line":98,"column":7}},{"start":{},"end":{}}],"line":96},"8":{"loc":{"start":{"line":120,"column":6},"end":{"line":122,"column":7}},"type":"if","locations":[{"start":{"line":120,"column":6},"end":{"line":122,"column":7}},{"start":{},"end":{}}],"line":120},"9":{"loc":{"start":{"line":149,"column":6},"end":{"line":151,"column":7}},"type":"if","locations":[{"start":{"line":149,"column":6},"end":{"line":151,"column":7}},{"start":{},"end":{}}],"line":149}},"s":{"0":21,"1":21,"2":0,"3":0,"4":0,"5":0,"6":0,"7":0,"8":0,"9":0,"10":0,"11":0,"12":0,"13":0,"14":0,"15":0,"16":0,"17":0,"18":0,"19":0,"20":0,"21":0,"22":0,"23":0,"24":0,"25":0,"26":0,"27":0,"28":0,"29":0,"30":0,"31":0,"32":0,"33":0,"34":0,"35":0,"36":0,"37":0,"38":0,"39":0,"40":0,"41":0,"42":0,"43":0,"44":0,"45":0,"46":0,"47":0,"48":0,"49":0,"50":0,"51":0,"52":0,"53":0,"54":0,"55":0,"56":0,"57":0,"58":0,"59":0,"60":0,"61":0,"62":0,"63":0,"64":0,"65":0,"66":0,"67":0,"68":0,"69":0,"70":0,"71":21},"f":{"0":0,"1":0,"2":0,"3":0,"4":0,"5":0,"6":0,"7":0},"b":{"0":[0,0],"1":[0,0],"2":[0,0],"3":[0,0],"4":[0,0],"5":[0,0],"6":[0],"7":[0,0],"8":[0,0],"9":[0,0]},"_coverageSchema":"1a1c01bbd47fc00a2c39e90264f33305004495a9","hash":"75cff9259deb4818b0c592aea6c4d8540d285d77"}
,"/Users/patriciozepeda/Dropbox/Cursos/Fullstack/proyecto_final_cafeteria/backend/src/utils/constants.js": {"path":"/Users/patriciozepeda/Dropbox/Cursos/Fullstack/proyecto_final_cafeteria/backend/src/utils/constants.js","statementMap":{"0":{"start":{"line":5,"column":0},"end":{"line":32,"column":2}}},"fnMap":{},"branchMap":{},"s":{"0":21},"f":{},"b":{},"_coverageSchema":"1a1c01bbd47fc00a2c39e90264f33305004495a9","hash":"70b46fe681a2f8cbd971d0a8ff2690259fdfe250"}
,"/Users/patriciozepeda/Dropbox/Cursos/Fullstack/proyecto_final_cafeteria/backend/tests/seed-test-data.js": {"path":"/Users/patriciozepeda/Dropbox/Cursos/Fullstack/proyecto_final_cafeteria/backend/tests/seed-test-data.js","statementMap":{"0":{"start":{"line":1,"column":22},"end":{"line":1,"column":46}},"1":{"start":{"line":2,"column":15},"end":{"line":2,"column":32}},"2":{"start":{"line":6,"column":2},"end":{"line":216,"column":3}},"3":{"start":{"line":7,"column":4},"end":{"line":7,"column":59}},"4":{"start":{"line":10,"column":4},"end":{"line":10,"column":68}},"5":{"start":{"line":11,"column":4},"end":{"line":11,"column":69}},"6":{"start":{"line":12,"column":4},"end":{"line":12,"column":61}},"7":{"start":{"line":13,"column":4},"end":{"line":13,"column":60}},"8":{"start":{"line":14,"column":4},"end":{"line":14,"column":62}},"9":{"start":{"line":15,"column":4},"end":{"line":15,"column":63}},"10":{"start":{"line":16,"column":4},"end":{"line":16,"column":64}},"11":{"start":{"line":17,"column":4},"end":{"line":17,"column":61}},"12":{"start":{"line":18,"column":4},"end":{"line":18,"column":63}},"13":{"start":{"line":19,"column":4},"end":{"line":19,"column":67}},"14":{"start":{"line":20,"column":4},"end":{"line":20,"column":65}},"15":{"start":{"line":21,"column":4},"end":{"line":21,"column":58}},"16":{"start":{"line":22,"column":4},"end":{"line":22,"column":58}},"17":{"start":{"line":25,"column":4},"end":{"line":30,"column":7}},"18":{"start":{"line":33,"column":4},"end":{"line":40,"column":7}},"19":{"start":{"line":43,"column":4},"end":{"line":49,"column":7}},"20":{"start":{"line":52,"column":4},"end":{"line":59,"column":7}},"21":{"start":{"line":62,"column":4},"end":{"line":70,"column":7}},"22":{"start":{"line":73,"column":25},"end":{"line":73,"column":61}},"23":{"start":{"line":74,"column":22},"end":{"line":74,"column":55}},"24":{"start":{"line":76,"column":4},"end":{"line":84,"column":7}},"25":{"start":{"line":87,"column":4},"end":{"line":96,"column":7}},"26":{"start":{"line":99,"column":4},"end":{"line":103,"column":7}},"27":{"start":{"line":106,"column":4},"end":{"line":137,"column":7}},"28":{"start":{"line":140,"column":4},"end":{"line":146,"column":7}},"29":{"start":{"line":149,"column":4},"end":{"line":163,"column":7}},"30":{"start":{"line":166,"column":4},"end":{"line":173,"column":7}},"31":{"start":{"line":176,"column":4},"end":{"line":198,"column":7}},"32":{"start":{"line":200,"column":4},"end":{"line":200,"column":61}},"33":{"start":{"line":201,"column":4},"end":{"line":201,"column":48}},"34":{"start":{"line":202,"column":4},"end":{"line":202,"column":32}},"35":{"start":{"line":203,"column":4},"end":{"line":203,"column":44}},"36":{"start":{"line":204,"column":4},"end":{"line":204,"column":42}},"37":{"start":{"line":205,"column":4},"end":{"line":205,"column":37}},"38":{"start":{"line":206,"column":4},"end":{"line":206,"column":32}},"39":{"start":{"line":207,"column":4},"end":{"line":207,"column":69}},"40":{"start":{"line":208,"column":4},"end":{"line":208,"column":62}},"41":{"start":{"line":209,"column":4},"end":{"line":209,"column":49}},"42":{"start":{"line":210,"column":4},"end":{"line":210,"column":56}},"43":{"start":{"line":211,"column":4},"end":{"line":211,"column":65}},"44":{"start":{"line":214,"column":4},"end":{"line":214,"column":65}},"45":{"start":{"line":215,"column":4},"end":{"line":215,"column":16}},"46":{"start":{"line":219,"column":0},"end":{"line":219,"column":34}},"47":{"start":{"line":222,"column":0},"end":{"line":232,"column":1}},"48":{"start":{"line":223,"column":2},"end":{"line":231,"column":7}},"49":{"start":{"line":225,"column":6},"end":{"line":225,"column":53}},"50":{"start":{"line":226,"column":6},"end":{"line":226,"column":22}},"51":{"start":{"line":229,"column":6},"end":{"line":229,"column":48}},"52":{"start":{"line":230,"column":6},"end":{"line":230,"column":22}}},"fnMap":{"0":{"name":"seedTestData","decl":{"start":{"line":5,"column":15},"end":{"line":5,"column":27}},"loc":{"start":{"line":5,"column":30},"end":{"line":217,"column":1}},"line":5},"1":{"name":"(anonymous_1)","decl":{"start":{"line":224,"column":10},"end":{"line":224,"column":11}},"loc":{"start":{"line":224,"column":16},"end":{"line":227,"column":5}},"line":224},"2":{"name":"(anonymous_2)","decl":{"start":{"line":228,"column":11},"end":{"line":228,"column":12}},"loc":{"start":{"line":228,"column":22},"end":{"line":231,"column":5}},"line":228}},"branchMap":{"0":{"loc":{"start":{"line":222,"column":0},"end":{"line":232,"column":1}},"type":"if","locations":[{"start":{"line":222,"column":0},"end":{"line":232,"column":1}},{"start":{},"end":{}}],"line":222}},"s":{"0":1,"1":1,"2":1,"3":1,"4":1,"5":1,"6":1,"7":1,"8":0,"9":0,"10":0,"11":0,"12":0,"13":0,"14":0,"15":0,"16":0,"17":0,"18":0,"19":0,"20":0,"21":0,"22":0,"23":0,"24":0,"25":0,"26":0,"27":0,"28":0,"29":0,"30":0,"31":0,"32":0,"33":0,"34":0,"35":0,"36":0,"37":0,"38":0,"39":0,"40":0,"41":0,"42":0,"43":0,"44":1,"45":1,"46":1,"47":1,"48":0,"49":0,"50":0,"51":0,"52":0},"f":{"0":1,"1":0,"2":0},"b":{"0":[0,1]},"_coverageSchema":"1a1c01bbd47fc00a2c39e90264f33305004495a9","hash":"268bef2ad176291c93615e8ae2f09bf084386927"}
,"/Users/patriciozepeda/Dropbox/Cursos/Fullstack/proyecto_final_cafeteria/backend/tests/utils/test-helpers.js": {"path":"/Users/patriciozepeda/Dropbox/Cursos/Fullstack/proyecto_final_cafeteria/backend/tests/utils/test-helpers.js","statementMap":{"0":{"start":{"line":1,"column":15},"end":{"line":1,"column":32}},"1":{"start":{"line":2,"column":12},"end":{"line":2,"column":35}},"2":{"start":{"line":9,"column":21},"end":{"line":12,"column":1}},"3":{"start":{"line":10,"column":21},"end":{"line":10,"column":23}},"4":{"start":{"line":11,"column":2},"end":{"line":11,"column":49}},"5":{"start":{"line":19,"column":26},"end":{"line":29,"column":1}},"6":{"start":{"line":20,"column":2},"end":{"line":28,"column":4}},"7":{"start":{"line":36,"column":23},"end":{"line":46,"column":1}},"8":{"start":{"line":37,"column":19},"end":{"line":37,"column":53}},"9":{"start":{"line":38,"column":24},"end":{"line":38,"column":52}},"10":{"start":{"line":40,"column":2},"end":{"line":45,"column":4}},"11":{"start":{"line":51,"column":17},"end":{"line":80,"column":1}},"12":{"start":{"line":82,"column":0},"end":{"line":87,"column":2}}},"fnMap":{"0":{"name":"(anonymous_0)","decl":{"start":{"line":9,"column":21},"end":{"line":9,"column":22}},"loc":{"start":{"line":9,"column":41},"end":{"line":12,"column":1}},"line":9},"1":{"name":"(anonymous_1)","decl":{"start":{"line":19,"column":26},"end":{"line":19,"column":27}},"loc":{"start":{"line":19,"column":36},"end":{"line":29,"column":1}},"line":19},"2":{"name":"(anonymous_2)","decl":{"start":{"line":36,"column":23},"end":{"line":36,"column":24}},"loc":{"start":{"line":36,"column":43},"end":{"line":46,"column":1}},"line":36}},"branchMap":{"0":{"loc":{"start":{"line":24,"column":11},"end":{"line":24,"column":32}},"type":"binary-expr","locations":[{"start":{"line":24,"column":11},"end":{"line":24,"column":19}},{"start":{"line":24,"column":23},"end":{"line":24,"column":32}}],"line":24},"1":{"loc":{"start":{"line":37,"column":19},"end":{"line":37,"column":53}},"type":"binary-expr","locations":[{"start":{"line":37,"column":19},"end":{"line":37,"column":36}},{"start":{"line":37,"column":40},"end":{"line":37,"column":53}}],"line":37}},"s":{"0":1,"1":1,"2":1,"3":1,"4":1,"5":1,"6":0,"7":1,"8":1,"9":1,"10":1,"11":1,"12":1},"f":{"0":1,"1":0,"2":1},"b":{"0":[0,0],"1":[1,1]},"_coverageSchema":"1a1c01bbd47fc00a2c39e90264f33305004495a9","hash":"f77a3e0b25b5c21dddf1cec243ff8591d5cb28c9"}
}
