TN:
SF:src/app.js
FN:49,(anonymous_0)
FN:59,(anonymous_1)
FN:72,(anonymous_2)
FNF:3
FNH:3
FNDA:2,(anonymous_0)
FNDA:50,(anonymous_1)
FNDA:13,(anonymous_2)
DA:1,14
DA:2,14
DA:3,14
DA:4,14
DA:7,14
DA:8,14
DA:9,14
DA:10,14
DA:11,14
DA:12,14
DA:13,14
DA:14,14
DA:15,14
DA:16,14
DA:17,14
DA:18,14
DA:19,14
DA:21,14
DA:24,14
DA:25,14
DA:26,14
DA:29,14
DA:30,0
DA:34,14
DA:35,14
DA:36,14
DA:37,14
DA:38,14
DA:39,14
DA:40,14
DA:41,14
DA:42,14
DA:43,14
DA:44,14
DA:45,14
DA:46,14
DA:49,14
DA:50,2
DA:59,14
DA:60,50
DA:61,50
DA:63,50
DA:72,14
DA:73,13
DA:82,14
LF:45
LH:44
BRDA:29,0,0,0
BRDA:29,0,1,14
BRDA:53,1,0,2
BRDA:53,1,1,0
BRDA:60,2,0,50
BRDA:60,2,1,7
BRDA:60,2,2,7
BRDA:61,3,0,50
BRDA:61,3,1,0
BRDA:67,4,0,50
BRDA:67,4,1,0
BRF:11
BRH:7
end_of_record
TN:
SF:src/config/database.js
FNF:0
FNH:0
DA:1,28
LF:1
LH:1
BRDA:3,0,0,28
BRDA:3,0,1,0
BRDA:4,1,0,28
BRDA:4,1,1,28
BRDA:5,2,0,28
BRDA:5,2,1,0
BRDA:6,3,0,28
BRDA:6,3,1,0
BRDA:7,4,0,28
BRDA:7,4,1,0
BRDA:11,5,0,28
BRDA:11,5,1,0
BRDA:12,6,0,28
BRDA:12,6,1,28
BRDA:13,7,0,28
BRDA:13,7,1,0
BRDA:14,8,0,28
BRDA:14,8,1,0
BRDA:15,9,0,28
BRDA:15,9,1,0
BRDA:24,10,0,28
BRDA:24,10,1,0
BRF:22
BRH:13
end_of_record
TN:
SF:src/config/performance.js
FN:34,(anonymous_0)
FN:37,(anonymous_1)
FN:41,(anonymous_2)
FN:52,(anonymous_3)
FN:61,(anonymous_4)
FN:113,(anonymous_5)
FN:114,(anonymous_6)
FN:133,(anonymous_7)
FN:149,(anonymous_8)
FN:151,(anonymous_9)
FN:153,(anonymous_10)
FN:162,(anonymous_11)
FN:173,(anonymous_12)
FN:184,(anonymous_13)
FN:215,(anonymous_14)
FN:221,(anonymous_15)
FN:247,(anonymous_16)
FN:248,(anonymous_17)
FN:252,(anonymous_18)
FN:255,(anonymous_19)
FN:278,(anonymous_20)
FN:279,(anonymous_21)
FN:296,(anonymous_22)
FN:312,(anonymous_23)
FN:340,(anonymous_24)
FN:355,(anonymous_25)
FN:368,(anonymous_26)
FNF:27
FNH:2
FNDA:0,(anonymous_0)
FNDA:0,(anonymous_1)
FNDA:0,(anonymous_2)
FNDA:70,(anonymous_3)
FNDA:0,(anonymous_4)
FNDA:42,(anonymous_5)
FNDA:0,(anonymous_6)
FNDA:0,(anonymous_7)
FNDA:0,(anonymous_8)
FNDA:0,(anonymous_9)
FNDA:0,(anonymous_10)
FNDA:0,(anonymous_11)
FNDA:0,(anonymous_12)
FNDA:0,(anonymous_13)
FNDA:0,(anonymous_14)
FNDA:0,(anonymous_15)
FNDA:0,(anonymous_16)
FNDA:0,(anonymous_17)
FNDA:0,(anonymous_18)
FNDA:0,(anonymous_19)
FNDA:0,(anonymous_20)
FNDA:0,(anonymous_21)
FNDA:0,(anonymous_22)
FNDA:0,(anonymous_23)
FNDA:0,(anonymous_24)
FNDA:0,(anonymous_25)
FNDA:0,(anonymous_26)
DA:1,14
DA:2,14
DA:3,14
DA:4,14
DA:5,14
DA:6,14
DA:7,14
DA:14,14
DA:26,14
DA:29,14
DA:30,0
DA:31,0
DA:34,0
DA:37,0
DA:38,0
DA:41,0
DA:42,0
DA:45,0
DA:52,14
DA:53,70
DA:61,0
DA:67,14
DA:106,14
DA:113,14
DA:114,42
DA:116,0
DA:117,0
DA:121,0
DA:124,0
DA:126,0
DA:127,0
DA:128,0
DA:132,0
DA:133,0
DA:135,0
DA:136,0
DA:137,0
DA:141,0
DA:144,0
DA:149,14
DA:150,0
DA:151,0
DA:153,0
DA:154,0
DA:157,0
DA:158,0
DA:162,14
DA:163,0
DA:173,14
DA:174,0
DA:175,0
DA:176,0
DA:177,0
DA:183,14
DA:186,0
DA:187,0
DA:191,0
DA:200,14
DA:215,14
DA:216,0
DA:219,0
DA:221,0
DA:222,0
DA:223,0
DA:226,0
DA:229,0
DA:230,0
DA:234,0
DA:235,0
DA:238,0
DA:241,0
DA:247,14
DA:248,0
DA:250,0
DA:252,0
DA:254,0
DA:255,0
DA:256,0
DA:257,0
DA:258,0
DA:259,0
DA:260,0
DA:263,0
DA:268,0
DA:271,0
DA:278,14
DA:279,0
DA:280,0
DA:282,0
DA:283,0
DA:289,0
DA:296,14
DA:297,0
DA:305,0
DA:311,14
DA:314,0
DA:323,0
DA:325,0
DA:326,0
DA:328,0
DA:340,14
DA:341,0
DA:343,0
DA:344,0
DA:345,0
DA:348,0
DA:352,14
DA:353,14
DA:355,14
DA:357,0
DA:360,0
DA:365,0
DA:368,0
DA:369,0
DA:370,0
DA:371,0
DA:372,0
DA:375,0
DA:378,14
LF:119
LH:31
BRDA:15,0,0,14
BRDA:15,0,1,14
BRDA:16,1,0,14
BRDA:16,1,1,14
BRDA:17,2,0,14
BRDA:17,2,1,14
BRDA:29,3,0,0
BRDA:29,3,1,14
BRDA:32,4,0,0
BRDA:32,4,1,0
BRDA:33,5,0,0
BRDA:33,5,1,0
BRDA:52,6,0,56
BRDA:60,7,0,0
BRDA:60,7,1,70
BRDA:113,8,0,0
BRDA:116,9,0,0
BRDA:116,9,1,0
BRDA:121,10,0,0
BRDA:121,10,1,0
BRDA:126,11,0,0
BRDA:126,11,1,0
BRDA:135,12,0,0
BRDA:135,12,1,0
BRDA:186,13,0,0
BRDA:186,13,1,0
BRDA:229,14,0,0
BRDA:229,14,1,0
BRDA:234,15,0,0
BRDA:234,15,1,0
BRDA:247,16,0,0
BRDA:254,17,0,0
BRDA:254,17,1,0
BRDA:254,18,0,0
BRDA:254,18,1,0
BRDA:254,18,2,0
BRDA:258,19,0,0
BRDA:258,19,1,0
BRDA:278,20,0,0
BRDA:282,21,0,0
BRDA:282,21,1,0
BRDA:302,22,0,0
BRDA:302,22,1,0
BRDA:323,23,0,0
BRDA:323,23,1,0
BRDA:325,24,0,0
BRDA:325,24,1,0
BRDA:343,25,0,0
BRDA:343,25,1,0
BRDA:362,26,0,0
BRDA:362,26,1,0
BRF:51
BRH:9
end_of_record
TN:
SF:src/controllers/carritos.controller.js
FN:8,(anonymous_0)
FN:19,(anonymous_1)
FN:41,(anonymous_2)
FN:60,(anonymous_3)
FN:71,(anonymous_4)
FN:124,(anonymous_5)
FN:163,(anonymous_6)
FN:212,(anonymous_7)
FN:251,(anonymous_8)
FN:280,(anonymous_9)
FN:299,(anonymous_10)
FNF:11
FNH:0
FNDA:0,(anonymous_0)
FNDA:0,(anonymous_1)
FNDA:0,(anonymous_2)
FNDA:0,(anonymous_3)
FNDA:0,(anonymous_4)
FNDA:0,(anonymous_5)
FNDA:0,(anonymous_6)
FNDA:0,(anonymous_7)
FNDA:0,(anonymous_8)
FNDA:0,(anonymous_9)
FNDA:0,(anonymous_10)
DA:1,18
DA:2,18
DA:3,18
DA:4,18
DA:5,18
DA:8,18
DA:9,0
DA:10,0
DA:11,0
DA:13,0
DA:14,0
DA:19,18
DA:20,0
DA:21,0
DA:23,0
DA:28,0
DA:29,0
DA:32,0
DA:33,0
DA:35,0
DA:36,0
DA:41,18
DA:42,0
DA:43,0
DA:46,0
DA:47,0
DA:48,0
DA:51,0
DA:52,0
DA:54,0
DA:55,0
DA:60,18
DA:61,0
DA:62,0
DA:63,0
DA:65,0
DA:66,0
DA:71,18
DA:72,0
DA:74,0
DA:79,0
DA:80,0
DA:81,0
DA:84,0
DA:87,0
DA:88,0
DA:89,0
DA:92,0
DA:93,0
DA:96,0
DA:97,0
DA:104,0
DA:107,0
DA:113,0
DA:118,0
DA:119,0
DA:124,18
DA:125,0
DA:127,0
DA:136,0
DA:137,0
DA:138,0
DA:141,0
DA:144,0
DA:147,0
DA:152,0
DA:157,0
DA:158,0
DA:163,18
DA:164,0
DA:166,0
DA:171,0
DA:172,0
DA:173,0
DA:176,0
DA:179,0
DA:182,0
DA:183,0
DA:188,0
DA:195,0
DA:201,0
DA:206,0
DA:207,0
DA:212,18
DA:213,0
DA:215,0
DA:224,0
DA:225,0
DA:226,0
DA:229,0
DA:232,0
DA:235,0
DA:240,0
DA:245,0
DA:246,0
DA:251,18
DA:252,0
DA:253,0
DA:256,0
DA:257,0
DA:261,0
DA:264,0
DA:269,0
DA:274,0
DA:275,0
DA:280,18
DA:281,0
DA:283,0
DA:286,0
DA:288,0
DA:293,0
DA:294,0
DA:299,18
DA:300,0
DA:301,0
DA:303,0
DA:305,0
DA:311,0
DA:312,0
DA:316,18
LF:120
LH:17
BRDA:21,0,0,0
BRDA:21,1,0,0
BRDA:28,2,0,0
BRDA:28,2,1,0
BRDA:47,3,0,0
BRDA:47,3,1,0
BRDA:80,4,0,0
BRDA:80,4,1,0
BRDA:88,5,0,0
BRDA:88,5,1,0
BRDA:92,6,0,0
BRDA:92,6,1,0
BRDA:96,7,0,0
BRDA:96,7,1,0
BRDA:137,8,0,0
BRDA:137,8,1,0
BRDA:172,9,0,0
BRDA:172,9,1,0
BRDA:182,10,0,0
BRDA:182,10,1,0
BRDA:225,11,0,0
BRDA:225,11,1,0
BRDA:256,12,0,0
BRDA:256,12,1,0
BRDA:301,13,0,0
BRF:25
BRH:0
end_of_record
TN:
SF:src/controllers/categorias.controller.js
FN:5,(anonymous_0)
FN:16,(anonymous_1)
FN:33,(anonymous_2)
FN:52,(anonymous_3)
FN:77,(anonymous_4)
FNF:5
FNH:5
FNDA:6,(anonymous_0)
FNDA:3,(anonymous_1)
FNDA:2,(anonymous_2)
FNDA:1,(anonymous_3)
FNDA:2,(anonymous_4)
DA:1,16
DA:2,16
DA:5,16
DA:6,6
DA:7,6
DA:8,0
DA:10,6
DA:11,6
DA:16,16
DA:17,3
DA:18,3
DA:19,3
DA:21,0
DA:22,0
DA:25,0
DA:27,3
DA:28,3
DA:33,16
DA:34,2
DA:35,2
DA:40,2
DA:41,2
DA:43,1
DA:45,0
DA:47,1
DA:52,16
DA:53,1
DA:54,1
DA:59,1
DA:60,1
DA:62,1
DA:64,1
DA:66,0
DA:67,0
DA:70,0
DA:72,1
DA:77,16
DA:78,2
DA:80,2
DA:81,2
DA:83,0
DA:85,2
DA:86,0
DA:91,2
DA:92,0
DA:95,2
DA:96,2
DA:100,16
LF:48
LH:37
BRDA:21,0,0,0
BRDA:21,0,1,0
BRDA:41,1,0,1
BRDA:41,1,1,1
BRDA:60,2,0,0
BRDA:60,2,1,1
BRDA:66,3,0,0
BRDA:66,3,1,0
BRDA:85,4,0,0
BRDA:85,4,1,2
BRDA:91,5,0,0
BRDA:91,5,1,2
BRF:12
BRH:5
end_of_record
TN:
SF:src/controllers/detalles_carrito.controller.js
FN:8,(anonymous_0)
FN:24,(anonymous_1)
FN:46,(anonymous_2)
FN:62,(anonymous_3)
FN:84,(anonymous_4)
FNF:5
FNH:0
FNDA:0,(anonymous_0)
FNDA:0,(anonymous_1)
FNDA:0,(anonymous_2)
FNDA:0,(anonymous_3)
FNDA:0,(anonymous_4)
DA:1,15
DA:2,15
DA:4,15
DA:9,0
DA:10,0
DA:11,0
DA:13,0
DA:14,0
DA:25,0
DA:26,0
DA:27,0
DA:28,0
DA:33,0
DA:35,0
DA:36,0
DA:47,0
DA:48,0
DA:49,0
DA:51,0
DA:52,0
DA:63,0
DA:64,0
DA:65,0
DA:66,0
DA:71,0
DA:73,0
DA:74,0
DA:85,0
DA:86,0
DA:87,0
DA:88,0
DA:93,0
DA:98,0
DA:99,0
DA:107,15
LF:35
LH:4
BRDA:27,0,0,0
BRDA:27,0,1,0
BRDA:65,1,0,0
BRDA:65,1,1,0
BRDA:87,2,0,0
BRDA:87,2,1,0
BRF:6
BRH:0
end_of_record
TN:
SF:src/controllers/direcciones.controller.js
FN:13,(anonymous_0)
FN:43,(anonymous_1)
FN:63,(anonymous_2)
FN:124,(anonymous_3)
FN:204,(anonymous_4)
FN:233,(anonymous_5)
FNF:6
FNH:0
FNDA:0,(anonymous_0)
FNDA:0,(anonymous_1)
FNDA:0,(anonymous_2)
FNDA:0,(anonymous_3)
FNDA:0,(anonymous_4)
FNDA:0,(anonymous_5)
DA:1,17
DA:2,17
DA:7,17
DA:14,0
DA:15,0
DA:21,0
DA:26,0
DA:31,0
DA:33,0
DA:34,0
DA:44,0
DA:45,0
DA:46,0
DA:48,0
DA:49,0
DA:52,0
DA:54,0
DA:64,0
DA:65,0
DA:67,0
DA:77,0
DA:78,0
DA:79,0
DA:80,0
DA:83,0
DA:86,0
DA:87,0
DA:88,0
DA:95,0
DA:106,0
DA:109,0
DA:114,0
DA:115,0
DA:125,0
DA:126,0
DA:131,0
DA:141,0
DA:142,0
DA:143,0
DA:144,0
DA:147,0
DA:148,0
DA:151,0
DA:152,0
DA:153,0
DA:157,0
DA:161,0
DA:162,0
DA:163,0
DA:170,0
DA:185,0
DA:186,0
DA:189,0
DA:194,0
DA:195,0
DA:205,0
DA:206,0
DA:209,0
DA:210,0
DA:211,0
DA:215,0
DA:220,0
DA:224,0
DA:234,0
DA:235,0
DA:236,0
DA:239,0
DA:240,0
DA:241,0
DA:245,0
DA:248,0
DA:250,0
DA:255,0
DA:257,0
DA:263,0
DA:268,0
DA:270,0
DA:275,0
DA:276,0
DA:281,17
LF:80
LH:4
BRDA:48,0,0,0
BRDA:48,0,1,0
BRDA:48,1,0,0
BRDA:48,1,1,0
BRDA:78,2,0,0
BRDA:78,2,1,0
BRDA:86,3,0,0
BRDA:86,3,1,0
BRDA:103,4,0,0
BRDA:103,4,1,0
BRDA:142,5,0,0
BRDA:142,5,1,0
BRDA:152,6,0,0
BRDA:152,6,1,0
BRDA:152,7,0,0
BRDA:152,7,1,0
BRDA:161,8,0,0
BRDA:161,8,1,0
BRDA:210,9,0,0
BRDA:210,9,1,0
BRDA:210,10,0,0
BRDA:210,10,1,0
BRDA:240,11,0,0
BRDA:240,11,1,0
BRDA:240,12,0,0
BRDA:240,12,1,0
BRF:26
BRH:0
end_of_record
TN:
SF:src/controllers/estados_pedido.controller.js
FN:4,(anonymous_0)
FN:8,(anonymous_1)
FN:13,(anonymous_2)
FN:17,(anonymous_3)
FN:22,(anonymous_4)
FNF:5
FNH:2
FNDA:7,(anonymous_0)
FNDA:2,(anonymous_1)
FNDA:0,(anonymous_2)
FNDA:0,(anonymous_3)
FNDA:0,(anonymous_4)
DA:1,16
DA:3,16
DA:5,7
DA:6,4
DA:9,2
DA:10,2
DA:11,1
DA:14,0
DA:15,0
DA:18,0
DA:19,0
DA:20,0
DA:23,0
DA:24,0
DA:25,0
DA:29,16
LF:16
LH:8
BRDA:10,0,0,1
BRDA:10,0,1,1
BRDA:19,1,0,0
BRDA:19,1,1,0
BRDA:24,2,0,0
BRDA:24,2,1,0
BRF:6
BRH:2
end_of_record
TN:
SF:src/controllers/mesas.controller.js
FN:5,(anonymous_0)
FN:15,(anonymous_1)
FN:25,(anonymous_2)
FN:41,(anonymous_3)
FN:74,(anonymous_4)
FN:113,(anonymous_5)
FN:144,(anonymous_6)
FNF:7
FNH:1
FNDA:1,(anonymous_0)
FNDA:0,(anonymous_1)
FNDA:0,(anonymous_2)
FNDA:0,(anonymous_3)
FNDA:0,(anonymous_4)
FNDA:0,(anonymous_5)
FNDA:0,(anonymous_6)
DA:1,17
DA:2,17
DA:5,17
DA:6,1
DA:7,1
DA:8,0
DA:10,1
DA:15,17
DA:16,0
DA:17,0
DA:18,0
DA:20,0
DA:25,17
DA:26,0
DA:27,0
DA:28,0
DA:30,0
DA:31,0
DA:34,0
DA:36,0
DA:41,17
DA:42,0
DA:43,0
DA:50,0
DA:51,0
DA:52,0
DA:58,0
DA:59,0
DA:64,0
DA:65,0
DA:69,0
DA:74,17
DA:75,0
DA:76,0
DA:78,0
DA:86,0
DA:87,0
DA:88,0
DA:94,0
DA:95,0
DA:100,0
DA:101,0
DA:103,0
DA:104,0
DA:108,0
DA:113,17
DA:114,0
DA:115,0
DA:116,0
DA:118,0
DA:122,0
DA:123,0
DA:124,0
DA:130,0
DA:131,0
DA:136,0
DA:137,0
DA:139,0
DA:144,17
DA:145,0
DA:146,0
DA:148,0
DA:149,0
DA:153,0
DA:154,0
DA:156,0
DA:160,17
LF:67
LH:13
BRDA:30,0,0,0
BRDA:30,0,1,0
BRDA:51,1,0,0
BRDA:51,1,1,0
BRDA:64,2,0,0
BRDA:64,2,1,0
BRDA:87,3,0,0
BRDA:87,3,1,0
BRDA:100,4,0,0
BRDA:100,4,1,0
BRDA:103,5,0,0
BRDA:103,5,1,0
BRDA:123,6,0,0
BRDA:123,6,1,0
BRDA:136,7,0,0
BRDA:136,7,1,0
BRDA:153,8,0,0
BRDA:153,8,1,0
BRF:18
BRH:0
end_of_record
TN:
SF:src/controllers/metodos_pago.controller.js
FN:5,(anonymous_0)
FN:9,(anonymous_1)
FN:14,(anonymous_2)
FN:29,(anonymous_3)
FN:45,(anonymous_4)
FNF:5
FNH:2
FNDA:7,(anonymous_0)
FNDA:1,(anonymous_1)
FNDA:0,(anonymous_2)
FNDA:0,(anonymous_3)
FNDA:0,(anonymous_4)
DA:1,16
DA:2,16
DA:4,16
DA:6,7
DA:7,7
DA:10,1
DA:11,1
DA:12,1
DA:15,0
DA:16,0
DA:21,0
DA:22,0
DA:23,0
DA:24,0
DA:26,0
DA:30,0
DA:31,0
DA:36,0
DA:37,0
DA:38,0
DA:39,0
DA:40,0
DA:42,0
DA:46,0
DA:47,0
DA:48,0
DA:52,16
LF:27
LH:9
BRDA:11,0,0,0
BRDA:11,0,1,1
BRDA:22,1,0,0
BRDA:22,1,1,0
BRDA:37,2,0,0
BRDA:37,2,1,0
BRDA:39,3,0,0
BRDA:39,3,1,0
BRDA:47,4,0,0
BRDA:47,4,1,0
BRF:10
BRH:1
end_of_record
TN:
SF:src/controllers/pedidos.controller.js
FN:8,(anonymous_0)
FN:14,(anonymous_1)
FN:37,(anonymous_2)
FN:50,(anonymous_3)
FN:62,(anonymous_4)
FN:102,(anonymous_5)
FN:130,(anonymous_6)
FN:184,(anonymous_7)
FN:206,(anonymous_8)
FN:227,(anonymous_9)
FN:250,(anonymous_10)
FN:263,(anonymous_11)
FN:277,(anonymous_12)
FN:305,(anonymous_13)
FN:338,(anonymous_14)
FN:362,(anonymous_15)
FN:376,(anonymous_16)
FNF:17
FNH:3
FNDA:1,(anonymous_0)
FNDA:0,(anonymous_1)
FNDA:1,(anonymous_2)
FNDA:0,(anonymous_3)
FNDA:2,(anonymous_4)
FNDA:0,(anonymous_5)
FNDA:0,(anonymous_6)
FNDA:0,(anonymous_7)
FNDA:0,(anonymous_8)
FNDA:0,(anonymous_9)
FNDA:0,(anonymous_10)
FNDA:0,(anonymous_11)
FNDA:0,(anonymous_12)
FNDA:0,(anonymous_13)
FNDA:0,(anonymous_14)
FNDA:0,(anonymous_15)
FNDA:0,(anonymous_16)
DA:1,18
DA:2,18
DA:3,18
DA:4,18
DA:5,18
DA:8,18
DA:9,1
DA:10,1
DA:11,0
DA:14,0
DA:15,0
DA:19,0
DA:20,0
DA:23,0
DA:24,0
DA:25,0
DA:28,0
DA:29,0
DA:31,1
DA:32,1
DA:37,18
DA:38,1
DA:40,1
DA:41,1
DA:43,1
DA:44,0
DA:48,1
DA:50,0
DA:51,0
DA:54,0
DA:56,1
DA:57,1
DA:62,18
DA:63,2
DA:64,2
DA:68,2
DA:69,2
DA:71,0
DA:74,0
DA:76,0
DA:77,0
DA:81,0
DA:83,0
DA:85,0
DA:87,0
DA:88,0
DA:91,0
DA:94,0
DA:96,0
DA:97,0
DA:102,0
DA:109,0
DA:118,0
DA:120,0
DA:125,0
DA:130,18
DA:131,0
DA:132,0
DA:146,0
DA:147,0
DA:149,0
DA:152,0
DA:153,0
DA:154,0
DA:155,0
DA:157,0
DA:158,0
DA:165,0
DA:174,0
DA:179,0
DA:184,18
DA:185,0
DA:186,0
DA:190,0
DA:191,0
DA:193,0
DA:194,0
DA:197,0
DA:199,0
DA:200,0
DA:204,0
DA:206,0
DA:207,0
DA:211,0
DA:217,0
DA:222,0
DA:227,18
DA:228,0
DA:229,0
DA:231,0
DA:237,0
DA:238,0
DA:241,0
DA:242,0
DA:244,0
DA:245,0
DA:250,18
DA:251,0
DA:252,0
DA:254,0
DA:255,0
DA:257,0
DA:258,0
DA:263,18
DA:264,0
DA:265,0
DA:266,0
DA:269,0
DA:271,0
DA:272,0
DA:276,0
DA:277,0
DA:279,0
DA:280,0
DA:284,0
DA:285,0
DA:286,0
DA:292,0
DA:294,0
DA:299,0
DA:300,0
DA:305,18
DA:306,0
DA:307,0
DA:317,0
DA:318,0
DA:319,0
DA:322,0
DA:325,0
DA:327,0
DA:332,0
DA:333,0
DA:338,18
DA:339,0
DA:340,0
DA:343,0
DA:345,0
DA:346,0
DA:350,0
DA:352,0
DA:356,0
DA:357,0
DA:362,18
DA:363,0
DA:365,0
DA:367,0
DA:369,0
DA:370,0
DA:374,0
DA:376,0
DA:377,0
DA:380,0
DA:382,0
DA:383,0
DA:387,18
LF:155
LH:32
BRDA:14,0,0,0
BRDA:14,0,1,0
BRDA:14,1,0,0
BRDA:14,1,1,0
BRDA:14,1,2,0
BRDA:19,2,0,0
BRDA:19,2,1,0
BRDA:23,3,0,0
BRDA:23,3,1,0
BRDA:23,4,0,0
BRDA:23,4,1,0
BRDA:43,5,0,0
BRDA:43,5,1,1
BRDA:50,6,0,0
BRDA:50,6,1,0
BRDA:50,7,0,0
BRDA:50,7,1,0
BRDA:50,7,2,0
BRDA:50,7,3,0
BRDA:69,8,0,2
BRDA:69,8,1,0
BRDA:76,9,0,0
BRDA:76,9,1,0
BRDA:76,10,0,0
BRDA:76,10,1,0
BRDA:76,10,2,0
BRDA:83,11,0,0
BRDA:83,11,1,0
BRDA:87,12,0,0
BRDA:87,12,1,0
BRDA:96,13,0,0
BRDA:96,13,1,0
BRDA:96,14,0,0
BRDA:96,14,1,0
BRDA:147,15,0,0
BRDA:147,15,1,0
BRDA:154,16,0,0
BRDA:154,16,1,0
BRDA:157,17,0,0
BRDA:157,17,1,0
BRDA:191,18,0,0
BRDA:191,18,1,0
BRDA:199,19,0,0
BRDA:199,19,1,0
BRDA:206,20,0,0
BRDA:206,20,1,0
BRDA:206,21,0,0
BRDA:206,21,1,0
BRDA:206,21,2,0
BRDA:214,22,0,0
BRDA:214,22,1,0
BRDA:229,23,0,0
BRDA:229,24,0,0
BRDA:237,25,0,0
BRDA:237,25,1,0
BRDA:252,26,0,0
BRDA:271,27,0,0
BRDA:271,27,1,0
BRDA:277,28,0,0
BRDA:277,28,1,0
BRDA:277,28,2,0
BRDA:279,29,0,0
BRDA:279,29,1,0
BRDA:279,30,0,0
BRDA:279,30,1,0
BRDA:285,31,0,0
BRDA:285,31,1,0
BRDA:318,32,0,0
BRDA:318,32,1,0
BRDA:345,33,0,0
BRDA:345,33,1,0
BRDA:369,34,0,0
BRDA:369,34,1,0
BRDA:376,35,0,0
BRDA:376,35,1,0
BRDA:376,36,0,0
BRDA:376,36,1,0
BRDA:376,36,2,0
BRDA:376,36,3,0
BRF:79
BRH:2
end_of_record
TN:
SF:src/controllers/productos.controller.js
FN:93,(anonymous_0)
FN:123,(anonymous_1)
FN:141,(anonymous_2)
FN:146,(anonymous_3)
FN:185,(anonymous_4)
FN:192,(anonymous_5)
FN:229,(anonymous_6)
FN:260,(anonymous_7)
FNF:8
FNH:6
FNDA:40,(anonymous_0)
FNDA:15,(anonymous_1)
FNDA:2,(anonymous_2)
FNDA:4,(anonymous_3)
FNDA:2,(anonymous_4)
FNDA:0,(anonymous_5)
FNDA:2,(anonymous_6)
FNDA:0,(anonymous_7)
DA:1,17
DA:2,17
DA:3,17
DA:6,17
DA:54,17
DA:93,17
DA:94,40
DA:95,40
DA:98,40
DA:99,9
DA:102,40
DA:103,11
DA:106,40
DA:107,1
DA:110,40
DA:111,0
DA:114,40
DA:115,30
DA:117,10
DA:118,10
DA:123,17
DA:124,15
DA:126,15
DA:127,15
DA:129,12
DA:130,11
DA:133,1
DA:135,3
DA:136,3
DA:141,17
DA:142,2
DA:143,2
DA:145,2
DA:146,4
DA:151,2
DA:160,0
DA:164,0
DA:165,0
DA:169,0
DA:173,0
DA:178,0
DA:180,0
DA:185,17
DA:186,2
DA:188,2
DA:189,2
DA:191,2
DA:192,0
DA:197,0
DA:206,2
DA:208,1
DA:209,0
DA:213,1
DA:215,0
DA:216,0
DA:220,0
DA:222,0
DA:224,2
DA:229,17
DA:230,2
DA:232,2
DA:234,2
DA:236,1
DA:237,0
DA:241,1
DA:243,0
DA:244,0
DA:248,0
DA:250,0
DA:254,2
DA:255,2
DA:260,17
DA:261,0
DA:263,0
DA:264,0
DA:268,0
DA:269,0
DA:272,0
DA:274,0
DA:275,0
DA:279,0
DA:285,0
DA:287,0
DA:292,17
LF:84
LH:53
BRDA:98,0,0,9
BRDA:98,0,1,31
BRDA:102,1,0,11
BRDA:102,1,1,29
BRDA:106,2,0,1
BRDA:106,2,1,39
BRDA:110,3,0,0
BRDA:110,3,1,40
BRDA:129,4,0,11
BRDA:129,4,1,1
BRDA:145,5,0,2
BRDA:145,5,1,0
BRDA:164,6,0,0
BRDA:164,6,1,0
BRDA:164,7,0,0
BRDA:164,7,1,0
BRDA:165,8,0,0
BRDA:165,8,1,0
BRDA:191,9,0,0
BRDA:191,9,1,2
BRDA:208,10,0,0
BRDA:208,10,1,1
BRDA:215,11,0,0
BRDA:215,11,1,0
BRDA:215,12,0,0
BRDA:215,12,1,0
BRDA:215,12,2,0
BRDA:236,13,0,0
BRDA:236,13,1,1
BRDA:243,14,0,0
BRDA:243,14,1,0
BRDA:243,15,0,0
BRDA:243,15,1,0
BRDA:243,15,2,0
BRDA:269,16,0,0
BRDA:269,16,1,0
BRDA:274,17,0,0
BRDA:274,17,1,0
BRDA:282,18,0,0
BRDA:282,18,1,0
BRF:40
BRH:13
end_of_record
TN:
SF:src/controllers/resenas.controller.js
FN:4,(anonymous_0)
FN:8,(anonymous_1)
FN:12,(anonymous_2)
FN:17,(anonymous_3)
FNF:4
FNH:0
FNDA:0,(anonymous_0)
FNDA:0,(anonymous_1)
FNDA:0,(anonymous_2)
FNDA:0,(anonymous_3)
DA:1,17
DA:3,17
DA:5,0
DA:6,0
DA:9,0
DA:10,0
DA:13,0
DA:14,0
DA:15,0
DA:18,0
DA:19,0
DA:20,0
DA:24,17
LF:13
LH:3
BRDA:14,0,0,0
BRDA:14,0,1,0
BRDA:19,1,0,0
BRDA:19,1,1,0
BRF:4
BRH:0
end_of_record
TN:
SF:src/controllers/roles.controller.js
FN:4,(anonymous_0)
FN:8,(anonymous_1)
FN:13,(anonymous_2)
FN:17,(anonymous_3)
FN:22,(anonymous_4)
FNF:5
FNH:0
FNDA:0,(anonymous_0)
FNDA:0,(anonymous_1)
FNDA:0,(anonymous_2)
FNDA:0,(anonymous_3)
FNDA:0,(anonymous_4)
DA:1,17
DA:3,17
DA:5,0
DA:6,0
DA:9,0
DA:10,0
DA:11,0
DA:14,0
DA:15,0
DA:18,0
DA:19,0
DA:20,0
DA:23,0
DA:24,0
DA:25,0
DA:29,17
LF:16
LH:3
BRDA:10,0,0,0
BRDA:10,0,1,0
BRDA:19,1,0,0
BRDA:19,1,1,0
BRDA:24,2,0,0
BRDA:24,2,1,0
BRF:6
BRH:0
end_of_record
TN:
SF:src/controllers/usuarios.controller.js
FN:7,(anonymous_0)
FN:68,(anonymous_1)
FN:128,(anonymous_2)
FN:148,(anonymous_3)
FN:177,(anonymous_4)
FN:226,(anonymous_5)
FN:261,(anonymous_6)
FN:272,(anonymous_7)
FN:328,(anonymous_8)
FN:364,(anonymous_9)
FN:387,(anonymous_10)
FN:414,(anonymous_11)
FN:426,(anonymous_12)
FNF:13
FNH:2
FNDA:26,(anonymous_0)
FNDA:20,(anonymous_1)
FNDA:0,(anonymous_2)
FNDA:0,(anonymous_3)
FNDA:0,(anonymous_4)
FNDA:0,(anonymous_5)
FNDA:0,(anonymous_6)
FNDA:0,(anonymous_7)
FNDA:0,(anonymous_8)
FNDA:0,(anonymous_9)
FNDA:0,(anonymous_10)
FNDA:0,(anonymous_11)
FNDA:0,(anonymous_12)
DA:1,17
DA:2,17
DA:3,17
DA:4,17
DA:7,17
DA:8,26
DA:9,26
DA:17,26
DA:18,26
DA:20,0
DA:23,0
DA:24,0
DA:25,0
DA:29,0
DA:39,0
DA:51,0
DA:63,0
DA:68,17
DA:69,20
DA:70,20
DA:74,20
DA:75,20
DA:77,6
DA:80,6
DA:82,0
DA:83,0
DA:87,0
DA:88,0
DA:92,0
DA:94,0
DA:95,0
DA:99,0
DA:111,0
DA:123,6
DA:128,17
DA:129,0
DA:131,0
DA:142,0
DA:143,0
DA:148,17
DA:149,0
DA:150,0
DA:152,0
DA:153,0
DA:157,0
DA:160,0
DA:171,0
DA:172,0
DA:177,17
DA:178,0
DA:179,0
DA:186,0
DA:187,0
DA:189,0
DA:192,0
DA:193,0
DA:194,0
DA:195,0
DA:200,0
DA:209,0
DA:221,0
DA:226,17
DA:227,0
DA:228,0
DA:232,0
DA:233,0
DA:235,0
DA:238,0
DA:240,0
DA:241,0
DA:245,0
DA:247,0
DA:248,0
DA:252,0
DA:254,0
DA:256,0
DA:261,17
DA:262,0
DA:263,0
DA:264,0
DA:266,0
DA:267,0
DA:272,17
DA:273,0
DA:274,0
DA:275,0
DA:276,0
DA:278,0
DA:287,0
DA:288,0
DA:290,0
DA:293,0
DA:304,0
DA:315,0
DA:318,0
DA:323,0
DA:328,17
DA:329,0
DA:330,0
DA:339,0
DA:340,0
DA:342,0
DA:345,0
DA:346,0
DA:347,0
DA:351,0
DA:354,0
DA:359,0
DA:364,17
DA:365,0
DA:366,0
DA:369,0
DA:370,0
DA:371,0
DA:375,0
DA:378,0
DA:382,0
DA:387,17
DA:388,0
DA:389,0
DA:392,0
DA:393,0
DA:394,0
DA:398,0
DA:401,0
DA:404,0
DA:409,0
DA:414,17
DA:415,0
DA:426,17
DA:427,0
DA:428,0
DA:430,0
DA:431,0
DA:436,0
DA:439,0
DA:441,0
DA:443,0
DA:444,0
DA:448,17
LF:140
LH:29
BRDA:18,0,0,26
BRDA:18,0,1,0
BRDA:24,1,0,0
BRDA:24,1,1,0
BRDA:44,2,0,0
BRDA:44,2,1,0
BRDA:58,3,0,0
BRDA:58,3,1,0
BRDA:75,4,0,14
BRDA:75,4,1,6
BRDA:82,5,0,0
BRDA:82,5,1,0
BRDA:87,6,0,0
BRDA:87,6,1,0
BRDA:94,7,0,0
BRDA:94,7,1,0
BRDA:104,8,0,0
BRDA:104,8,1,0
BRDA:118,9,0,0
BRDA:118,9,1,0
BRDA:152,10,0,0
BRDA:152,10,1,0
BRDA:187,11,0,0
BRDA:187,11,1,0
BRDA:192,12,0,0
BRDA:192,12,1,0
BRDA:194,13,0,0
BRDA:194,13,1,0
BRDA:194,14,0,0
BRDA:194,14,1,0
BRDA:233,15,0,0
BRDA:233,15,1,0
BRDA:240,16,0,0
BRDA:240,16,1,0
BRDA:247,17,0,0
BRDA:247,17,1,0
BRDA:288,18,0,0
BRDA:288,18,1,0
BRDA:301,19,0,0
BRDA:301,19,1,0
BRDA:312,20,0,0
BRDA:312,20,1,0
BRDA:340,21,0,0
BRDA:340,21,1,0
BRDA:346,22,0,0
BRDA:346,22,1,0
BRDA:346,23,0,0
BRDA:346,23,1,0
BRDA:370,24,0,0
BRDA:370,24,1,0
BRDA:370,25,0,0
BRDA:370,25,1,0
BRDA:393,26,0,0
BRDA:393,26,1,0
BRDA:393,27,0,0
BRDA:393,27,1,0
BRDA:430,28,0,0
BRDA:430,28,1,0
BRDA:430,29,0,0
BRDA:430,29,1,0
BRF:60
BRH:3
end_of_record
TN:
SF:src/controllers/vendedores.controller.js
FN:8,(anonymous_0)
FN:21,(anonymous_1)
FN:35,(anonymous_2)
FN:80,(anonymous_3)
FN:151,(anonymous_4)
FN:167,(anonymous_5)
FN:184,(anonymous_6)
FN:210,(anonymous_7)
FN:243,(anonymous_8)
FNF:9
FNH:0
FNDA:0,(anonymous_0)
FNDA:0,(anonymous_1)
FNDA:0,(anonymous_2)
FNDA:0,(anonymous_3)
FNDA:0,(anonymous_4)
FNDA:0,(anonymous_5)
FNDA:0,(anonymous_6)
FNDA:0,(anonymous_7)
FNDA:0,(anonymous_8)
DA:1,17
DA:2,17
DA:4,17
DA:9,0
DA:10,0
DA:11,0
DA:13,0
DA:14,0
DA:22,0
DA:23,0
DA:24,0
DA:25,0
DA:27,0
DA:28,0
DA:36,0
DA:37,0
DA:40,0
DA:41,0
DA:42,0
DA:46,0
DA:47,0
DA:48,0
DA:52,0
DA:53,0
DA:57,0
DA:59,0
DA:72,0
DA:73,0
DA:81,0
DA:82,0
DA:83,0
DA:84,0
DA:87,0
DA:89,0
DA:91,0
DA:92,0
DA:93,0
DA:96,0
DA:99,0
DA:100,0
DA:101,0
DA:102,0
DA:105,0
DA:108,0
DA:116,0
DA:118,0
DA:129,0
DA:130,0
DA:131,0
DA:132,0
DA:134,0
DA:135,0
DA:138,0
DA:139,0
DA:142,0
DA:143,0
DA:144,0
DA:147,0
DA:148,0
DA:149,0
DA:151,0
DA:155,0
DA:156,0
DA:157,0
DA:160,0
DA:168,0
DA:169,0
DA:170,0
DA:171,0
DA:176,0
DA:177,0
DA:185,0
DA:186,0
DA:187,0
DA:191,0
DA:193,0
DA:194,0
DA:197,0
DA:198,0
DA:203,0
DA:211,0
DA:212,0
DA:213,0
DA:216,0
DA:217,0
DA:218,0
DA:222,0
DA:223,0
DA:224,0
DA:228,0
DA:230,0
DA:232,0
DA:233,0
DA:243,17
DA:244,0
DA:254,17
LF:96
LH:5
BRDA:24,0,0,0
BRDA:24,0,1,0
BRDA:41,1,0,0
BRDA:41,1,1,0
BRDA:47,2,0,0
BRDA:47,2,1,0
BRDA:52,3,0,0
BRDA:52,3,1,0
BRDA:89,4,0,0
BRDA:89,4,1,0
BRDA:91,5,0,0
BRDA:91,5,1,0
BRDA:91,6,0,0
BRDA:91,6,1,0
BRDA:91,6,2,0
BRDA:91,6,3,0
BRDA:100,7,0,0
BRDA:100,7,1,0
BRDA:134,8,0,0
BRDA:134,8,1,0
BRDA:138,9,0,0
BRDA:138,9,1,0
BRDA:142,10,0,0
BRDA:142,10,1,0
BRDA:147,11,0,0
BRDA:147,11,1,0
BRDA:155,12,0,0
BRDA:155,12,1,0
BRDA:170,13,0,0
BRDA:170,13,1,0
BRDA:193,14,0,0
BRDA:193,14,1,0
BRDA:197,15,0,0
BRDA:197,15,1,0
BRDA:217,16,0,0
BRDA:217,16,1,0
BRDA:223,17,0,0
BRDA:223,17,1,0
BRF:38
BRH:0
end_of_record
TN:
SF:src/middlewares/auth.middleware.js
FN:9,(anonymous_0)
FN:19,(anonymous_1)
FN:118,(anonymous_2)
FN:212,(anonymous_3)
FN:241,(anonymous_4)
FN:281,(anonymous_5)
FN:282,(anonymous_6)
FN:311,(anonymous_7)
FN:312,(anonymous_8)
FN:348,(anonymous_9)
FN:354,(anonymous_10)
FNF:11
FNH:2
FNDA:0,(anonymous_0)
FNDA:65,(anonymous_1)
FNDA:0,(anonymous_2)
FNDA:0,(anonymous_3)
FNDA:0,(anonymous_4)
FNDA:112,(anonymous_5)
FNDA:0,(anonymous_6)
FNDA:0,(anonymous_7)
FNDA:0,(anonymous_8)
FNDA:0,(anonymous_9)
FNDA:0,(anonymous_10)
DA:1,19
DA:2,19
DA:5,19
DA:6,19
DA:9,19
DA:10,0
DA:11,0
DA:12,0
DA:13,0
DA:19,19
DA:20,65
DA:22,65
DA:23,59
DA:24,59
DA:30,0
DA:33,0
DA:36,0
DA:37,0
DA:44,0
DA:45,0
DA:47,0
DA:48,0
DA:49,0
DA:53,0
DA:55,0
DA:56,0
DA:63,0
DA:64,0
DA:71,0
DA:74,0
DA:84,0
DA:90,0
DA:92,0
DA:94,6
DA:96,6
DA:97,0
DA:103,6
DA:104,0
DA:110,6
DA:118,19
DA:119,0
DA:121,0
DA:122,0
DA:123,0
DA:129,0
DA:132,0
DA:135,0
DA:136,0
DA:143,0
DA:144,0
DA:146,0
DA:147,0
DA:148,0
DA:152,0
DA:154,0
DA:155,0
DA:162,0
DA:163,0
DA:170,0
DA:178,0
DA:184,0
DA:186,0
DA:188,0
DA:190,0
DA:191,0
DA:197,0
DA:198,0
DA:204,0
DA:212,19
DA:213,0
DA:215,0
DA:216,0
DA:223,0
DA:224,0
DA:230,0
DA:232,0
DA:233,0
DA:241,19
DA:242,0
DA:243,0
DA:245,0
DA:246,0
DA:249,0
DA:251,0
DA:252,0
DA:255,0
DA:258,0
DA:259,0
DA:261,0
DA:262,0
DA:265,0
DA:271,0
DA:273,0
DA:274,0
DA:276,0
DA:281,19
DA:282,112
DA:283,0
DA:284,0
DA:290,0
DA:293,0
DA:294,0
DA:297,0
DA:298,0
DA:301,0
DA:311,19
DA:312,0
DA:313,0
DA:314,0
DA:316,0
DA:317,0
DA:324,0
DA:325,0
DA:326,0
DA:327,0
DA:328,0
DA:336,0
DA:338,0
DA:339,0
DA:348,19
DA:349,0
DA:350,0
DA:354,19
DA:355,0
DA:362,19
LF:125
LH:23
BRDA:12,0,0,0
BRDA:12,0,1,0
BRDA:23,1,0,59
BRDA:23,1,1,0
BRDA:23,2,0,59
BRDA:23,2,1,0
BRDA:36,3,0,0
BRDA:36,3,1,0
BRDA:47,4,0,0
BRDA:47,4,1,0
BRDA:47,5,0,0
BRDA:47,5,1,0
BRDA:55,6,0,0
BRDA:55,6,1,0
BRDA:63,7,0,0
BRDA:63,7,1,0
BRDA:71,8,0,0
BRDA:71,8,1,0
BRDA:96,9,0,0
BRDA:96,9,1,6
BRDA:103,10,0,0
BRDA:103,10,1,6
BRDA:122,11,0,0
BRDA:122,11,1,0
BRDA:122,12,0,0
BRDA:122,12,1,0
BRDA:135,13,0,0
BRDA:135,13,1,0
BRDA:146,14,0,0
BRDA:146,14,1,0
BRDA:146,15,0,0
BRDA:146,15,1,0
BRDA:154,16,0,0
BRDA:154,16,1,0
BRDA:162,17,0,0
BRDA:162,17,1,0
BRDA:190,18,0,0
BRDA:190,18,1,0
BRDA:197,19,0,0
BRDA:197,19,1,0
BRDA:215,20,0,0
BRDA:215,20,1,0
BRDA:223,21,0,0
BRDA:223,21,1,0
BRDA:245,22,0,0
BRDA:245,22,1,0
BRDA:249,23,0,0
BRDA:249,23,1,0
BRDA:251,24,0,0
BRDA:251,24,1,0
BRDA:255,25,0,0
BRDA:255,25,1,0
BRDA:261,26,0,0
BRDA:261,26,1,0
BRDA:273,27,0,0
BRDA:273,27,1,0
BRDA:283,28,0,0
BRDA:283,28,1,0
BRDA:283,29,0,0
BRDA:283,29,1,0
BRDA:290,30,0,0
BRDA:290,30,1,0
BRDA:293,31,0,0
BRDA:293,31,1,0
BRDA:293,32,0,0
BRDA:293,32,1,0
BRDA:297,33,0,0
BRDA:297,33,1,0
BRDA:314,34,0,0
BRDA:314,34,1,0
BRDA:316,35,0,0
BRDA:316,35,1,0
BRDA:325,36,0,0
BRDA:325,36,1,0
BRDA:327,37,0,0
BRDA:327,37,1,0
BRDA:348,38,0,0
BRF:77
BRH:4
end_of_record
TN:
SF:src/middlewares/errorHandler.js
FN:2,(anonymous_0)
FNF:1
FNH:1
FNDA:7,(anonymous_0)
DA:2,18
DA:3,7
DA:4,7
LF:3
LH:3
BRDA:3,0,0,7
BRDA:3,0,1,5
BRDA:5,1,0,7
BRDA:5,1,1,0
BRDA:6,2,0,7
BRDA:6,2,1,7
BRDA:7,3,0,7
BRDA:7,3,1,7
BRF:8
BRH:7
end_of_record
TN:
SF:src/middlewares/validation.middleware.js
FN:6,(anonymous_0)
FN:11,(anonymous_1)
FN:51,(anonymous_2)
FN:374,(anonymous_3)
FN:375,(anonymous_4)
FN:382,(anonymous_5)
FN:401,(anonymous_6)
FNF:7
FNH:4
FNDA:0,(anonymous_0)
FNDA:0,(anonymous_1)
FNDA:0,(anonymous_2)
FNDA:95,(anonymous_3)
FNDA:7,(anonymous_4)
FNDA:25,(anonymous_5)
FNDA:2,(anonymous_6)
DA:1,19
DA:2,19
DA:3,19
DA:6,19
DA:7,0
DA:8,0
DA:9,0
DA:11,0
DA:17,0
DA:21,19
DA:52,0
DA:53,0
DA:54,0
DA:55,0
DA:56,0
DA:58,0
DA:67,19
DA:110,19
DA:136,19
DA:154,19
DA:189,19
DA:203,19
DA:216,19
DA:235,19
DA:242,19
DA:277,19
DA:306,19
DA:337,19
DA:355,19
DA:374,19
DA:375,95
DA:376,7
DA:381,7
DA:382,25
DA:387,7
DA:395,0
DA:396,0
DA:401,19
DA:402,2
DA:403,2
DA:404,0
DA:409,2
DA:413,19
DA:422,19
DA:430,19
DA:436,19
LF:46
LH:32
BRDA:8,0,0,0
BRDA:8,0,1,0
BRDA:55,1,0,0
BRDA:55,1,1,0
BRDA:381,2,0,7
BRDA:381,2,1,0
BRDA:403,3,0,0
BRDA:403,3,1,2
BRF:8
BRH:2
end_of_record
TN:
SF:src/middlewares/vendedor.middleware.js
FN:6,(anonymous_0)
FNF:1
FNH:0
FNDA:0,(anonymous_0)
DA:1,17
DA:6,17
DA:7,0
DA:9,0
DA:10,0
DA:13,0
DA:14,0
DA:16,0
DA:17,0
DA:21,0
DA:22,0
DA:26,0
DA:28,0
DA:29,0
DA:33,17
LF:15
LH:3
BRDA:9,0,0,0
BRDA:9,0,1,0
BRDA:16,1,0,0
BRDA:16,1,1,0
BRDA:21,2,0,0
BRDA:21,2,1,0
BRF:6
BRH:0
end_of_record
TN:
SF:src/models/index.js
FNF:0
FNH:0
DA:21,28
DA:24,28
DA:26,28
LF:3
LH:3
BRF:0
BRH:0
end_of_record
TN:
SF:src/models/product.js
FN:3,(anonymous_0)
FNF:1
FNH:1
FNDA:28,(anonymous_0)
DA:1,28
DA:3,28
DA:4,28
DA:37,28
LF:4
LH:4
BRF:0
BRH:0
end_of_record
TN:
SF:src/models/sequelize.js
FNF:0
FNH:0
DA:1,28
DA:2,28
DA:4,28
DA:5,28
DA:9,28
DA:11,0
DA:18,28
DA:36,28
LF:8
LH:7
BRDA:4,0,0,28
BRDA:4,0,1,0
BRDA:9,1,0,0
BRDA:9,1,1,28
BRDA:25,2,0,28
BRDA:25,2,1,28
BRF:6
BRH:4
end_of_record
TN:
SF:src/models/orm/carrito.orm.js
FNF:0
FNH:0
DA:1,28
DA:2,28
DA:3,28
DA:5,28
DA:15,28
DA:16,28
DA:18,28
LF:7
LH:7
BRF:0
BRH:0
end_of_record
TN:
SF:src/models/orm/categoria.orm.js
FNF:0
FNH:0
DA:1,28
DA:2,28
DA:4,28
DA:16,28
LF:4
LH:4
BRF:0
BRH:0
end_of_record
TN:
SF:src/models/orm/detalle_carrito.orm.js
FNF:0
FNH:0
DA:1,28
DA:2,28
DA:3,28
DA:4,28
DA:6,28
DA:17,28
DA:18,28
DA:19,28
DA:20,28
DA:22,28
LF:10
LH:10
BRF:0
BRH:0
end_of_record
TN:
SF:src/models/orm/detalle_pedido.orm.js
FNF:0
FNH:0
DA:1,28
DA:2,28
DA:3,28
DA:4,28
DA:6,28
DA:18,28
DA:19,28
DA:20,28
DA:21,28
DA:23,28
LF:10
LH:10
BRF:0
BRH:0
end_of_record
TN:
SF:src/models/orm/direccion.orm.js
FNF:0
FNH:0
DA:1,28
DA:2,28
DA:3,28
DA:5,28
DA:22,28
DA:23,28
DA:25,28
LF:7
LH:7
BRF:0
BRH:0
end_of_record
TN:
SF:src/models/orm/estado_pedido.orm.js
FNF:0
FNH:0
DA:1,28
DA:2,28
DA:4,28
DA:13,28
LF:4
LH:4
BRF:0
BRH:0
end_of_record
TN:
SF:src/models/orm/historial_estado_pedido.orm.js
FNF:0
FNH:0
DA:1,28
DA:2,28
DA:3,28
DA:4,28
DA:6,28
DA:17,28
DA:18,28
DA:19,28
DA:20,28
DA:22,28
LF:10
LH:10
BRF:0
BRH:0
end_of_record
TN:
SF:src/models/orm/imagen_producto.orm.js
FNF:0
FNH:0
DA:1,28
DA:2,28
DA:3,28
DA:5,28
DA:17,28
DA:18,28
DA:20,28
LF:7
LH:7
BRF:0
BRH:0
end_of_record
TN:
SF:src/models/orm/index.js
FNF:0
FNH:0
DA:1,28
DA:2,28
DA:3,28
DA:4,28
DA:5,28
DA:6,28
DA:7,28
DA:8,28
DA:9,28
DA:10,28
DA:11,28
DA:12,28
DA:13,28
DA:14,28
DA:15,28
DA:16,28
DA:17,28
DA:18,28
DA:21,28
DA:26,28
DA:33,28
DA:37,28
DA:42,28
DA:46,28
DA:51,28
DA:55,28
DA:60,28
DA:63,28
DA:68,28
DA:72,28
DA:77,28
DA:81,28
DA:86,28
DA:89,28
DA:94,28
DA:98,28
DA:103,28
DA:106,28
DA:111,28
DA:115,28
DA:120,28
DA:123,28
DA:128,28
DA:131,28
DA:136,28
DA:139,28
DA:143,28
LF:47
LH:47
BRF:0
BRH:0
end_of_record
TN:
SF:src/models/orm/mesa.orm.js
FNF:0
FNH:0
DA:1,28
DA:2,28
DA:4,28
DA:68,28
LF:4
LH:4
BRF:0
BRH:0
end_of_record
TN:
SF:src/models/orm/metodo_pago.orm.js
FNF:0
FNH:0
DA:1,28
DA:2,28
DA:4,28
DA:14,28
LF:4
LH:4
BRF:0
BRH:0
end_of_record
TN:
SF:src/models/orm/pedido.orm.js
FNF:0
FNH:0
DA:1,28
DA:2,28
DA:3,28
DA:4,28
DA:5,28
DA:6,28
DA:7,28
DA:9,28
DA:123,28
DA:124,28
DA:125,28
DA:126,28
DA:127,28
DA:128,28
DA:129,28
DA:130,28
DA:131,28
DA:132,28
DA:134,28
LF:19
LH:19
BRF:0
BRH:0
end_of_record
TN:
SF:src/models/orm/producto.orm.js
FNF:0
FNH:0
DA:1,28
DA:2,28
DA:3,28
DA:4,28
DA:6,28
DA:83,28
DA:84,28
DA:85,28
DA:86,28
DA:88,28
LF:10
LH:10
BRF:0
BRH:0
end_of_record
TN:
SF:src/models/orm/resena.orm.js
FNF:0
FNH:0
DA:1,28
DA:2,28
DA:3,28
DA:4,28
DA:6,28
DA:18,28
DA:19,28
DA:20,28
DA:21,28
DA:23,28
LF:10
LH:10
BRF:0
BRH:0
end_of_record
TN:
SF:src/models/orm/rol.orm.js
FNF:0
FNH:0
DA:1,28
DA:2,28
DA:4,28
DA:13,28
LF:4
LH:4
BRF:0
BRH:0
end_of_record
TN:
SF:src/models/orm/usuario.orm.js
FNF:0
FNH:0
DA:1,28
DA:2,28
DA:4,28
DA:70,28
LF:4
LH:4
BRF:0
BRH:0
end_of_record
TN:
SF:src/models/orm/usuario_rol.orm.js
FNF:0
FNH:0
DA:1,28
DA:2,28
DA:4,28
DA:47,28
LF:4
LH:4
BRF:0
BRH:0
end_of_record
TN:
SF:src/models/orm/vendedor.orm.js
FNF:0
FNH:0
DA:1,28
DA:2,28
DA:4,28
DA:21,28
LF:4
LH:4
BRF:0
BRH:0
end_of_record
TN:
SF:src/routes/carritos.routes.js
FNF:0
FNH:0
DA:1,14
DA:2,14
DA:3,14
DA:4,14
DA:5,14
DA:76,14
DA:111,14
DA:142,14
DA:176,14
DA:223,14
DA:258,14
DA:300,14
DA:335,14
DA:370,14
DA:396,14
DA:420,14
DA:426,14
LF:17
LH:17
BRF:0
BRH:0
end_of_record
TN:
SF:src/routes/categorias.routes.js
FNF:0
FNH:0
DA:1,14
DA:2,14
DA:3,14
DA:45,14
DA:87,14
DA:126,14
DA:169,14
DA:204,14
DA:206,14
LF:9
LH:9
BRF:0
BRH:0
end_of_record
TN:
SF:src/routes/detalles_carrito.routes.js
FN:106,(anonymous_0)
FNF:1
FNH:0
FNDA:0,(anonymous_0)
DA:8,14
DA:9,14
DA:10,14
DA:11,14
DA:12,14
DA:37,14
DA:64,14
DA:106,14
DA:107,0
DA:108,0
DA:150,14
DA:177,14
DA:179,14
LF:13
LH:11
BRF:0
BRH:0
end_of_record
TN:
SF:src/routes/direcciones.routes.js
FNF:0
FNH:0
DA:8,14
DA:9,14
DA:10,14
DA:11,14
DA:29,14
DA:56,14
DA:103,14
DA:159,14
DA:186,14
DA:213,14
DA:215,14
LF:11
LH:11
BRF:0
BRH:0
end_of_record
TN:
SF:src/routes/estados_pedido.routes.js
FNF:0
FNH:0
DA:8,14
DA:9,14
DA:10,14
DA:11,14
DA:25,14
DA:48,14
DA:81,14
DA:121,14
DA:148,14
DA:150,14
LF:10
LH:10
BRF:0
BRH:0
end_of_record
TN:
SF:src/routes/mesas.routes.js
FNF:0
FNH:0
DA:1,14
DA:2,14
DA:3,14
DA:4,14
DA:49,14
DA:68,14
DA:93,14
DA:129,14
DA:170,14
DA:205,14
DA:228,14
DA:230,14
LF:12
LH:12
BRF:0
BRH:0
end_of_record
TN:
SF:src/routes/metodos_pago.routes.js
FNF:0
FNH:0
DA:8,14
DA:9,14
DA:10,14
DA:11,14
DA:25,14
DA:48,14
DA:83,14
DA:125,14
DA:152,14
DA:154,14
LF:10
LH:10
BRF:0
BRH:0
end_of_record
TN:
SF:src/routes/pedidos.routes.js
FNF:0
FNH:0
DA:1,14
DA:2,14
DA:3,14
DA:4,14
DA:5,14
DA:144,14
DA:177,14
DA:202,14
DA:237,14
DA:269,14
DA:327,14
DA:375,14
DA:425,14
DA:467,14
DA:504,14
DA:534,14
DA:540,14
LF:17
LH:17
BRF:0
BRH:0
end_of_record
TN:
SF:src/routes/productos.routes.js
FNF:0
FNH:0
DA:1,14
DA:2,14
DA:3,14
DA:4,14
DA:5,14
DA:93,14
DA:119,14
DA:182,14
DA:235,14
DA:272,14
DA:324,14
DA:327,14
DA:328,14
DA:329,14
DA:331,14
LF:15
LH:15
BRF:0
BRH:0
end_of_record
TN:
SF:src/routes/resenas.routes.js
FNF:0
FNH:0
DA:8,14
DA:9,14
DA:10,14
DA:11,14
DA:34,14
DA:78,14
DA:120,14
DA:147,14
DA:149,14
LF:9
LH:9
BRF:0
BRH:0
end_of_record
TN:
SF:src/routes/roles.routes.js
FNF:0
FNH:0
DA:8,14
DA:9,14
DA:10,14
DA:11,14
DA:29,14
DA:56,14
DA:89,14
DA:129,14
DA:156,14
DA:158,14
LF:10
LH:10
BRF:0
BRH:0
end_of_record
TN:
SF:src/routes/usuarios.routes.js
FNF:0
FNH:0
DA:1,14
DA:2,14
DA:3,14
DA:4,14
DA:107,14
DA:145,14
DA:171,14
DA:192,14
DA:235,14
DA:269,14
DA:311,14
DA:314,14
DA:338,14
DA:393,14
DA:447,14
DA:480,14
DA:513,14
DA:515,14
LF:18
LH:18
BRF:0
BRH:0
end_of_record
TN:
SF:src/routes/vendedores.routes.js
FNF:0
FNH:0
DA:8,14
DA:9,14
DA:10,14
DA:11,14
DA:41,14
DA:59,14
DA:86,14
DA:130,14
DA:176,14
DA:219,14
DA:246,14
DA:248,14
LF:12
LH:12
BRF:0
BRH:0
end_of_record
TN:
SF:src/services/carrito.service.js
FN:8,(anonymous_0)
FN:61,(anonymous_1)
FN:113,(anonymous_2)
FN:134,(anonymous_3)
FN:176,(anonymous_4)
FN:220,(anonymous_5)
FN:253,(anonymous_6)
FN:265,(anonymous_7)
FN:289,(anonymous_8)
FN:320,(anonymous_9)
FN:351,(anonymous_10)
FN:369,(anonymous_11)
FN:404,(anonymous_12)
FN:431,(anonymous_13)
FN:460,(anonymous_14)
FNF:15
FNH:1
FNDA:0,(anonymous_0)
FNDA:2,(anonymous_1)
FNDA:0,(anonymous_2)
FNDA:0,(anonymous_3)
FNDA:0,(anonymous_4)
FNDA:0,(anonymous_5)
FNDA:0,(anonymous_6)
FNDA:0,(anonymous_7)
FNDA:0,(anonymous_8)
FNDA:0,(anonymous_9)
FNDA:0,(anonymous_10)
FNDA:0,(anonymous_11)
FNDA:0,(anonymous_12)
FNDA:0,(anonymous_13)
FNDA:0,(anonymous_14)
DA:1,21
DA:2,21
DA:3,21
DA:9,0
DA:10,0
DA:29,0
DA:30,0
DA:36,0
DA:53,0
DA:55,0
DA:56,0
DA:62,2
DA:63,2
DA:64,2
DA:66,2
DA:67,2
DA:68,0
DA:71,2
DA:97,0
DA:107,2
DA:108,2
DA:114,0
DA:115,0
DA:126,0
DA:128,0
DA:129,0
DA:135,0
DA:137,0
DA:139,0
DA:147,0
DA:149,0
DA:154,0
DA:162,0
DA:164,0
DA:167,0
DA:169,0
DA:170,0
DA:171,0
DA:177,0
DA:179,0
DA:180,0
DA:182,0
DA:190,0
DA:192,0
DA:197,0
DA:206,0
DA:208,0
DA:211,0
DA:213,0
DA:214,0
DA:215,0
DA:221,0
DA:223,0
DA:224,0
DA:232,0
DA:233,0
DA:236,0
DA:239,0
DA:241,0
DA:244,0
DA:246,0
DA:247,0
DA:248,0
DA:254,0
DA:256,0
DA:258,0
DA:264,0
DA:265,0
DA:271,0
DA:275,0
DA:277,0
DA:280,0
DA:282,0
DA:283,0
DA:284,0
DA:290,0
DA:292,0
DA:293,0
DA:301,0
DA:302,0
DA:306,0
DA:308,0
DA:311,0
DA:313,0
DA:314,0
DA:315,0
DA:321,0
DA:323,0
DA:325,0
DA:331,0
DA:339,0
DA:342,0
DA:344,0
DA:345,0
DA:346,0
DA:352,0
DA:353,0
DA:354,0
DA:357,0
DA:369,0
DA:371,0
DA:372,0
DA:376,0
DA:385,0
DA:396,0
DA:398,0
DA:399,0
DA:405,0
DA:406,0
DA:423,0
DA:425,0
DA:426,0
DA:432,0
DA:433,0
DA:444,0
DA:452,0
DA:454,0
DA:455,0
DA:461,0
DA:462,0
DA:466,0
DA:467,0
DA:470,0
DA:471,0
DA:474,0
DA:475,0
DA:478,0
DA:480,0
DA:481,0
DA:486,21
LF:130
LH:12
BRDA:29,0,0,0
BRDA:29,0,1,0
BRDA:61,1,0,2
BRDA:63,2,0,2
BRDA:63,3,0,2
BRDA:67,4,0,0
BRDA:67,4,1,2
BRDA:147,5,0,0
BRDA:147,5,1,0
BRDA:190,6,0,0
BRDA:190,6,1,0
BRDA:232,7,0,0
BRDA:232,7,1,0
BRDA:264,8,0,0
BRDA:264,8,1,0
BRDA:301,9,0,0
BRDA:301,9,1,0
BRDA:351,10,0,0
BRDA:371,11,0,0
BRDA:371,11,1,0
BRDA:431,12,0,0
BRDA:466,13,0,0
BRDA:466,13,1,0
BRDA:470,14,0,0
BRDA:470,14,1,0
BRDA:474,15,0,0
BRDA:474,15,1,0
BRF:27
BRH:4
end_of_record
TN:
SF:src/services/detalle_carrito.service.js
FN:9,(anonymous_0)
FN:18,(anonymous_1)
FN:30,(anonymous_2)
FN:50,(anonymous_3)
FN:73,(anonymous_4)
FN:98,(anonymous_5)
FNF:6
FNH:3
FNDA:0,(anonymous_0)
FNDA:0,(anonymous_1)
FNDA:0,(anonymous_2)
FNDA:2,(anonymous_3)
FNDA:1,(anonymous_4)
FNDA:1,(anonymous_5)
DA:1,19
DA:10,0
DA:11,0
DA:18,0
DA:20,0
DA:21,0
DA:31,0
DA:32,0
DA:38,0
DA:40,0
DA:41,0
DA:51,2
DA:52,2
DA:54,2
DA:60,2
DA:62,0
DA:63,0
DA:74,1
DA:75,1
DA:77,1
DA:79,1
DA:80,0
DA:83,1
DA:84,1
DA:86,1
DA:88,0
DA:89,0
DA:99,1
DA:100,1
DA:102,1
DA:103,0
DA:106,1
DA:108,1
DA:110,0
DA:111,0
DA:116,19
LF:36
LH:18
BRDA:38,0,0,0
BRDA:38,0,1,0
BRDA:79,1,0,0
BRDA:79,1,1,1
BRDA:102,2,0,0
BRDA:102,2,1,1
BRF:6
BRH:2
end_of_record
TN:
SF:src/services/direccion.service.js
FN:9,(anonymous_0)
FN:15,(anonymous_1)
FN:27,(anonymous_2)
FN:42,(anonymous_3)
FN:62,(anonymous_4)
FN:98,(anonymous_5)
FN:136,(anonymous_6)
FN:166,(anonymous_7)
FNF:8
FNH:2
FNDA:0,(anonymous_0)
FNDA:0,(anonymous_1)
FNDA:0,(anonymous_2)
FNDA:0,(anonymous_3)
FNDA:2,(anonymous_4)
FNDA:1,(anonymous_5)
FNDA:0,(anonymous_6)
FNDA:0,(anonymous_7)
DA:1,21
DA:10,0
DA:11,0
DA:15,0
DA:17,0
DA:18,0
DA:28,0
DA:29,0
DA:30,0
DA:32,0
DA:33,0
DA:43,0
DA:44,0
DA:50,0
DA:52,0
DA:53,0
DA:63,2
DA:64,2
DA:67,2
DA:68,0
DA:74,2
DA:85,2
DA:87,0
DA:88,0
DA:99,1
DA:100,1
DA:102,1
DA:103,0
DA:107,1
DA:108,0
DA:114,1
DA:115,1
DA:116,1
DA:117,1
DA:118,1
DA:119,1
DA:120,1
DA:122,1
DA:124,1
DA:126,0
DA:127,0
DA:137,0
DA:138,0
DA:140,0
DA:141,0
DA:145,0
DA:151,0
DA:152,0
DA:154,0
DA:156,0
DA:157,0
DA:167,0
DA:168,0
DA:170,0
DA:171,0
DA:174,0
DA:177,0
DA:178,0
DA:182,0
DA:183,0
DA:184,0
DA:188,0
DA:190,0
DA:191,0
DA:196,21
LF:65
LH:20
BRDA:30,0,0,0
BRDA:30,0,1,0
BRDA:50,1,0,0
BRDA:50,1,1,0
BRDA:67,2,0,0
BRDA:67,2,1,2
BRDA:82,3,0,2
BRDA:82,3,1,2
BRDA:102,4,0,0
BRDA:102,4,1,1
BRDA:107,5,0,0
BRDA:107,5,1,1
BRDA:107,6,0,1
BRDA:107,6,1,0
BRDA:114,7,0,0
BRDA:114,7,1,1
BRDA:115,8,0,0
BRDA:115,8,1,1
BRDA:116,9,0,0
BRDA:116,9,1,1
BRDA:117,10,0,0
BRDA:117,10,1,1
BRDA:118,11,0,0
BRDA:118,11,1,1
BRDA:119,12,0,0
BRDA:119,12,1,1
BRDA:120,13,0,0
BRDA:120,13,1,1
BRDA:140,14,0,0
BRDA:140,14,1,0
BRDA:170,15,0,0
BRDA:170,15,1,0
BRDA:177,16,0,0
BRDA:177,16,1,0
BRDA:182,17,0,0
BRDA:182,17,1,0
BRF:36
BRH:13
end_of_record
TN:
SF:src/services/estado_pedido.service.js
FN:8,(anonymous_0)
FN:13,(anonymous_1)
FN:25,(anonymous_2)
FN:40,(anonymous_3)
FN:63,(anonymous_4)
FN:99,(anonymous_5)
FNF:6
FNH:6
FNDA:9,(anonymous_0)
FNDA:5,(anonymous_1)
FNDA:4,(anonymous_2)
FNDA:5,(anonymous_3)
FNDA:3,(anonymous_4)
FNDA:2,(anonymous_5)
DA:1,20
DA:9,9
DA:10,9
DA:13,6
DA:15,3
DA:16,3
DA:26,4
DA:27,4
DA:28,4
DA:30,0
DA:31,0
DA:41,5
DA:42,5
DA:44,5
DA:50,5
DA:52,0
DA:53,0
DA:64,3
DA:65,3
DA:67,3
DA:68,0
DA:71,3
DA:73,3
DA:74,2
DA:77,3
DA:78,0
DA:81,3
DA:82,0
DA:85,3
DA:87,3
DA:89,0
DA:90,0
DA:100,2
DA:101,2
DA:103,2
DA:104,0
DA:107,2
DA:109,2
DA:111,0
DA:112,0
DA:117,20
LF:41
LH:29
BRDA:28,0,0,3
BRDA:28,0,1,1
BRDA:67,1,0,0
BRDA:67,1,1,3
BRDA:73,2,0,2
BRDA:73,2,1,1
BRDA:77,3,0,0
BRDA:77,3,1,3
BRDA:81,4,0,0
BRDA:81,4,1,3
BRDA:103,5,0,0
BRDA:103,5,1,2
BRF:12
BRH:8
end_of_record
TN:
SF:src/services/mesa.service.js
FN:8,(anonymous_0)
FN:25,(anonymous_1)
FN:46,(anonymous_2)
FN:63,(anonymous_3)
FN:81,(anonymous_4)
FN:104,(anonymous_5)
FN:120,(anonymous_6)
FN:143,(anonymous_7)
FNF:8
FNH:6
FNDA:3,(anonymous_0)
FNDA:1,(anonymous_1)
FNDA:2,(anonymous_2)
FNDA:0,(anonymous_3)
FNDA:0,(anonymous_4)
FNDA:5,(anonymous_5)
FNDA:3,(anonymous_6)
FNDA:2,(anonymous_7)
DA:1,20
DA:9,3
DA:10,3
DA:14,2
DA:16,1
DA:17,1
DA:26,1
DA:27,1
DA:34,1
DA:36,0
DA:37,0
DA:47,2
DA:48,2
DA:51,2
DA:53,0
DA:54,0
DA:64,0
DA:65,0
DA:68,0
DA:70,0
DA:71,0
DA:82,0
DA:83,0
DA:85,0
DA:86,0
DA:89,0
DA:90,0
DA:92,0
DA:94,0
DA:95,0
DA:105,5
DA:106,5
DA:107,5
DA:109,0
DA:110,0
DA:121,3
DA:122,3
DA:124,3
DA:125,0
DA:128,3
DA:129,3
DA:131,3
DA:133,0
DA:134,0
DA:144,2
DA:145,2
DA:147,2
DA:148,0
DA:151,2
DA:152,2
DA:154,2
DA:156,0
DA:157,0
DA:162,20
LF:54
LH:28
BRDA:85,0,0,0
BRDA:85,0,1,0
BRDA:124,1,0,0
BRDA:124,1,1,3
BRDA:147,2,0,0
BRDA:147,2,1,2
BRF:6
BRH:2
end_of_record
TN:
SF:src/services/metodo_pago.service.js
FN:8,(anonymous_0)
FN:13,(anonymous_1)
FN:25,(anonymous_2)
FN:40,(anonymous_3)
FN:63,(anonymous_4)
FN:99,(anonymous_5)
FNF:6
FNH:6
FNDA:9,(anonymous_0)
FNDA:8,(anonymous_1)
FNDA:4,(anonymous_2)
FNDA:5,(anonymous_3)
FNDA:3,(anonymous_4)
FNDA:2,(anonymous_5)
DA:1,20
DA:9,9
DA:10,9
DA:13,9
DA:15,0
DA:16,0
DA:26,4
DA:27,4
DA:28,4
DA:30,0
DA:31,0
DA:41,5
DA:42,5
DA:44,5
DA:50,5
DA:52,0
DA:53,0
DA:64,3
DA:65,3
DA:67,3
DA:68,0
DA:71,3
DA:73,3
DA:74,2
DA:77,3
DA:78,0
DA:81,3
DA:82,0
DA:85,3
DA:87,3
DA:89,0
DA:90,0
DA:100,2
DA:101,2
DA:103,2
DA:104,0
DA:107,2
DA:109,2
DA:111,0
DA:112,0
DA:117,20
LF:41
LH:27
BRDA:28,0,0,4
BRDA:28,0,1,0
BRDA:42,1,0,4
BRDA:67,2,0,0
BRDA:67,2,1,3
BRDA:73,3,0,2
BRDA:73,3,1,1
BRDA:77,4,0,0
BRDA:77,4,1,3
BRDA:81,5,0,0
BRDA:81,5,1,3
BRDA:103,6,0,0
BRDA:103,6,1,2
BRF:13
BRH:8
end_of_record
TN:
SF:src/services/pedido.service.js
FN:10,(anonymous_0)
FN:45,(anonymous_1)
FN:57,(anonymous_2)
FN:88,(anonymous_3)
FN:167,(anonymous_4)
FN:201,(anonymous_5)
FNF:6
FNH:4
FNDA:2,(anonymous_0)
FNDA:0,(anonymous_1)
FNDA:3,(anonymous_2)
FNDA:2,(anonymous_3)
FNDA:2,(anonymous_4)
FNDA:0,(anonymous_5)
DA:1,21
DA:2,21
DA:11,2
DA:12,2
DA:15,2
DA:16,0
DA:20,2
DA:21,0
DA:25,2
DA:45,2
DA:47,0
DA:48,0
DA:58,3
DA:59,3
DA:77,3
DA:79,0
DA:89,2
DA:91,0
DA:98,0
DA:101,0
DA:106,0
DA:109,0
DA:110,0
DA:111,0
DA:114,0
DA:115,0
DA:118,0
DA:131,0
DA:132,0
DA:142,0
DA:149,0
DA:152,0
DA:154,0
DA:155,0
DA:156,0
DA:168,2
DA:170,2
DA:171,2
DA:173,2
DA:174,2
DA:177,0
DA:178,0
DA:180,0
DA:187,0
DA:189,0
DA:191,2
DA:192,2
DA:202,0
DA:204,0
DA:212,0
DA:215,0
DA:220,0
DA:223,0
DA:224,0
DA:225,0
DA:228,0
DA:229,0
DA:232,0
DA:247,0
DA:248,0
DA:257,0
DA:258,0
DA:262,0
DA:269,0
DA:272,0
DA:274,0
DA:275,0
DA:276,0
DA:281,21
LF:69
LH:20
BRDA:10,0,0,2
BRDA:15,1,0,0
BRDA:15,1,1,2
BRDA:20,2,0,0
BRDA:20,2,1,2
BRDA:77,3,0,2
BRDA:77,3,1,1
BRDA:167,4,0,2
BRDA:173,5,0,2
BRDA:173,5,1,0
BRDA:209,6,0,0
BRF:11
BRH:7
end_of_record
TN:
SF:src/services/producto.service.js
FN:10,(anonymous_0)
FN:40,(anonymous_1)
FN:52,(anonymous_2)
FN:75,(anonymous_3)
FN:124,(anonymous_4)
FN:157,(anonymous_5)
FN:185,(anonymous_6)
FN:217,(anonymous_7)
FNF:8
FNH:6
FNDA:42,(anonymous_0)
FNDA:2,(anonymous_1)
FNDA:23,(anonymous_2)
FNDA:1,(anonymous_3)
FNDA:1,(anonymous_4)
FNDA:1,(anonymous_5)
FNDA:0,(anonymous_6)
FNDA:0,(anonymous_7)
DA:1,21
DA:2,21
DA:11,42
DA:12,42
DA:14,42
DA:15,9
DA:18,42
DA:19,11
DA:22,42
DA:23,1
DA:26,42
DA:27,0
DA:30,42
DA:40,32
DA:42,10
DA:43,10
DA:53,23
DA:54,23
DA:63,17
DA:65,6
DA:66,6
DA:76,1
DA:86,1
DA:88,1
DA:100,1
DA:101,0
DA:102,0
DA:111,1
DA:113,0
DA:114,0
DA:125,1
DA:126,1
DA:128,1
DA:129,0
DA:133,1
DA:134,1
DA:135,1
DA:136,1
DA:137,1
DA:138,1
DA:139,1
DA:142,1
DA:145,1
DA:147,0
DA:148,0
DA:158,1
DA:159,1
DA:161,1
DA:162,0
DA:166,1
DA:169,0
DA:171,0
DA:173,1
DA:174,1
DA:186,0
DA:188,0
DA:193,0
DA:196,0
DA:203,0
DA:205,0
DA:206,0
DA:218,0
DA:219,0
DA:221,0
DA:222,0
DA:225,0
DA:227,0
DA:228,0
DA:231,0
DA:232,0
DA:234,0
DA:236,0
DA:237,0
DA:242,21
LF:74
LH:44
BRDA:10,0,0,2
BRDA:14,1,0,9
BRDA:14,1,1,33
BRDA:18,2,0,11
BRDA:18,2,1,31
BRDA:22,3,0,1
BRDA:22,3,1,41
BRDA:26,4,0,0
BRDA:26,4,1,42
BRDA:63,5,0,6
BRDA:63,5,1,11
BRDA:84,6,0,1
BRDA:94,7,0,1
BRDA:94,7,1,1
BRDA:100,8,0,0
BRDA:100,8,1,1
BRDA:100,9,0,1
BRDA:100,9,1,0
BRDA:128,10,0,0
BRDA:128,10,1,1
BRDA:133,11,0,0
BRDA:133,11,1,1
BRDA:134,12,0,0
BRDA:134,12,1,1
BRDA:135,13,0,0
BRDA:135,13,1,1
BRDA:136,14,0,1
BRDA:136,14,1,0
BRDA:137,15,0,0
BRDA:137,15,1,1
BRDA:138,16,0,0
BRDA:138,16,1,1
BRDA:139,17,0,0
BRDA:139,17,1,1
BRDA:161,18,0,0
BRDA:161,18,1,1
BRDA:185,19,0,0
BRDA:193,20,0,0
BRDA:193,20,1,0
BRDA:217,21,0,0
BRDA:221,22,0,0
BRDA:221,22,1,0
BRDA:227,23,0,0
BRDA:227,23,1,0
BRF:44
BRH:24
end_of_record
TN:
SF:src/services/resena.service.js
FN:9,(anonymous_0)
FN:19,(anonymous_1)
FN:31,(anonymous_2)
FN:54,(anonymous_3)
FN:81,(anonymous_4)
FN:115,(anonymous_5)
FNF:6
FNH:3
FNDA:0,(anonymous_0)
FNDA:0,(anonymous_1)
FNDA:4,(anonymous_2)
FNDA:3,(anonymous_3)
FNDA:1,(anonymous_4)
FNDA:0,(anonymous_5)
DA:1,20
DA:10,0
DA:11,0
DA:19,0
DA:21,0
DA:22,0
DA:32,4
DA:33,4
DA:42,4
DA:44,0
DA:45,0
DA:55,3
DA:56,3
DA:58,3
DA:66,3
DA:68,3
DA:70,0
DA:71,0
DA:82,1
DA:83,1
DA:85,1
DA:86,0
DA:89,1
DA:91,1
DA:92,1
DA:95,1
DA:96,0
DA:99,1
DA:101,1
DA:103,1
DA:105,0
DA:106,0
DA:116,0
DA:117,0
DA:119,0
DA:120,0
DA:123,0
DA:125,0
DA:127,0
DA:129,0
DA:130,0
DA:135,20
LF:42
LH:20
BRDA:42,0,0,4
BRDA:42,0,1,0
BRDA:85,1,0,0
BRDA:85,1,1,1
BRDA:91,2,0,1
BRDA:91,2,1,0
BRDA:95,3,0,0
BRDA:95,3,1,1
BRDA:119,4,0,0
BRDA:119,4,1,0
BRF:10
BRH:4
end_of_record
TN:
SF:src/services/rol.service.js
FN:8,(anonymous_0)
FN:13,(anonymous_1)
FN:25,(anonymous_2)
FN:40,(anonymous_3)
FN:62,(anonymous_4)
FN:94,(anonymous_5)
FNF:6
FNH:6
FNDA:2,(anonymous_0)
FNDA:2,(anonymous_1)
FNDA:2,(anonymous_2)
FNDA:4,(anonymous_3)
FNDA:3,(anonymous_4)
FNDA:2,(anonymous_5)
DA:1,21
DA:9,2
DA:10,2
DA:13,2
DA:15,0
DA:16,0
DA:26,2
DA:27,2
DA:28,2
DA:30,0
DA:31,0
DA:41,4
DA:42,4
DA:44,4
DA:49,4
DA:51,0
DA:52,0
DA:63,3
DA:64,3
DA:66,3
DA:67,0
DA:70,3
DA:72,3
DA:73,1
DA:76,3
DA:77,1
DA:80,3
DA:82,3
DA:84,0
DA:85,0
DA:95,2
DA:96,2
DA:98,2
DA:99,0
DA:102,2
DA:104,2
DA:106,2
DA:108,0
DA:109,0
DA:114,21
LF:40
LH:28
BRDA:28,0,0,2
BRDA:28,0,1,0
BRDA:66,1,0,0
BRDA:66,1,1,3
BRDA:72,2,0,1
BRDA:72,2,1,2
BRDA:76,3,0,1
BRDA:76,3,1,2
BRDA:98,4,0,0
BRDA:98,4,1,2
BRF:10
BRH:7
end_of_record
TN:
SF:src/services/usuario.service.js
FN:10,(anonymous_0)
FN:43,(anonymous_1)
FN:76,(anonymous_2)
FN:114,(anonymous_3)
FN:145,(anonymous_4)
FN:172,(anonymous_5)
FN:186,(anonymous_6)
FN:221,(anonymous_7)
FNF:8
FNH:0
FNDA:0,(anonymous_0)
FNDA:0,(anonymous_1)
FNDA:0,(anonymous_2)
FNDA:0,(anonymous_3)
FNDA:0,(anonymous_4)
FNDA:0,(anonymous_5)
FNDA:0,(anonymous_6)
FNDA:0,(anonymous_7)
DA:1,21
DA:2,21
DA:11,0
DA:12,0
DA:21,0
DA:23,0
DA:26,0
DA:27,0
DA:28,0
DA:31,0
DA:33,0
DA:34,0
DA:44,0
DA:45,0
DA:54,0
DA:56,0
DA:59,0
DA:60,0
DA:61,0
DA:64,0
DA:66,0
DA:67,0
DA:77,0
DA:79,0
DA:81,0
DA:82,0
DA:84,0
DA:95,0
DA:96,0
DA:97,0
DA:101,0
DA:103,0
DA:104,0
DA:115,0
DA:117,0
DA:118,0
DA:120,0
DA:121,0
DA:124,0
DA:125,0
DA:126,0
DA:127,0
DA:128,0
DA:130,0
DA:132,0
DA:134,0
DA:135,0
DA:146,0
DA:147,0
DA:149,0
DA:150,0
DA:153,0
DA:154,0
DA:156,0
DA:157,0
DA:159,0
DA:161,0
DA:162,0
DA:173,0
DA:174,0
DA:176,0
DA:177,0
DA:187,0
DA:188,0
DA:190,0
DA:221,0
DA:230,0
DA:231,0
DA:236,21
LF:69
LH:3
BRDA:21,0,0,0
BRDA:21,0,1,0
BRDA:26,1,0,0
BRDA:26,1,1,0
BRDA:26,2,0,0
BRDA:26,2,1,0
BRDA:54,3,0,0
BRDA:54,3,1,0
BRDA:59,4,0,0
BRDA:59,4,1,0
BRDA:59,5,0,0
BRDA:59,5,1,0
BRDA:77,6,0,0
BRDA:96,7,0,0
BRDA:96,7,1,0
BRDA:120,8,0,0
BRDA:120,8,1,0
BRDA:149,9,0,0
BRDA:149,9,1,0
BRF:19
BRH:0
end_of_record
TN:
SF:src/utils/constants.js
FNF:0
FNH:0
DA:5,21
LF:1
LH:1
BRF:0
BRH:0
end_of_record
TN:
SF:tests/seed-test-data.js
FN:5,seedTestData
FN:224,(anonymous_1)
FN:228,(anonymous_2)
FNF:3
FNH:1
FNDA:1,seedTestData
FNDA:0,(anonymous_1)
FNDA:0,(anonymous_2)
DA:1,1
DA:2,1
DA:6,1
DA:7,1
DA:10,1
DA:11,1
DA:12,1
DA:13,1
DA:14,0
DA:15,0
DA:16,0
DA:17,0
DA:18,0
DA:19,0
DA:20,0
DA:21,0
DA:22,0
DA:25,0
DA:33,0
DA:43,0
DA:52,0
DA:62,0
DA:73,0
DA:74,0
DA:76,0
DA:87,0
DA:99,0
DA:106,0
DA:140,0
DA:149,0
DA:166,0
DA:176,0
DA:200,0
DA:201,0
DA:202,0
DA:203,0
DA:204,0
DA:205,0
DA:206,0
DA:207,0
DA:208,0
DA:209,0
DA:210,0
DA:211,0
DA:214,1
DA:215,1
DA:219,1
DA:222,1
DA:223,0
DA:225,0
DA:226,0
DA:229,0
DA:230,0
LF:53
LH:12
BRDA:222,0,0,0
BRDA:222,0,1,1
BRF:2
BRH:1
end_of_record
TN:
SF:tests/utils/test-helpers.js
FN:9,(anonymous_0)
FN:19,(anonymous_1)
FN:36,(anonymous_2)
FNF:3
FNH:2
FNDA:1,(anonymous_0)
FNDA:0,(anonymous_1)
FNDA:1,(anonymous_2)
DA:1,1
DA:2,1
DA:9,1
DA:10,1
DA:11,1
DA:19,1
DA:20,0
DA:36,1
DA:37,1
DA:38,1
DA:40,1
DA:51,1
DA:82,1
LF:13
LH:12
BRDA:24,0,0,0
BRDA:24,0,1,0
BRDA:37,1,0,1
BRDA:37,1,1,1
BRF:4
BRH:2
end_of_record
